# JRE version: Java(TM) SE Runtime Environment (8.0_45-b14) (build 1.8.0_45-b14)
# Java VM: Java HotSpot(TM) 64-Bit Server VM (25.45-b02 mixed mode windows-amd64 compressed oops)
Heap:
 PSYoungGen      total 670720K, used 411068K [0x00000000d5980000, 0x0000000100000000, 0x0000000100000000)
  eden space 646656K, 63% used [0x00000000d5980000,0x00000000eeaef2f8,0x00000000fd100000)
  from space 24064K, 0% used [0x00000000fd100000,0x00000000fd100000,0x00000000fe880000)
  to   space 24064K, 0% used [0x00000000fe880000,0x00000000fe880000,0x0000000100000000)
 ParOldGen       total 162304K, used 87545K [0x0000000080c00000, 0x000000008aa80000, 0x00000000d5980000)
  object space 162304K, 53% used [0x0000000080c00000,0x000000008617e510,0x000000008aa80000)
 Metaspace       used 19360K, capacity 20036K, committed 20352K, reserved 1067008K
  class space    used 2209K, capacity 2387K, committed 2432K, reserved 1048576K
GC Heap History (10 events):
Event: 13.726 GC heap before
{Heap before GC invocations=12 (full 0):
 PSYoungGen      total 437248K, used 426912K [0x00000000d5980000, 0x0000000100000000, 0x0000000100000000)
  eden space 423936K, 100% used [0x00000000d5980000,0x00000000ef780000,0x00000000ef780000)
  from space 13312K, 22% used [0x00000000ef780000,0x00000000efa68000,0x00000000f0480000)
  to   space 13312K, 0% used [0x00000000ff300000,0x00000000ff300000,0x0000000100000000)
 ParOldGen       total 87552K, used 24556K [0x0000000080c00000, 0x0000000086180000, 0x00000000d5980000)
  object space 87552K, 28% used [0x0000000080c00000,0x00000000823fb0c8,0x0000000086180000)
 Metaspace       used 19051K, capacity 19678K, committed 19840K, reserved 1067008K
  class space    used 2194K, capacity 2354K, committed 2432K, reserved 1048576K
Event: 13.734 GC heap after
Heap after GC invocations=12 (full 0):
 PSYoungGen      total 681472K, used 4696K [0x00000000d5980000, 0x0000000100000000, 0x0000000100000000)
  eden space 668160K, 0% used [0x00000000d5980000,0x00000000d5980000,0x00000000fe600000)
  from space 13312K, 35% used [0x00000000ff300000,0x00000000ff796070,0x0000000100000000)
  to   space 13312K, 0% used [0x00000000fe600000,0x00000000fe600000,0x00000000ff300000)
 ParOldGen       total 87552K, used 26084K [0x0000000080c00000, 0x0000000086180000, 0x00000000d5980000)
  object space 87552K, 29% used [0x0000000080c00000,0x00000000825790c8,0x0000000086180000)
 Metaspace       used 19051K, capacity 19678K, committed 19840K, reserved 1067008K
  class space    used 2194K, capacity 2354K, committed 2432K, reserved 1048576K
}
Event: 14.556 GC heap before
{Heap before GC invocations=13 (full 0):
 PSYoungGen      total 681472K, used 672856K [0x00000000d5980000, 0x0000000100000000, 0x0000000100000000)
  eden space 668160K, 100% used [0x00000000d5980000,0x00000000fe600000,0x00000000fe600000)
  from space 13312K, 35% used [0x00000000ff300000,0x00000000ff796070,0x0000000100000000)
  to   space 13312K, 0% used [0x00000000fe600000,0x00000000fe600000,0x00000000ff300000)
 ParOldGen       total 87552K, used 26084K [0x0000000080c00000, 0x0000000086180000, 0x00000000d5980000)
  object space 87552K, 29% used [0x0000000080c00000,0x00000000825790c8,0x0000000086180000)
 Metaspace       used 19174K, capacity 19838K, committed 20096K, reserved 1067008K
  class space    used 2201K, capacity 2386K, committed 2432K, reserved 1048576K
Event: 14.565 GC heap after
Heap after GC invocations=13 (full 0):
 PSYoungGen      total 673280K, used 4960K [0x00000000d5980000, 0x00000000fff00000, 0x0000000100000000)
  eden space 668160K, 0% used [0x00000000d5980000,0x00000000d5980000,0x00000000fe600000)
  from space 5120K, 96% used [0x00000000fe600000,0x00000000fead8010,0x00000000feb00000)
  to   space 12800K, 0% used [0x00000000ff280000,0x00000000ff280000,0x00000000fff00000)
 ParOldGen       total 87552K, used 27020K [0x0000000080c00000, 0x0000000086180000, 0x00000000d5980000)
  object space 87552K, 30% used [0x0000000080c00000,0x00000000826630c8,0x0000000086180000)
 Metaspace       used 19174K, capacity 19838K, committed 20096K, reserved 1067008K
  class space    used 2201K, capacity 2386K, committed 2432K, reserved 1048576K
}
Event: 17.168 GC heap before
{Heap before GC invocations=14 (full 0):
 PSYoungGen      total 673280K, used 673120K [0x00000000d5980000, 0x00000000fff00000, 0x0000000100000000)
  eden space 668160K, 100% used [0x00000000d5980000,0x00000000fe600000,0x00000000fe600000)
  from space 5120K, 96% used [0x00000000fe600000,0x00000000fead8010,0x00000000feb00000)
  to   space 12800K, 0% used [0x00000000ff280000,0x00000000ff280000,0x00000000fff00000)
 ParOldGen       total 87552K, used 27020K [0x0000000080c00000, 0x0000000086180000, 0x00000000d5980000)
  object space 87552K, 30% used [0x0000000080c00000,0x00000000826630c8,0x0000000086180000)
 Metaspace       used 19354K, capacity 20036K, committed 20352K, reserved 1067008K
  class space    used 2209K, capacity 2387K, committed 2432K, reserved 1048576K
Event: 17.215 GC heap after
Heap after GC invocations=14 (full 0):
 PSYoungGen      total 659456K, used 12782K [0x00000000d5980000, 0x0000000100000000, 0x0000000100000000)
  eden space 646656K, 0% used [0x00000000d5980000,0x00000000d5980000,0x00000000fd100000)
  from space 12800K, 99% used [0x00000000ff280000,0x00000000ffefb9d8,0x00000000fff00000)
  to   space 24064K, 0% used [0x00000000fd100000,0x00000000fd100000,0x00000000fe880000)
 ParOldGen       total 87552K, used 53129K [0x0000000080c00000, 0x0000000086180000, 0x00000000d5980000)
  object space 87552K, 60% used [0x0000000080c00000,0x0000000083fe27a0,0x0000000086180000)
 Metaspace       used 19354K, capacity 20036K, committed 20352K, reserved 1067008K
  class space    used 2209K, capacity 2387K, committed 2432K, reserved 1048576K
}
Event: 20.853 GC heap before
{Heap before GC invocations=15 (full 0):
 PSYoungGen      total 659456K, used 659438K [0x00000000d5980000, 0x0000000100000000, 0x0000000100000000)
  eden space 646656K, 100% used [0x00000000d5980000,0x00000000fd100000,0x00000000fd100000)
  from space 12800K, 99% used [0x00000000ff280000,0x00000000ffefb9d8,0x00000000fff00000)
  to   space 24064K, 0% used [0x00000000fd100000,0x00000000fd100000,0x00000000fe880000)
 ParOldGen       total 87552K, used 53129K [0x0000000080c00000, 0x0000000086180000, 0x00000000d5980000)
  object space 87552K, 60% used [0x0000000080c00000,0x0000000083fe27a0,0x0000000086180000)
 Metaspace       used 19360K, capacity 20036K, committed 20352K, reserved 1067008K
  class space    used 2209K, capacity 2387K, committed 2432K, reserved 1048576K
Event: 20.898 GC heap after
Heap after GC invocations=15 (full 0):
 PSYoungGen      total 670720K, used 24033K [0x00000000d5980000, 0x0000000100000000, 0x0000000100000000)
  eden space 646656K, 0% used [0x00000000d5980000,0x00000000d5980000,0x00000000fd100000)
  from space 24064K, 99% used [0x00000000fd100000,0x00000000fe8787e8,0x00000000fe880000)
  to   space 24064K, 0% used [0x00000000fe880000,0x00000000fe880000,0x0000000100000000)
 ParOldGen       total 99840K, used 99439K [0x0000000080c00000, 0x0000000086d80000, 0x00000000d5980000)
  object space 99840K, 99% used [0x0000000080c00000,0x0000000086d1bc98,0x0000000086d80000)
 Metaspace       used 19360K, capacity 20036K, committed 20352K, reserved 1067008K
  class space    used 2209K, capacity 2387K, committed 2432K, reserved 1048576K
}
Event: 20.898 GC heap before
{Heap before GC invocations=16 (full 1):
 PSYoungGen      total 670720K, used 24033K [0x00000000d5980000, 0x0000000100000000, 0x0000000100000000)
  eden space 646656K, 0% used [0x00000000d5980000,0x00000000d5980000,0x00000000fd100000)
  from space 24064K, 99% used [0x00000000fd100000,0x00000000fe8787e8,0x00000000fe880000)
  to   space 24064K, 0% used [0x00000000fe880000,0x00000000fe880000,0x0000000100000000)
 ParOldGen       total 99840K, used 99439K [0x0000000080c00000, 0x0000000086d80000, 0x00000000d5980000)
  object space 99840K, 99% used [0x0000000080c00000,0x0000000086d1bc98,0x0000000086d80000)
 Metaspace       used 19360K, capacity 20036K, committed 20352K, reserved 1067008K
  class space    used 2209K, capacity 2387K, committed 2432K, reserved 1048576K
Event: 21.101 GC heap after
Heap after GC invocations=16 (full 1):
 PSYoungGen      total 670720K, used 0K [0x00000000d5980000, 0x0000000100000000, 0x0000000100000000)
  eden space 646656K, 0% used [0x00000000d5980000,0x00000000d5980000,0x00000000fd100000)
  from space 24064K, 0% used [0x00000000fd100000,0x00000000fd100000,0x00000000fe880000)
  to   space 24064K, 0% used [0x00000000fe880000,0x00000000fe880000,0x0000000100000000)
 ParOldGen       total 162304K, used 87545K [0x0000000080c00000, 0x000000008aa80000, 0x00000000d5980000)
  object space 162304K, 53% used [0x0000000080c00000,0x000000008617e510,0x000000008aa80000)
 Metaspace       used 19360K, capacity 20036K, committed 20352K, reserved 1067008K
  class space    used 2209K, capacity 2387K, committed 2432K, reserved 1048576K
}

