# JRE version: Java(TM) SE Runtime Environment (8.0_45-b14) (build 1.8.0_45-b14)
# Java VM: Java HotSpot(TM) 64-Bit Server VM (25.45-b02 mixed mode windows-amd64 compressed oops)
Heap:
 PSYoungGen      total 284160K, used 260804K [0x00000000d5980000, 0x00000000ebc00000, 0x0000000100000000)
  eden space 266240K, 95% used [0x00000000d5980000,0x00000000e51312e8,0x00000000e5d80000)
  from space 17920K, 40% used [0x00000000e6e80000,0x00000000e7580020,0x00000000e8000000)
  to   space 17408K, 0% used [0x00000000e5d80000,0x00000000e5d80000,0x00000000e6e80000)
 ParOldGen       total 89088K, used 30648K [0x0000000080c00000, 0x0000000086300000, 0x00000000d5980000)
  object space 89088K, 34% used [0x0000000080c00000,0x00000000829ee208,0x0000000086300000)
 Metaspace       used 24517K, capacity 25196K, committed 25392K, reserved 1071104K
  class space    used 2839K, capacity 3001K, committed 3120K, reserved 1048576K
GC Heap History (10 events):
Event: 4.698 GC heap before
{Heap before GC invocations=7 (full 0):
 PSYoungGen      total 142336K, used 88678K [0x00000000d5980000, 0x00000000def80000, 0x0000000100000000)
  eden space 132608K, 60% used [0x00000000d5980000,0x00000000da7de8b0,0x00000000ddb00000)
  from space 9728K, 86% used [0x00000000de500000,0x00000000ded3b010,0x00000000dee80000)
  to   space 10240K, 0% used [0x00000000ddb00000,0x00000000ddb00000,0x00000000de500000)
 ParOldGen       total 87552K, used 10240K [0x0000000080c00000, 0x0000000086180000, 0x00000000d5980000)
  object space 87552K, 11% used [0x0000000080c00000,0x0000000081600170,0x0000000086180000)
 Metaspace       used 20759K, capacity 21200K, committed 21296K, reserved 1069056K
  class space    used 2440K, capacity 2576K, committed 2608K, reserved 1048576K
Event: 4.734 GC heap after
Heap after GC invocations=7 (full 0):
 PSYoungGen      total 142848K, used 10208K [0x00000000d5980000, 0x00000000e8080000, 0x0000000100000000)
  eden space 132608K, 0% used [0x00000000d5980000,0x00000000d5980000,0x00000000ddb00000)
  from space 10240K, 99% used [0x00000000ddb00000,0x00000000de4f8048,0x00000000de500000)
  to   space 18432K, 0% used [0x00000000e6e80000,0x00000000e6e80000,0x00000000e8080000)
 ParOldGen       total 87552K, used 25213K [0x0000000080c00000, 0x0000000086180000, 0x00000000d5980000)
  object space 87552K, 28% used [0x0000000080c00000,0x000000008249f6a0,0x0000000086180000)
 Metaspace       used 20759K, capacity 21200K, committed 21296K, reserved 1069056K
  class space    used 2440K, capacity 2576K, committed 2608K, reserved 1048576K
}
Event: 4.734 GC heap before
{Heap before GC invocations=8 (full 1):
 PSYoungGen      total 142848K, used 10208K [0x00000000d5980000, 0x00000000e8080000, 0x0000000100000000)
  eden space 132608K, 0% used [0x00000000d5980000,0x00000000d5980000,0x00000000ddb00000)
  from space 10240K, 99% used [0x00000000ddb00000,0x00000000de4f8048,0x00000000de500000)
  to   space 18432K, 0% used [0x00000000e6e80000,0x00000000e6e80000,0x00000000e8080000)
 ParOldGen       total 87552K, used 25213K [0x0000000080c00000, 0x0000000086180000, 0x00000000d5980000)
  object space 87552K, 28% used [0x0000000080c00000,0x000000008249f6a0,0x0000000086180000)
 Metaspace       used 20759K, capacity 21200K, committed 21296K, reserved 1069056K
  class space    used 2440K, capacity 2576K, committed 2608K, reserved 1048576K
Event: 4.895 GC heap after
Heap after GC invocations=8 (full 1):
 PSYoungGen      total 142848K, used 0K [0x00000000d5980000, 0x00000000e8080000, 0x0000000100000000)
  eden space 132608K, 0% used [0x00000000d5980000,0x00000000d5980000,0x00000000ddb00000)
  from space 10240K, 0% used [0x00000000ddb00000,0x00000000ddb00000,0x00000000de500000)
  to   space 18432K, 0% used [0x00000000e6e80000,0x00000000e6e80000,0x00000000e8080000)
 ParOldGen       total 89088K, used 30624K [0x0000000080c00000, 0x0000000086300000, 0x00000000d5980000)
  object space 89088K, 34% used [0x0000000080c00000,0x00000000829e8208,0x0000000086300000)
 Metaspace       used 20759K, capacity 21200K, committed 21296K, reserved 1069056K
  class space    used 2440K, capacity 2576K, committed 2608K, reserved 1048576K
}
Event: 6.437 GC heap before
{Heap before GC invocations=9 (full 1):
 PSYoungGen      total 142848K, used 132608K [0x00000000d5980000, 0x00000000e8080000, 0x0000000100000000)
  eden space 132608K, 100% used [0x00000000d5980000,0x00000000ddb00000,0x00000000ddb00000)
  from space 10240K, 0% used [0x00000000ddb00000,0x00000000ddb00000,0x00000000de500000)
  to   space 18432K, 0% used [0x00000000e6e80000,0x00000000e6e80000,0x00000000e8080000)
 ParOldGen       total 89088K, used 30624K [0x0000000080c00000, 0x0000000086300000, 0x00000000d5980000)
  object space 89088K, 34% used [0x0000000080c00000,0x00000000829e8208,0x0000000086300000)
 Metaspace       used 24097K, capacity 24782K, committed 25136K, reserved 1071104K
  class space    used 2827K, capacity 2996K, committed 3120K, reserved 1048576K
Event: 6.462 GC heap after
Heap after GC invocations=9 (full 1):
 PSYoungGen      total 208384K, used 6768K [0x00000000d5980000, 0x00000000e7580000, 0x0000000100000000)
  eden space 201216K, 0% used [0x00000000d5980000,0x00000000d5980000,0x00000000e1e00000)
  from space 7168K, 94% used [0x00000000e6e80000,0x00000000e751c0e8,0x00000000e7580000)
  to   space 18432K, 0% used [0x00000000e5180000,0x00000000e5180000,0x00000000e6380000)
 ParOldGen       total 89088K, used 30632K [0x0000000080c00000, 0x0000000086300000, 0x00000000d5980000)
  object space 89088K, 34% used [0x0000000080c00000,0x00000000829ea208,0x0000000086300000)
 Metaspace       used 24097K, capacity 24782K, committed 25136K, reserved 1071104K
  class space    used 2827K, capacity 2996K, committed 3120K, reserved 1048576K
}
Event: 7.335 GC heap before
{Heap before GC invocations=10 (full 1):
 PSYoungGen      total 208384K, used 207984K [0x00000000d5980000, 0x00000000e7580000, 0x0000000100000000)
  eden space 201216K, 100% used [0x00000000d5980000,0x00000000e1e00000,0x00000000e1e00000)
  from space 7168K, 94% used [0x00000000e6e80000,0x00000000e751c0e8,0x00000000e7580000)
  to   space 18432K, 0% used [0x00000000e5180000,0x00000000e5180000,0x00000000e6380000)
 ParOldGen       total 89088K, used 30632K [0x0000000080c00000, 0x0000000086300000, 0x00000000d5980000)
  object space 89088K, 34% used [0x0000000080c00000,0x00000000829ea208,0x0000000086300000)
 Metaspace       used 24318K, capacity 24980K, committed 25136K, reserved 1071104K
  class space    used 2828K, capacity 2997K, committed 3120K, reserved 1048576K
Event: 7.376 GC heap after
Heap after GC invocations=10 (full 1):
 PSYoungGen      total 272384K, used 5536K [0x00000000d5980000, 0x00000000e8000000, 0x0000000100000000)
  eden space 253952K, 0% used [0x00000000d5980000,0x00000000d5980000,0x00000000e5180000)
  from space 18432K, 30% used [0x00000000e5180000,0x00000000e56e8020,0x00000000e6380000)
  to   space 17920K, 0% used [0x00000000e6e80000,0x00000000e6e80000,0x00000000e8000000)
 ParOldGen       total 89088K, used 30640K [0x0000000080c00000, 0x0000000086300000, 0x00000000d5980000)
  object space 89088K, 34% used [0x0000000080c00000,0x00000000829ec208,0x0000000086300000)
 Metaspace       used 24318K, capacity 24980K, committed 25136K, reserved 1071104K
  class space    used 2828K, capacity 2997K, committed 3120K, reserved 1048576K
}
Event: 8.197 GC heap before
{Heap before GC invocations=11 (full 1):
 PSYoungGen      total 272384K, used 259488K [0x00000000d5980000, 0x00000000e8000000, 0x0000000100000000)
  eden space 253952K, 100% used [0x00000000d5980000,0x00000000e5180000,0x00000000e5180000)
  from space 18432K, 30% used [0x00000000e5180000,0x00000000e56e8020,0x00000000e6380000)
  to   space 17920K, 0% used [0x00000000e6e80000,0x00000000e6e80000,0x00000000e8000000)
 ParOldGen       total 89088K, used 30640K [0x0000000080c00000, 0x0000000086300000, 0x00000000d5980000)
  object space 89088K, 34% used [0x0000000080c00000,0x00000000829ec208,0x0000000086300000)
 Metaspace       used 24408K, capacity 25056K, committed 25392K, reserved 1071104K
  class space    used 2829K, capacity 2999K, committed 3120K, reserved 1048576K
Event: 8.208 GC heap after
Heap after GC invocations=11 (full 1):
 PSYoungGen      total 284160K, used 7168K [0x00000000d5980000, 0x00000000ebc00000, 0x0000000100000000)
  eden space 266240K, 0% used [0x00000000d5980000,0x00000000d5980000,0x00000000e5d80000)
  from space 17920K, 40% used [0x00000000e6e80000,0x00000000e7580020,0x00000000e8000000)
  to   space 17408K, 0% used [0x00000000e5d80000,0x00000000e5d80000,0x00000000e6e80000)
 ParOldGen       total 89088K, used 30648K [0x0000000080c00000, 0x0000000086300000, 0x00000000d5980000)
  object space 89088K, 34% used [0x0000000080c00000,0x00000000829ee208,0x0000000086300000)
 Metaspace       used 24408K, capacity 25056K, committed 25392K, reserved 1071104K
  class space    used 2829K, capacity 2999K, committed 3120K, reserved 1048576K
}

