# JRE version: Java(TM) SE Runtime Environment (8.0_45-b14) (build 1.8.0_45-b14)
# Java VM: Java HotSpot(TM) 64-Bit Server VM (25.45-b02 mixed mode windows-amd64 compressed oops)
Heap:
 PSYoungGen      total 513024K, used 501472K [0x00000000d5980000, 0x00000000f6000000, 0x0000000100000000)
  eden space 497664K, 100% used [0x00000000d5980000,0x00000000f3f80000,0x00000000f3f80000)
  from space 15360K, 24% used [0x00000000f4e80000,0x00000000f5238000,0x00000000f5d80000)
  to   space 15360K, 44% used [0x00000000f3f80000,0x00000000f461c040,0x00000000f4e80000)
 ParOldGen       total 90624K, used 35652K [0x0000000080c00000, 0x0000000086480000, 0x00000000d5980000)
  object space 90624K, 39% used [0x0000000080c00000,0x0000000082ed1160,0x0000000086480000)
 Metaspace       used 25109K, capacity 25812K, committed 26160K, reserved 1073152K
  class space    used 2866K, capacity 3035K, committed 3120K, reserved 1048576K
GC Heap History (10 events):
Event: 9.131 GC heap after
Heap after GC invocations=13 (full 1):
 PSYoungGen      total 349184K, used 7424K [0x00000000d5980000, 0x00000000ec300000, 0x0000000100000000)
  eden space 332288K, 0% used [0x00000000d5980000,0x00000000d5980000,0x00000000e9e00000)
  from space 16896K, 43% used [0x00000000eae00000,0x00000000eb540040,0x00000000ebe80000)
  to   space 16384K, 0% used [0x00000000e9e00000,0x00000000e9e00000,0x00000000eae00000)
 ParOldGen       total 90624K, used 31658K [0x0000000080c00000, 0x0000000086480000, 0x00000000d5980000)
  object space 90624K, 34% used [0x0000000080c00000,0x0000000082aea8f0,0x0000000086480000)
 Metaspace       used 24667K, capacity 25320K, committed 25648K, reserved 1071104K
  class space    used 2838K, capacity 3001K, committed 3120K, reserved 1048576K
}
Event: 10.746 GC heap before
{Heap before GC invocations=14 (full 1):
 PSYoungGen      total 349184K, used 339712K [0x00000000d5980000, 0x00000000ec300000, 0x0000000100000000)
  eden space 332288K, 100% used [0x00000000d5980000,0x00000000e9e00000,0x00000000e9e00000)
  from space 16896K, 43% used [0x00000000eae00000,0x00000000eb540040,0x00000000ebe80000)
  to   space 16384K, 0% used [0x00000000e9e00000,0x00000000e9e00000,0x00000000eae00000)
 ParOldGen       total 90624K, used 31658K [0x0000000080c00000, 0x0000000086480000, 0x00000000d5980000)
  object space 90624K, 34% used [0x0000000080c00000,0x0000000082aea8f0,0x0000000086480000)
 Metaspace       used 24785K, capacity 25518K, committed 25904K, reserved 1073152K
  class space    used 2850K, capacity 3002K, committed 3120K, reserved 1048576K
Event: 10.758 GC heap after
Heap after GC invocations=14 (full 1):
 PSYoungGen      total 348672K, used 4664K [0x00000000d5980000, 0x00000000f1280000, 0x0000000100000000)
  eden space 332288K, 0% used [0x00000000d5980000,0x00000000d5980000,0x00000000e9e00000)
  from space 16384K, 28% used [0x00000000e9e00000,0x00000000ea28e070,0x00000000eae00000)
  to   space 16384K, 0% used [0x00000000f0280000,0x00000000f0280000,0x00000000f1280000)
 ParOldGen       total 90624K, used 35620K [0x0000000080c00000, 0x0000000086480000, 0x00000000d5980000)
  object space 90624K, 39% used [0x0000000080c00000,0x0000000082ec9160,0x0000000086480000)
 Metaspace       used 24785K, capacity 25518K, committed 25904K, reserved 1073152K
  class space    used 2850K, capacity 3002K, committed 3120K, reserved 1048576K
}
Event: 13.976 GC heap before
{Heap before GC invocations=15 (full 1):
 PSYoungGen      total 348672K, used 336952K [0x00000000d5980000, 0x00000000f1280000, 0x0000000100000000)
  eden space 332288K, 100% used [0x00000000d5980000,0x00000000e9e00000,0x00000000e9e00000)
  from space 16384K, 28% used [0x00000000e9e00000,0x00000000ea28e070,0x00000000eae00000)
  to   space 16384K, 0% used [0x00000000f0280000,0x00000000f0280000,0x00000000f1280000)
 ParOldGen       total 90624K, used 35620K [0x0000000080c00000, 0x0000000086480000, 0x00000000d5980000)
  object space 90624K, 39% used [0x0000000080c00000,0x0000000082ec9160,0x0000000086480000)
 Metaspace       used 24931K, capacity 25620K, committed 25904K, reserved 1073152K
  class space    used 2860K, capacity 3035K, committed 3120K, reserved 1048576K
Event: 13.986 GC heap after
Heap after GC invocations=15 (full 1):
 PSYoungGen      total 413184K, used 6432K [0x00000000d5980000, 0x00000000f0900000, 0x0000000100000000)
  eden space 406528K, 0% used [0x00000000d5980000,0x00000000d5980000,0x00000000ee680000)
  from space 6656K, 96% used [0x00000000f0280000,0x00000000f08c8010,0x00000000f0900000)
  to   space 15872K, 0% used [0x00000000eea00000,0x00000000eea00000,0x00000000ef980000)
 ParOldGen       total 90624K, used 35628K [0x0000000080c00000, 0x0000000086480000, 0x00000000d5980000)
  object space 90624K, 39% used [0x0000000080c00000,0x0000000082ecb160,0x0000000086480000)
 Metaspace       used 24931K, capacity 25620K, committed 25904K, reserved 1073152K
  class space    used 2860K, capacity 3035K, committed 3120K, reserved 1048576K
}
Event: 14.371 GC heap before
{Heap before GC invocations=16 (full 1):
 PSYoungGen      total 413184K, used 412960K [0x00000000d5980000, 0x00000000f0900000, 0x0000000100000000)
  eden space 406528K, 100% used [0x00000000d5980000,0x00000000ee680000,0x00000000ee680000)
  from space 6656K, 96% used [0x00000000f0280000,0x00000000f08c8010,0x00000000f0900000)
  to   space 15872K, 0% used [0x00000000eea00000,0x00000000eea00000,0x00000000ef980000)
 ParOldGen       total 90624K, used 35628K [0x0000000080c00000, 0x0000000086480000, 0x00000000d5980000)
  object space 90624K, 39% used [0x0000000080c00000,0x0000000082ecb160,0x0000000086480000)
 Metaspace       used 24955K, capacity 25684K, committed 25904K, reserved 1073152K
  class space    used 2860K, capacity 3035K, committed 3120K, reserved 1048576K
Event: 14.381 GC heap after
Heap after GC invocations=16 (full 1):
 PSYoungGen      total 425984K, used 7488K [0x00000000d5980000, 0x00000000f5d80000, 0x0000000100000000)
  eden space 410112K, 0% used [0x00000000d5980000,0x00000000d5980000,0x00000000eea00000)
  from space 15872K, 47% used [0x00000000eea00000,0x00000000ef150010,0x00000000ef980000)
  to   space 15360K, 0% used [0x00000000f4e80000,0x00000000f4e80000,0x00000000f5d80000)
 ParOldGen       total 90624K, used 35636K [0x0000000080c00000, 0x0000000086480000, 0x00000000d5980000)
  object space 90624K, 39% used [0x0000000080c00000,0x0000000082ecd160,0x0000000086480000)
 Metaspace       used 24955K, capacity 25684K, committed 25904K, reserved 1073152K
  class space    used 2860K, capacity 3035K, committed 3120K, reserved 1048576K
}
Event: 14.765 GC heap before
{Heap before GC invocations=17 (full 1):
 PSYoungGen      total 425984K, used 417600K [0x00000000d5980000, 0x00000000f5d80000, 0x0000000100000000)
  eden space 410112K, 100% used [0x00000000d5980000,0x00000000eea00000,0x00000000eea00000)
  from space 15872K, 47% used [0x00000000eea00000,0x00000000ef150010,0x00000000ef980000)
  to   space 15360K, 0% used [0x00000000f4e80000,0x00000000f4e80000,0x00000000f5d80000)
 ParOldGen       total 90624K, used 35636K [0x0000000080c00000, 0x0000000086480000, 0x00000000d5980000)
  object space 90624K, 39% used [0x0000000080c00000,0x0000000082ecd160,0x0000000086480000)
 Metaspace       used 25026K, capacity 25748K, committed 26160K, reserved 1073152K
  class space    used 2865K, capacity 3035K, committed 3120K, reserved 1048576K
Event: 14.774 GC heap after
Heap after GC invocations=17 (full 1):
 PSYoungGen      total 513024K, used 3808K [0x00000000d5980000, 0x00000000f6000000, 0x0000000100000000)
  eden space 497664K, 0% used [0x00000000d5980000,0x00000000d5980000,0x00000000f3f80000)
  from space 15360K, 24% used [0x00000000f4e80000,0x00000000f5238000,0x00000000f5d80000)
  to   space 15360K, 0% used [0x00000000f3f80000,0x00000000f3f80000,0x00000000f4e80000)
 ParOldGen       total 90624K, used 35644K [0x0000000080c00000, 0x0000000086480000, 0x00000000d5980000)
  object space 90624K, 39% used [0x0000000080c00000,0x0000000082ecf160,0x0000000086480000)
 Metaspace       used 25026K, capacity 25748K, committed 26160K, reserved 1073152K
  class space    used 2865K, capacity 3035K, committed 3120K, reserved 1048576K
}
Event: 17.692 GC heap before
{Heap before GC invocations=18 (full 1):
 PSYoungGen      total 513024K, used 501472K [0x00000000d5980000, 0x00000000f6000000, 0x0000000100000000)
  eden space 497664K, 100% used [0x00000000d5980000,0x00000000f3f80000,0x00000000f3f80000)
  from space 15360K, 24% used [0x00000000f4e80000,0x00000000f5238000,0x00000000f5d80000)
  to   space 15360K, 0% used [0x00000000f3f80000,0x00000000f3f80000,0x00000000f4e80000)
 ParOldGen       total 90624K, used 35644K [0x0000000080c00000, 0x0000000086480000, 0x00000000d5980000)
  object space 90624K, 39% used [0x0000000080c00000,0x0000000082ecf160,0x0000000086480000)
 Metaspace       used 25109K, capacity 25812K, committed 26160K, reserved 1073152K
  class space    used 2866K, capacity 3035K, committed 3120K, reserved 1048576K

