# JRE version: Java(TM) SE Runtime Environment (8.0_45-b14) (build 1.8.0_45-b14)
# Java VM: Java HotSpot(TM) 64-Bit Server VM (25.45-b02 mixed mode windows-amd64 compressed oops)
Heap:
 PSYoungGen      total 653312K, used 653284K [0x00000000d5980000, 0x0000000100000000, 0x0000000100000000)
  eden space 640512K, 100% used [0x00000000d5980000,0x00000000fcb00000,0x00000000fcb00000)
  from space 12800K, 99% used [0x00000000ff280000,0x00000000ffef91b8,0x00000000fff00000)
  to   space 27136K, 29% used [0x00000000fcb00000,0x00000000fd2b4050,0x00000000fe580000)
 ParOldGen       total 87552K, used 64905K [0x0000000080c00000, 0x0000000086180000, 0x00000000d5980000)
  object space 87552K, 74% used [0x0000000080c00000,0x0000000084b62578,0x0000000086180000)
 Metaspace       used 19382K, capacity 20036K, committed 20352K, reserved 1067008K
  class space    used 2207K, capacity 2387K, committed 2432K, reserved 1048576K
GC Heap History (10 events):
Event: 6.789 GC heap after
Heap after GC invocations=10 (full 0):
 PSYoungGen      total 436736K, used 2400K [0x00000000d5980000, 0x00000000f1200000, 0x0000000100000000)
  eden space 423936K, 0% used [0x00000000d5980000,0x00000000d5980000,0x00000000ef780000)
  from space 12800K, 18% used [0x00000000f0480000,0x00000000f06d8000,0x00000000f1100000)
  to   space 13312K, 0% used [0x00000000ef780000,0x00000000ef780000,0x00000000f0480000)
 ParOldGen       total 87552K, used 21804K [0x0000000080c00000, 0x0000000086180000, 0x00000000d5980000)
  object space 87552K, 24% used [0x0000000080c00000,0x000000008214b160,0x0000000086180000)
 Metaspace       used 18924K, capacity 19602K, committed 19840K, reserved 1067008K
  class space    used 2179K, capacity 2352K, committed 2432K, reserved 1048576K
}
Event: 7.982 GC heap before
{Heap before GC invocations=11 (full 0):
 PSYoungGen      total 436736K, used 426336K [0x00000000d5980000, 0x00000000f1200000, 0x0000000100000000)
  eden space 423936K, 100% used [0x00000000d5980000,0x00000000ef780000,0x00000000ef780000)
  from space 12800K, 18% used [0x00000000f0480000,0x00000000f06d8000,0x00000000f1100000)
  to   space 13312K, 0% used [0x00000000ef780000,0x00000000ef780000,0x00000000f0480000)
 ParOldGen       total 87552K, used 21804K [0x0000000080c00000, 0x0000000086180000, 0x00000000d5980000)
  object space 87552K, 24% used [0x0000000080c00000,0x000000008214b160,0x0000000086180000)
 Metaspace       used 18949K, capacity 19602K, committed 19840K, reserved 1067008K
  class space    used 2180K, capacity 2352K, committed 2432K, reserved 1048576K
Event: 8.021 GC heap after
Heap after GC invocations=11 (full 0):
 PSYoungGen      total 437248K, used 3168K [0x00000000d5980000, 0x0000000100000000, 0x0000000100000000)
  eden space 423936K, 0% used [0x00000000d5980000,0x00000000d5980000,0x00000000ef780000)
  from space 13312K, 23% used [0x00000000ef780000,0x00000000efa98000,0x00000000f0480000)
  to   space 13312K, 0% used [0x00000000ff300000,0x00000000ff300000,0x0000000100000000)
 ParOldGen       total 87552K, used 23396K [0x0000000080c00000, 0x0000000086180000, 0x00000000d5980000)
  object space 87552K, 26% used [0x0000000080c00000,0x00000000822d9160,0x0000000086180000)
 Metaspace       used 18949K, capacity 19602K, committed 19840K, reserved 1067008K
  class space    used 2180K, capacity 2352K, committed 2432K, reserved 1048576K
}
Event: 12.644 GC heap before
{Heap before GC invocations=12 (full 0):
 PSYoungGen      total 437248K, used 427104K [0x00000000d5980000, 0x0000000100000000, 0x0000000100000000)
  eden space 423936K, 100% used [0x00000000d5980000,0x00000000ef780000,0x00000000ef780000)
  from space 13312K, 23% used [0x00000000ef780000,0x00000000efa98000,0x00000000f0480000)
  to   space 13312K, 0% used [0x00000000ff300000,0x00000000ff300000,0x0000000100000000)
 ParOldGen       total 87552K, used 23396K [0x0000000080c00000, 0x0000000086180000, 0x00000000d5980000)
  object space 87552K, 26% used [0x0000000080c00000,0x00000000822d9160,0x0000000086180000)
 Metaspace       used 19153K, capacity 19838K, committed 20096K, reserved 1067008K
  class space    used 2198K, capacity 2386K, committed 2432K, reserved 1048576K
Event: 12.653 GC heap after
Heap after GC invocations=12 (full 0):
 PSYoungGen      total 681472K, used 3768K [0x00000000d5980000, 0x0000000100000000, 0x0000000100000000)
  eden space 668160K, 0% used [0x00000000d5980000,0x00000000d5980000,0x00000000fe600000)
  from space 13312K, 28% used [0x00000000ff300000,0x00000000ff6ae070,0x0000000100000000)
  to   space 13312K, 0% used [0x00000000fe600000,0x00000000fe600000,0x00000000ff300000)
 ParOldGen       total 87552K, used 24924K [0x0000000080c00000, 0x0000000086180000, 0x00000000d5980000)
  object space 87552K, 28% used [0x0000000080c00000,0x0000000082457160,0x0000000086180000)
 Metaspace       used 19153K, capacity 19838K, committed 20096K, reserved 1067008K
  class space    used 2198K, capacity 2386K, committed 2432K, reserved 1048576K
}
Event: 13.332 GC heap before
{Heap before GC invocations=13 (full 0):
 PSYoungGen      total 681472K, used 671928K [0x00000000d5980000, 0x0000000100000000, 0x0000000100000000)
  eden space 668160K, 100% used [0x00000000d5980000,0x00000000fe600000,0x00000000fe600000)
  from space 13312K, 28% used [0x00000000ff300000,0x00000000ff6ae070,0x0000000100000000)
  to   space 13312K, 0% used [0x00000000fe600000,0x00000000fe600000,0x00000000ff300000)
 ParOldGen       total 87552K, used 24924K [0x0000000080c00000, 0x0000000086180000, 0x00000000d5980000)
  object space 87552K, 28% used [0x0000000080c00000,0x0000000082457160,0x0000000086180000)
 Metaspace       used 19193K, capacity 19838K, committed 20096K, reserved 1067008K
  class space    used 2198K, capacity 2386K, committed 2432K, reserved 1048576K
Event: 13.340 GC heap after
Heap after GC invocations=13 (full 0):
 PSYoungGen      total 673280K, used 4800K [0x00000000d5980000, 0x00000000fff00000, 0x0000000100000000)
  eden space 668160K, 0% used [0x00000000d5980000,0x00000000d5980000,0x00000000fe600000)
  from space 5120K, 93% used [0x00000000fe600000,0x00000000feab0010,0x00000000feb00000)
  to   space 12800K, 0% used [0x00000000ff280000,0x00000000ff280000,0x00000000fff00000)
 ParOldGen       total 87552K, used 25932K [0x0000000080c00000, 0x0000000086180000, 0x00000000d5980000)
  object space 87552K, 29% used [0x0000000080c00000,0x0000000082553160,0x0000000086180000)
 Metaspace       used 19193K, capacity 19838K, committed 20096K, reserved 1067008K
  class space    used 2198K, capacity 2386K, committed 2432K, reserved 1048576K
}
Event: 15.888 GC heap before
{Heap before GC invocations=14 (full 0):
 PSYoungGen      total 673280K, used 672960K [0x00000000d5980000, 0x00000000fff00000, 0x0000000100000000)
  eden space 668160K, 100% used [0x00000000d5980000,0x00000000fe600000,0x00000000fe600000)
  from space 5120K, 93% used [0x00000000fe600000,0x00000000feab0010,0x00000000feb00000)
  to   space 12800K, 0% used [0x00000000ff280000,0x00000000ff280000,0x00000000fff00000)
 ParOldGen       total 87552K, used 25932K [0x0000000080c00000, 0x0000000086180000, 0x00000000d5980000)
  object space 87552K, 29% used [0x0000000080c00000,0x0000000082553160,0x0000000086180000)
 Metaspace       used 19374K, capacity 20036K, committed 20352K, reserved 1067008K
  class space    used 2207K, capacity 2387K, committed 2432K, reserved 1048576K
Event: 15.920 GC heap after
Heap after GC invocations=14 (full 0):
 PSYoungGen      total 653312K, used 12772K [0x00000000d5980000, 0x0000000100000000, 0x0000000100000000)
  eden space 640512K, 0% used [0x00000000d5980000,0x00000000d5980000,0x00000000fcb00000)
  from space 12800K, 99% used [0x00000000ff280000,0x00000000ffef91b8,0x00000000fff00000)
  to   space 27136K, 0% used [0x00000000fcb00000,0x00000000fcb00000,0x00000000fe580000)
 ParOldGen       total 87552K, used 59393K [0x0000000080c00000, 0x0000000086180000, 0x00000000d5980000)
  object space 87552K, 67% used [0x0000000080c00000,0x0000000084600568,0x0000000086180000)
 Metaspace       used 19374K, capacity 20036K, committed 20352K, reserved 1067008K
  class space    used 2207K, capacity 2387K, committed 2432K, reserved 1048576K
}
Event: 19.596 GC heap before
{Heap before GC invocations=15 (full 0):
 PSYoungGen      total 653312K, used 653284K [0x00000000d5980000, 0x0000000100000000, 0x0000000100000000)
  eden space 640512K, 100% used [0x00000000d5980000,0x00000000fcb00000,0x00000000fcb00000)
  from space 12800K, 99% used [0x00000000ff280000,0x00000000ffef91b8,0x00000000fff00000)
  to   space 27136K, 0% used [0x00000000fcb00000,0x00000000fcb00000,0x00000000fe580000)
 ParOldGen       total 87552K, used 59393K [0x0000000080c00000, 0x0000000086180000, 0x00000000d5980000)
  object space 87552K, 67% used [0x0000000080c00000,0x0000000084600568,0x0000000086180000)
 Metaspace       used 19382K, capacity 20036K, committed 20352K, reserved 1067008K
  class space    used 2207K, capacity 2387K, committed 2432K, reserved 1048576K

