# JRE version: Java(TM) SE Runtime Environment (8.0_45-b14) (build 1.8.0_45-b14)
# Java VM: Java HotSpot(TM) 64-Bit Server VM (25.45-b02 mixed mode windows-amd64 compressed oops)
Heap:
 PSYoungGen      total 436224K, used 161873K [0x00000000d5980000, 0x00000000f1100000, 0x0000000100000000)
  eden space 423936K, 37% used [0x00000000d5980000,0x00000000df50c648,0x00000000ef780000)
  from space 12288K, 21% used [0x00000000f0400000,0x00000000f0688000,0x00000000f1000000)
  to   space 12800K, 0% used [0x00000000ef780000,0x00000000ef780000,0x00000000f0400000)
 ParOldGen       total 87552K, used 22420K [0x0000000080c00000, 0x0000000086180000, 0x00000000d5980000)
  object space 87552K, 25% used [0x0000000080c00000,0x00000000821e51d8,0x0000000086180000)
 Metaspace       used 18943K, capacity 19590K, committed 19840K, reserved 1067008K
  class space    used 2180K, capacity 2352K, committed 2432K, reserved 1048576K
GC Heap History (10 events):
Event: 2.977 GC heap before
{Heap before GC invocations=6 (full 0):
 PSYoungGen      total 71680K, used 71656K [0x00000000d5980000, 0x00000000ded80000, 0x0000000100000000)
  eden space 66560K, 100% used [0x00000000d5980000,0x00000000d9a80000,0x00000000d9a80000)
  from space 5120K, 99% used [0x00000000d9a80000,0x00000000d9f7a020,0x00000000d9f80000)
  to   space 9216K, 0% used [0x00000000de480000,0x00000000de480000,0x00000000ded80000)
 ParOldGen       total 87552K, used 9854K [0x0000000080c00000, 0x0000000086180000, 0x00000000d5980000)
  object space 87552K, 11% used [0x0000000080c00000,0x000000008159fb60,0x0000000086180000)
 Metaspace       used 15507K, capacity 15904K, committed 16000K, reserved 1062912K
  class space    used 1792K, capacity 1920K, committed 1920K, reserved 1048576K
Event: 2.993 GC heap after
Heap after GC invocations=6 (full 0):
 PSYoungGen      total 141824K, used 8380K [0x00000000d5980000, 0x00000000dee80000, 0x0000000100000000)
  eden space 132608K, 0% used [0x00000000d5980000,0x00000000d5980000,0x00000000ddb00000)
  from space 9216K, 90% used [0x00000000de480000,0x00000000decaf020,0x00000000ded80000)
  to   space 9728K, 0% used [0x00000000ddb00000,0x00000000ddb00000,0x00000000de480000)
 ParOldGen       total 87552K, used 9862K [0x0000000080c00000, 0x0000000086180000, 0x00000000d5980000)
  object space 87552K, 11% used [0x0000000080c00000,0x00000000815a1b60,0x0000000086180000)
 Metaspace       used 15507K, capacity 15904K, committed 16000K, reserved 1062912K
  class space    used 1792K, capacity 1920K, committed 1920K, reserved 1048576K
}
Event: 4.208 GC heap before
{Heap before GC invocations=7 (full 0):
 PSYoungGen      total 141824K, used 140988K [0x00000000d5980000, 0x00000000dee80000, 0x0000000100000000)
  eden space 132608K, 100% used [0x00000000d5980000,0x00000000ddb00000,0x00000000ddb00000)
  from space 9216K, 90% used [0x00000000de480000,0x00000000decaf020,0x00000000ded80000)
  to   space 9728K, 0% used [0x00000000ddb00000,0x00000000ddb00000,0x00000000de480000)
 ParOldGen       total 87552K, used 9862K [0x0000000080c00000, 0x0000000086180000, 0x00000000d5980000)
  object space 87552K, 11% used [0x0000000080c00000,0x00000000815a1b60,0x0000000086180000)
 Metaspace       used 18503K, capacity 19176K, committed 19328K, reserved 1067008K
  class space    used 2166K, capacity 2347K, committed 2432K, reserved 1048576K
Event: 4.259 GC heap after
Heap after GC invocations=7 (full 0):
 PSYoungGen      total 142336K, used 9697K [0x00000000d5980000, 0x00000000e7580000, 0x0000000100000000)
  eden space 132608K, 0% used [0x00000000d5980000,0x00000000d5980000,0x00000000ddb00000)
  from space 9728K, 99% used [0x00000000ddb00000,0x00000000de4784d0,0x00000000de480000)
  to   space 12800K, 0% used [0x00000000e6900000,0x00000000e6900000,0x00000000e7580000)
 ParOldGen       total 87552K, used 13420K [0x0000000080c00000, 0x0000000086180000, 0x00000000d5980000)
  object space 87552K, 15% used [0x0000000080c00000,0x000000008191b1b8,0x0000000086180000)
 Metaspace       used 18503K, capacity 19176K, committed 19328K, reserved 1067008K
  class space    used 2166K, capacity 2347K, committed 2432K, reserved 1048576K
}
Event: 4.877 GC heap before
{Heap before GC invocations=8 (full 0):
 PSYoungGen      total 142336K, used 142305K [0x00000000d5980000, 0x00000000e7580000, 0x0000000100000000)
  eden space 132608K, 100% used [0x00000000d5980000,0x00000000ddb00000,0x00000000ddb00000)
  from space 9728K, 99% used [0x00000000ddb00000,0x00000000de4784d0,0x00000000de480000)
  to   space 12800K, 0% used [0x00000000e6900000,0x00000000e6900000,0x00000000e7580000)
 ParOldGen       total 87552K, used 13420K [0x0000000080c00000, 0x0000000086180000, 0x00000000d5980000)
  object space 87552K, 15% used [0x0000000080c00000,0x000000008191b1b8,0x0000000086180000)
 Metaspace       used 18671K, capacity 19304K, committed 19584K, reserved 1067008K
  class space    used 2166K, capacity 2347K, committed 2432K, reserved 1048576K
Event: 4.906 GC heap after
Heap after GC invocations=8 (full 0):
 PSYoungGen      total 276992K, used 8672K [0x00000000d5980000, 0x00000000e7480000, 0x0000000100000000)
  eden space 265216K, 0% used [0x00000000d5980000,0x00000000d5980000,0x00000000e5c80000)
  from space 11776K, 73% used [0x00000000e6900000,0x00000000e7178000,0x00000000e7480000)
  to   space 12288K, 0% used [0x00000000e5c80000,0x00000000e5c80000,0x00000000e6880000)
 ParOldGen       total 87552K, used 15588K [0x0000000080c00000, 0x0000000086180000, 0x00000000d5980000)
  object space 87552K, 17% used [0x0000000080c00000,0x0000000081b391b8,0x0000000086180000)
 Metaspace       used 18671K, capacity 19304K, committed 19584K, reserved 1067008K
  class space    used 2166K, capacity 2347K, committed 2432K, reserved 1048576K
}
Event: 5.825 GC heap before
{Heap before GC invocations=9 (full 0):
 PSYoungGen      total 276992K, used 273888K [0x00000000d5980000, 0x00000000e7480000, 0x0000000100000000)
  eden space 265216K, 100% used [0x00000000d5980000,0x00000000e5c80000,0x00000000e5c80000)
  from space 11776K, 73% used [0x00000000e6900000,0x00000000e7178000,0x00000000e7480000)
  to   space 12288K, 0% used [0x00000000e5c80000,0x00000000e5c80000,0x00000000e6880000)
 ParOldGen       total 87552K, used 15588K [0x0000000080c00000, 0x0000000086180000, 0x00000000d5980000)
  object space 87552K, 17% used [0x0000000080c00000,0x0000000081b391b8,0x0000000086180000)
 Metaspace       used 18800K, capacity 19450K, committed 19584K, reserved 1067008K
  class space    used 2169K, capacity 2350K, committed 2432K, reserved 1048576K
Event: 5.838 GC heap after
Heap after GC invocations=9 (full 0):
 PSYoungGen      total 277504K, used 5856K [0x00000000d5980000, 0x00000000f1000000, 0x0000000100000000)
  eden space 265216K, 0% used [0x00000000d5980000,0x00000000d5980000,0x00000000e5c80000)
  from space 12288K, 47% used [0x00000000e5c80000,0x00000000e6238000,0x00000000e6880000)
  to   space 12288K, 0% used [0x00000000f0400000,0x00000000f0400000,0x00000000f1000000)
 ParOldGen       total 87552K, used 19140K [0x0000000080c00000, 0x0000000086180000, 0x00000000d5980000)
  object space 87552K, 21% used [0x0000000080c00000,0x0000000081eb11b8,0x0000000086180000)
 Metaspace       used 18800K, capacity 19450K, committed 19584K, reserved 1067008K
  class space    used 2169K, capacity 2350K, committed 2432K, reserved 1048576K
}
Event: 6.761 GC heap before
{Heap before GC invocations=10 (full 0):
 PSYoungGen      total 277504K, used 271072K [0x00000000d5980000, 0x00000000f1000000, 0x0000000100000000)
  eden space 265216K, 100% used [0x00000000d5980000,0x00000000e5c80000,0x00000000e5c80000)
  from space 12288K, 47% used [0x00000000e5c80000,0x00000000e6238000,0x00000000e6880000)
  to   space 12288K, 0% used [0x00000000f0400000,0x00000000f0400000,0x00000000f1000000)
 ParOldGen       total 87552K, used 19140K [0x0000000080c00000, 0x0000000086180000, 0x00000000d5980000)
  object space 87552K, 21% used [0x0000000080c00000,0x0000000081eb11b8,0x0000000086180000)
 Metaspace       used 18920K, capacity 19526K, committed 19840K, reserved 1067008K
  class space    used 2180K, capacity 2352K, committed 2432K, reserved 1048576K
Event: 6.771 GC heap after
Heap after GC invocations=10 (full 0):
 PSYoungGen      total 436224K, used 2592K [0x00000000d5980000, 0x00000000f1100000, 0x0000000100000000)
  eden space 423936K, 0% used [0x00000000d5980000,0x00000000d5980000,0x00000000ef780000)
  from space 12288K, 21% used [0x00000000f0400000,0x00000000f0688000,0x00000000f1000000)
  to   space 12800K, 0% used [0x00000000ef780000,0x00000000ef780000,0x00000000f0400000)
 ParOldGen       total 87552K, used 22420K [0x0000000080c00000, 0x0000000086180000, 0x00000000d5980000)
  object space 87552K, 25% used [0x0000000080c00000,0x00000000821e51d8,0x0000000086180000)
 Metaspace       used 18920K, capacity 19526K, committed 19840K, reserved 1067008K
  class space    used 2180K, capacity 2352K, committed 2432K, reserved 1048576K
}

