# JRE version: Java(TM) SE Runtime Environment (8.0_45-b14) (build 1.8.0_45-b14)
# Java VM: Java HotSpot(TM) 64-Bit Server VM (25.45-b02 mixed mode windows-amd64 compressed oops)
Heap:
 PSYoungGen      total 651264K, used 645696K [0x00000000d5980000, 0x00000000ff000000, 0x0000000100000000)
  eden space 633344K, 100% used [0x00000000d5980000,0x00000000fc400000,0x00000000fc400000)
  from space 17920K, 68% used [0x00000000fd600000,0x00000000fe210030,0x00000000fe780000)
  to   space 18432K, 12% used [0x00000000fc400000,0x00000000fc630000,0x00000000fd600000)
 ParOldGen       total 94208K, used 32277K [0x0000000080c00000, 0x0000000086800000, 0x00000000d5980000)
  object space 94208K, 34% used [0x0000000080c00000,0x0000000082b855c0,0x0000000086800000)
 Metaspace       used 24948K, capacity 25624K, committed 25904K, reserved 1073152K
  class space    used 2862K, capacity 3035K, committed 3120K, reserved 1048576K
GC Heap History (10 events):
Event: 8.008 GC heap after
Heap after GC invocations=9 (full 1):
 PSYoungGen      total 408576K, used 6336K [0x00000000d5980000, 0x00000000f0780000, 0x0000000100000000)
  eden space 401408K, 0% used [0x00000000d5980000,0x00000000d5980000,0x00000000ee180000)
  from space 7168K, 88% used [0x00000000f0080000,0x00000000f06b0020,0x00000000f0780000)
  to   space 19456K, 0% used [0x00000000ee180000,0x00000000ee180000,0x00000000ef480000)
 ParOldGen       total 94208K, used 32261K [0x0000000080c00000, 0x0000000086800000, 0x00000000d5980000)
  object space 94208K, 34% used [0x0000000080c00000,0x0000000082b815c0,0x0000000086800000)
 Metaspace       used 24411K, capacity 25056K, committed 25392K, reserved 1071104K
  class space    used 2829K, capacity 2999K, committed 3120K, reserved 1048576K
}
Event: 9.074 GC heap before
{Heap before GC invocations=10 (full 1):
 PSYoungGen      total 408576K, used 407744K [0x00000000d5980000, 0x00000000f0780000, 0x0000000100000000)
  eden space 401408K, 100% used [0x00000000d5980000,0x00000000ee180000,0x00000000ee180000)
  from space 7168K, 88% used [0x00000000f0080000,0x00000000f06b0020,0x00000000f0780000)
  to   space 19456K, 0% used [0x00000000ee180000,0x00000000ee180000,0x00000000ef480000)
 ParOldGen       total 94208K, used 32261K [0x0000000080c00000, 0x0000000086800000, 0x00000000d5980000)
  object space 94208K, 34% used [0x0000000080c00000,0x0000000082b815c0,0x0000000086800000)
 Metaspace       used 24492K, capacity 25132K, committed 25392K, reserved 1071104K
  class space    used 2834K, capacity 3001K, committed 3120K, reserved 1048576K
Event: 9.100 GC heap after
Heap after GC invocations=10 (full 1):
 PSYoungGen      total 420864K, used 7712K [0x00000000d5980000, 0x00000000f7880000, 0x0000000100000000)
  eden space 401408K, 0% used [0x00000000d5980000,0x00000000d5980000,0x00000000ee180000)
  from space 19456K, 39% used [0x00000000ee180000,0x00000000ee908020,0x00000000ef480000)
  to   space 18944K, 0% used [0x00000000f6600000,0x00000000f6600000,0x00000000f7880000)
 ParOldGen       total 94208K, used 32261K [0x0000000080c00000, 0x0000000086800000, 0x00000000d5980000)
  object space 94208K, 34% used [0x0000000080c00000,0x0000000082b815c0,0x0000000086800000)
 Metaspace       used 24492K, capacity 25132K, committed 25392K, reserved 1071104K
  class space    used 2834K, capacity 3001K, committed 3120K, reserved 1048576K
}
Event: 10.207 GC heap before
{Heap before GC invocations=11 (full 1):
 PSYoungGen      total 420864K, used 409120K [0x00000000d5980000, 0x00000000f7880000, 0x0000000100000000)
  eden space 401408K, 100% used [0x00000000d5980000,0x00000000ee180000,0x00000000ee180000)
  from space 19456K, 39% used [0x00000000ee180000,0x00000000ee908020,0x00000000ef480000)
  to   space 18944K, 0% used [0x00000000f6600000,0x00000000f6600000,0x00000000f7880000)
 ParOldGen       total 94208K, used 32261K [0x0000000080c00000, 0x0000000086800000, 0x00000000d5980000)
  object space 94208K, 34% used [0x0000000080c00000,0x0000000082b815c0,0x0000000086800000)
 Metaspace       used 24500K, capacity 25132K, committed 25392K, reserved 1071104K
  class space    used 2834K, capacity 3001K, committed 3120K, reserved 1048576K
Event: 10.230 GC heap after
Heap after GC invocations=11 (full 1):
 PSYoungGen      total 522752K, used 8864K [0x00000000d5980000, 0x00000000f7080000, 0x0000000100000000)
  eden space 512000K, 0% used [0x00000000d5980000,0x00000000d5980000,0x00000000f4d80000)
  from space 10752K, 82% used [0x00000000f6600000,0x00000000f6ea8020,0x00000000f7080000)
  to   space 17920K, 0% used [0x00000000f4d80000,0x00000000f4d80000,0x00000000f5f00000)
 ParOldGen       total 94208K, used 32261K [0x0000000080c00000, 0x0000000086800000, 0x00000000d5980000)
  object space 94208K, 34% used [0x0000000080c00000,0x0000000082b815c0,0x0000000086800000)
 Metaspace       used 24500K, capacity 25132K, committed 25392K, reserved 1071104K
  class space    used 2834K, capacity 3001K, committed 3120K, reserved 1048576K
}
Event: 14.763 GC heap before
{Heap before GC invocations=12 (full 1):
 PSYoungGen      total 522752K, used 520864K [0x00000000d5980000, 0x00000000f7080000, 0x0000000100000000)
  eden space 512000K, 100% used [0x00000000d5980000,0x00000000f4d80000,0x00000000f4d80000)
  from space 10752K, 82% used [0x00000000f6600000,0x00000000f6ea8020,0x00000000f7080000)
  to   space 17920K, 0% used [0x00000000f4d80000,0x00000000f4d80000,0x00000000f5f00000)
 ParOldGen       total 94208K, used 32261K [0x0000000080c00000, 0x0000000086800000, 0x00000000d5980000)
  object space 94208K, 34% used [0x0000000080c00000,0x0000000082b815c0,0x0000000086800000)
 Metaspace       used 24788K, capacity 25432K, committed 25648K, reserved 1071104K
  class space    used 2856K, capacity 3035K, committed 3120K, reserved 1048576K
Event: 14.780 GC heap after
Heap after GC invocations=12 (full 1):
 PSYoungGen      total 529920K, used 11480K [0x00000000d5980000, 0x00000000fe780000, 0x0000000100000000)
  eden space 512000K, 0% used [0x00000000d5980000,0x00000000d5980000,0x00000000f4d80000)
  from space 17920K, 64% used [0x00000000f4d80000,0x00000000f58b60a0,0x00000000f5f00000)
  to   space 17920K, 0% used [0x00000000fd600000,0x00000000fd600000,0x00000000fe780000)
 ParOldGen       total 94208K, used 32269K [0x0000000080c00000, 0x0000000086800000, 0x00000000d5980000)
  object space 94208K, 34% used [0x0000000080c00000,0x0000000082b835c0,0x0000000086800000)
 Metaspace       used 24788K, capacity 25432K, committed 25648K, reserved 1071104K
  class space    used 2856K, capacity 3035K, committed 3120K, reserved 1048576K
}
Event: 15.213 GC heap before
{Heap before GC invocations=13 (full 1):
 PSYoungGen      total 529920K, used 523480K [0x00000000d5980000, 0x00000000fe780000, 0x0000000100000000)
  eden space 512000K, 100% used [0x00000000d5980000,0x00000000f4d80000,0x00000000f4d80000)
  from space 17920K, 64% used [0x00000000f4d80000,0x00000000f58b60a0,0x00000000f5f00000)
  to   space 17920K, 0% used [0x00000000fd600000,0x00000000fd600000,0x00000000fe780000)
 ParOldGen       total 94208K, used 32269K [0x0000000080c00000, 0x0000000086800000, 0x00000000d5980000)
  object space 94208K, 34% used [0x0000000080c00000,0x0000000082b835c0,0x0000000086800000)
 Metaspace       used 24793K, capacity 25432K, committed 25648K, reserved 1071104K
  class space    used 2856K, capacity 3035K, committed 3120K, reserved 1048576K
Event: 15.229 GC heap after
Heap after GC invocations=13 (full 1):
 PSYoungGen      total 651264K, used 12352K [0x00000000d5980000, 0x00000000ff000000, 0x0000000100000000)
  eden space 633344K, 0% used [0x00000000d5980000,0x00000000d5980000,0x00000000fc400000)
  from space 17920K, 68% used [0x00000000fd600000,0x00000000fe210030,0x00000000fe780000)
  to   space 18432K, 0% used [0x00000000fc400000,0x00000000fc400000,0x00000000fd600000)
 ParOldGen       total 94208K, used 32277K [0x0000000080c00000, 0x0000000086800000, 0x00000000d5980000)
  object space 94208K, 34% used [0x0000000080c00000,0x0000000082b855c0,0x0000000086800000)
 Metaspace       used 24793K, capacity 25432K, committed 25648K, reserved 1071104K
  class space    used 2856K, capacity 3035K, committed 3120K, reserved 1048576K
}
Event: 17.830 GC heap before
{Heap before GC invocations=14 (full 1):
 PSYoungGen      total 651264K, used 645696K [0x00000000d5980000, 0x00000000ff000000, 0x0000000100000000)
  eden space 633344K, 100% used [0x00000000d5980000,0x00000000fc400000,0x00000000fc400000)
  from space 17920K, 68% used [0x00000000fd600000,0x00000000fe210030,0x00000000fe780000)
  to   space 18432K, 0% used [0x00000000fc400000,0x00000000fc400000,0x00000000fd600000)
 ParOldGen       total 94208K, used 32277K [0x0000000080c00000, 0x0000000086800000, 0x00000000d5980000)
  object space 94208K, 34% used [0x0000000080c00000,0x0000000082b855c0,0x0000000086800000)
 Metaspace       used 24948K, capacity 25624K, committed 25904K, reserved 1073152K
  class space    used 2862K, capacity 3035K, committed 3120K, reserved 1048576K

