# JRE version: Java(TM) SE Runtime Environment (8.0_45-b14) (build 1.8.0_45-b14)
# Java VM: Java HotSpot(TM) 64-Bit Server VM (25.45-b02 mixed mode windows-amd64 compressed oops)
Heap:
 PSYoungGen      total 479744K, used 479742K [0x00000000d5980000, 0x00000000f9d80000, 0x0000000100000000)
  eden space 463360K, 100% used [0x00000000d5980000,0x00000000f1e00000,0x00000000f1e00000)
  from space 16384K, 99% used [0x00000000f1e00000,0x00000000f2dffbf0,0x00000000f2e00000)
  to   space 27136K, 2% used [0x00000000f8300000,0x00000000f83a0000,0x00000000f9d80000)
 ParOldGen       total 93696K, used 54532K [0x0000000080c00000, 0x0000000086780000, 0x00000000d5980000)
  object space 93696K, 58% used [0x0000000080c00000,0x0000000084141108,0x0000000086780000)
 Metaspace       used 25050K, capacity 25752K, committed 25904K, reserved 1073152K
  class space    used 2870K, capacity 3035K, committed 3120K, reserved 1048576K
GC Heap History (10 events):
Event: 10.106 GC heap after
Heap after GC invocations=14 (full 1):
 PSYoungGen      total 320000K, used 8576K [0x00000000d5980000, 0x00000000ef080000, 0x0000000100000000)
  eden space 303616K, 0% used [0x00000000d5980000,0x00000000d5980000,0x00000000e8200000)
  from space 16384K, 52% used [0x00000000e8200000,0x00000000e8a60020,0x00000000e9200000)
  to   space 15872K, 0% used [0x00000000ee100000,0x00000000ee100000,0x00000000ef080000)
 ParOldGen       total 93696K, used 31562K [0x0000000080c00000, 0x0000000086780000, 0x00000000d5980000)
  object space 93696K, 33% used [0x0000000080c00000,0x0000000082ad28e8,0x0000000086780000)
 Metaspace       used 24615K, capacity 25324K, committed 25648K, reserved 1071104K
  class space    used 2842K, capacity 3001K, committed 3120K, reserved 1048576K
}
Event: 14.449 GC heap before
{Heap before GC invocations=15 (full 1):
 PSYoungGen      total 320000K, used 312192K [0x00000000d5980000, 0x00000000ef080000, 0x0000000100000000)
  eden space 303616K, 100% used [0x00000000d5980000,0x00000000e8200000,0x00000000e8200000)
  from space 16384K, 52% used [0x00000000e8200000,0x00000000e8a60020,0x00000000e9200000)
  to   space 15872K, 0% used [0x00000000ee100000,0x00000000ee100000,0x00000000ef080000)
 ParOldGen       total 93696K, used 31562K [0x0000000080c00000, 0x0000000086780000, 0x00000000d5980000)
  object space 93696K, 33% used [0x0000000080c00000,0x0000000082ad28e8,0x0000000086780000)
 Metaspace       used 24866K, capacity 25560K, committed 25904K, reserved 1073152K
  class space    used 2864K, capacity 3035K, committed 3120K, reserved 1048576K
Event: 14.470 GC heap after
Heap after GC invocations=15 (full 1):
 PSYoungGen      total 384512K, used 10136K [0x00000000d5980000, 0x00000000eeb00000, 0x0000000100000000)
  eden space 374272K, 0% used [0x00000000d5980000,0x00000000d5980000,0x00000000ec700000)
  from space 10240K, 98% used [0x00000000ee100000,0x00000000eeae6090,0x00000000eeb00000)
  to   space 15872K, 0% used [0x00000000ecc00000,0x00000000ecc00000,0x00000000edb80000)
 ParOldGen       total 93696K, used 31570K [0x0000000080c00000, 0x0000000086780000, 0x00000000d5980000)
  object space 93696K, 33% used [0x0000000080c00000,0x0000000082ad48e8,0x0000000086780000)
 Metaspace       used 24866K, capacity 25560K, committed 25904K, reserved 1073152K
  class space    used 2864K, capacity 3035K, committed 3120K, reserved 1048576K
}
Event: 14.888 GC heap before
{Heap before GC invocations=16 (full 1):
 PSYoungGen      total 384512K, used 384408K [0x00000000d5980000, 0x00000000eeb00000, 0x0000000100000000)
  eden space 374272K, 100% used [0x00000000d5980000,0x00000000ec700000,0x00000000ec700000)
  from space 10240K, 98% used [0x00000000ee100000,0x00000000eeae6090,0x00000000eeb00000)
  to   space 15872K, 0% used [0x00000000ecc00000,0x00000000ecc00000,0x00000000edb80000)
 ParOldGen       total 93696K, used 31570K [0x0000000080c00000, 0x0000000086780000, 0x00000000d5980000)
  object space 93696K, 33% used [0x0000000080c00000,0x0000000082ad48e8,0x0000000086780000)
 Metaspace       used 24890K, capacity 25560K, committed 25904K, reserved 1073152K
  class space    used 2864K, capacity 3035K, committed 3120K, reserved 1048576K
Event: 14.901 GC heap after
Heap after GC invocations=16 (full 1):
 PSYoungGen      total 395264K, used 10480K [0x00000000d5980000, 0x00000000f3d80000, 0x0000000100000000)
  eden space 379392K, 0% used [0x00000000d5980000,0x00000000d5980000,0x00000000ecc00000)
  from space 15872K, 66% used [0x00000000ecc00000,0x00000000ed63c150,0x00000000edb80000)
  to   space 15872K, 0% used [0x00000000f2e00000,0x00000000f2e00000,0x00000000f3d80000)
 ParOldGen       total 93696K, used 31578K [0x0000000080c00000, 0x0000000086780000, 0x00000000d5980000)
  object space 93696K, 33% used [0x0000000080c00000,0x0000000082ad68e8,0x0000000086780000)
 Metaspace       used 24890K, capacity 25560K, committed 25904K, reserved 1073152K
  class space    used 2864K, capacity 3035K, committed 3120K, reserved 1048576K
}
Event: 15.215 GC heap before
{Heap before GC invocations=17 (full 1):
 PSYoungGen      total 395264K, used 389872K [0x00000000d5980000, 0x00000000f3d80000, 0x0000000100000000)
  eden space 379392K, 100% used [0x00000000d5980000,0x00000000ecc00000,0x00000000ecc00000)
  from space 15872K, 66% used [0x00000000ecc00000,0x00000000ed63c150,0x00000000edb80000)
  to   space 15872K, 0% used [0x00000000f2e00000,0x00000000f2e00000,0x00000000f3d80000)
 ParOldGen       total 93696K, used 31578K [0x0000000080c00000, 0x0000000086780000, 0x00000000d5980000)
  object space 93696K, 33% used [0x0000000080c00000,0x0000000082ad68e8,0x0000000086780000)
 Metaspace       used 24890K, capacity 25560K, committed 25904K, reserved 1073152K
  class space    used 2864K, capacity 3035K, committed 3120K, reserved 1048576K
Event: 15.231 GC heap after
Heap after GC invocations=17 (full 1):
 PSYoungGen      total 479232K, used 13056K [0x00000000d5980000, 0x00000000f4f00000, 0x0000000100000000)
  eden space 463360K, 0% used [0x00000000d5980000,0x00000000d5980000,0x00000000f1e00000)
  from space 15872K, 82% used [0x00000000f2e00000,0x00000000f3ac0030,0x00000000f3d80000)
  to   space 16384K, 0% used [0x00000000f1e00000,0x00000000f1e00000,0x00000000f2e00000)
 ParOldGen       total 93696K, used 31586K [0x0000000080c00000, 0x0000000086780000, 0x00000000d5980000)
  object space 93696K, 33% used [0x0000000080c00000,0x0000000082ad88e8,0x0000000086780000)
 Metaspace       used 24890K, capacity 25560K, committed 25904K, reserved 1073152K
  class space    used 2864K, capacity 3035K, committed 3120K, reserved 1048576K
}
Event: 17.178 GC heap before
{Heap before GC invocations=18 (full 1):
 PSYoungGen      total 479232K, used 476416K [0x00000000d5980000, 0x00000000f4f00000, 0x0000000100000000)
  eden space 463360K, 100% used [0x00000000d5980000,0x00000000f1e00000,0x00000000f1e00000)
  from space 15872K, 82% used [0x00000000f2e00000,0x00000000f3ac0030,0x00000000f3d80000)
  to   space 16384K, 0% used [0x00000000f1e00000,0x00000000f1e00000,0x00000000f2e00000)
 ParOldGen       total 93696K, used 31586K [0x0000000080c00000, 0x0000000086780000, 0x00000000d5980000)
  object space 93696K, 33% used [0x0000000080c00000,0x0000000082ad88e8,0x0000000086780000)
 Metaspace       used 25040K, capacity 25752K, committed 25904K, reserved 1073152K
  class space    used 2870K, capacity 3035K, committed 3120K, reserved 1048576K
Event: 17.208 GC heap after
Heap after GC invocations=18 (full 1):
 PSYoungGen      total 479744K, used 16382K [0x00000000d5980000, 0x00000000f9d80000, 0x0000000100000000)
  eden space 463360K, 0% used [0x00000000d5980000,0x00000000d5980000,0x00000000f1e00000)
  from space 16384K, 99% used [0x00000000f1e00000,0x00000000f2dffbf0,0x00000000f2e00000)
  to   space 27136K, 0% used [0x00000000f8300000,0x00000000f8300000,0x00000000f9d80000)
 ParOldGen       total 93696K, used 54532K [0x0000000080c00000, 0x0000000086780000, 0x00000000d5980000)
  object space 93696K, 58% used [0x0000000080c00000,0x0000000084141108,0x0000000086780000)
 Metaspace       used 25040K, capacity 25752K, committed 25904K, reserved 1073152K
  class space    used 2870K, capacity 3035K, committed 3120K, reserved 1048576K
}
Event: 19.885 GC heap before
{Heap before GC invocations=19 (full 1):
 PSYoungGen      total 479744K, used 479742K [0x00000000d5980000, 0x00000000f9d80000, 0x0000000100000000)
  eden space 463360K, 100% used [0x00000000d5980000,0x00000000f1e00000,0x00000000f1e00000)
  from space 16384K, 99% used [0x00000000f1e00000,0x00000000f2dffbf0,0x00000000f2e00000)
  to   space 27136K, 0% used [0x00000000f8300000,0x00000000f8300000,0x00000000f9d80000)
 ParOldGen       total 93696K, used 54532K [0x0000000080c00000, 0x0000000086780000, 0x00000000d5980000)
  object space 93696K, 58% used [0x0000000080c00000,0x0000000084141108,0x0000000086780000)
 Metaspace       used 25050K, capacity 25752K, committed 25904K, reserved 1073152K
  class space    used 2870K, capacity 3035K, committed 3120K, reserved 1048576K

