# JRE version: Java(TM) SE Runtime Environment (8.0_45-b14) (build 1.8.0_45-b14)
# Java VM: Java HotSpot(TM) 64-Bit Server VM (25.45-b02 mixed mode windows-amd64 compressed oops)
Heap:
 PSYoungGen      total 296960K, used 131430K [0x00000000d5980000, 0x00000000eeb00000, 0x0000000100000000)
  eden space 278528K, 46% used [0x00000000d5980000,0x00000000dd7e99d0,0x00000000e6980000)
  from space 18432K, 10% used [0x00000000e6980000,0x00000000e6b70000,0x00000000e7b80000)
  to   space 18432K, 0% used [0x00000000ed900000,0x00000000ed900000,0x00000000eeb00000)
 ParOldGen       total 87552K, used 36348K [0x0000000080c00000, 0x0000000086180000, 0x00000000d5980000)
  object space 87552K, 41% used [0x0000000080c00000,0x0000000082f7f240,0x0000000086180000)
 Metaspace       used 24639K, capacity 25320K, committed 25648K, reserved 1071104K
  class space    used 2842K, capacity 3001K, committed 3120K, reserved 1048576K
GC Heap History (10 events):
Event: 4.629 GC heap before
{Heap before GC invocations=8 (full 1):
 PSYoungGen      total 142848K, used 10233K [0x00000000d5980000, 0x00000000e8080000, 0x0000000100000000)
  eden space 132608K, 0% used [0x00000000d5980000,0x00000000d5980000,0x00000000ddb00000)
  from space 10240K, 99% used [0x00000000ddb00000,0x00000000de4fe438,0x00000000de500000)
  to   space 18432K, 0% used [0x00000000e6e80000,0x00000000e6e80000,0x00000000e8080000)
 ParOldGen       total 87552K, used 25001K [0x0000000080c00000, 0x0000000086180000, 0x00000000d5980000)
  object space 87552K, 28% used [0x0000000080c00000,0x000000008246a5b0,0x0000000086180000)
 Metaspace       used 20775K, capacity 21196K, committed 21296K, reserved 1069056K
  class space    used 2424K, capacity 2576K, committed 2608K, reserved 1048576K
Event: 4.795 GC heap after
Heap after GC invocations=8 (full 1):
 PSYoungGen      total 142848K, used 0K [0x00000000d5980000, 0x00000000e8080000, 0x0000000100000000)
  eden space 132608K, 0% used [0x00000000d5980000,0x00000000d5980000,0x00000000ddb00000)
  from space 10240K, 0% used [0x00000000ddb00000,0x00000000ddb00000,0x00000000de500000)
  to   space 18432K, 0% used [0x00000000e6e80000,0x00000000e6e80000,0x00000000e8080000)
 ParOldGen       total 87552K, used 30597K [0x0000000080c00000, 0x0000000086180000, 0x00000000d5980000)
  object space 87552K, 34% used [0x0000000080c00000,0x00000000829e15b0,0x0000000086180000)
 Metaspace       used 20775K, capacity 21196K, committed 21296K, reserved 1069056K
  class space    used 2424K, capacity 2576K, committed 2608K, reserved 1048576K
}
Event: 6.297 GC heap before
{Heap before GC invocations=9 (full 1):
 PSYoungGen      total 142848K, used 132608K [0x00000000d5980000, 0x00000000e8080000, 0x0000000100000000)
  eden space 132608K, 100% used [0x00000000d5980000,0x00000000ddb00000,0x00000000ddb00000)
  from space 10240K, 0% used [0x00000000ddb00000,0x00000000ddb00000,0x00000000de500000)
  to   space 18432K, 0% used [0x00000000e6e80000,0x00000000e6e80000,0x00000000e8080000)
 ParOldGen       total 87552K, used 30597K [0x0000000080c00000, 0x0000000086180000, 0x00000000d5980000)
  object space 87552K, 34% used [0x0000000080c00000,0x00000000829e15b0,0x0000000086180000)
 Metaspace       used 24220K, capacity 24842K, committed 25136K, reserved 1071104K
  class space    used 2829K, capacity 2996K, committed 3120K, reserved 1048576K
Event: 6.327 GC heap after
Heap after GC invocations=9 (full 1):
 PSYoungGen      total 217600K, used 6686K [0x00000000d5980000, 0x00000000e7580000, 0x0000000100000000)
  eden space 210432K, 0% used [0x00000000d5980000,0x00000000d5980000,0x00000000e2700000)
  from space 7168K, 93% used [0x00000000e6e80000,0x00000000e7507928,0x00000000e7580000)
  to   space 18432K, 0% used [0x00000000e5180000,0x00000000e5180000,0x00000000e6380000)
 ParOldGen       total 87552K, used 30605K [0x0000000080c00000, 0x0000000086180000, 0x00000000d5980000)
  object space 87552K, 34% used [0x0000000080c00000,0x00000000829e35b0,0x0000000086180000)
 Metaspace       used 24220K, capacity 24842K, committed 25136K, reserved 1071104K
  class space    used 2829K, capacity 2996K, committed 3120K, reserved 1048576K
}
Event: 7.272 GC heap before
{Heap before GC invocations=10 (full 1):
 PSYoungGen      total 217600K, used 217118K [0x00000000d5980000, 0x00000000e7580000, 0x0000000100000000)
  eden space 210432K, 100% used [0x00000000d5980000,0x00000000e2700000,0x00000000e2700000)
  from space 7168K, 93% used [0x00000000e6e80000,0x00000000e7507928,0x00000000e7580000)
  to   space 18432K, 0% used [0x00000000e5180000,0x00000000e5180000,0x00000000e6380000)
 ParOldGen       total 87552K, used 30605K [0x0000000080c00000, 0x0000000086180000, 0x00000000d5980000)
  object space 87552K, 34% used [0x0000000080c00000,0x00000000829e35b0,0x0000000086180000)
 Metaspace       used 24434K, capacity 25040K, committed 25392K, reserved 1071104K
  class space    used 2831K, capacity 2997K, committed 3120K, reserved 1048576K
Event: 7.287 GC heap after
Heap after GC invocations=10 (full 1):
 PSYoungGen      total 272384K, used 5472K [0x00000000d5980000, 0x00000000e8d00000, 0x0000000100000000)
  eden space 253952K, 0% used [0x00000000d5980000,0x00000000d5980000,0x00000000e5180000)
  from space 18432K, 29% used [0x00000000e5180000,0x00000000e56d8020,0x00000000e6380000)
  to   space 17920K, 0% used [0x00000000e7b80000,0x00000000e7b80000,0x00000000e8d00000)
 ParOldGen       total 87552K, used 30613K [0x0000000080c00000, 0x0000000086180000, 0x00000000d5980000)
  object space 87552K, 34% used [0x0000000080c00000,0x00000000829e55b0,0x0000000086180000)
 Metaspace       used 24434K, capacity 25040K, committed 25392K, reserved 1071104K
  class space    used 2831K, capacity 2997K, committed 3120K, reserved 1048576K
}
Event: 8.152 GC heap before
{Heap before GC invocations=11 (full 1):
 PSYoungGen      total 272384K, used 259424K [0x00000000d5980000, 0x00000000e8d00000, 0x0000000100000000)
  eden space 253952K, 100% used [0x00000000d5980000,0x00000000e5180000,0x00000000e5180000)
  from space 18432K, 29% used [0x00000000e5180000,0x00000000e56d8020,0x00000000e6380000)
  to   space 17920K, 0% used [0x00000000e7b80000,0x00000000e7b80000,0x00000000e8d00000)
 ParOldGen       total 87552K, used 30613K [0x0000000080c00000, 0x0000000086180000, 0x00000000d5980000)
  object space 87552K, 34% used [0x0000000080c00000,0x00000000829e55b0,0x0000000086180000)
 Metaspace       used 24523K, capacity 25180K, committed 25392K, reserved 1071104K
  class space    used 2832K, capacity 2999K, committed 3120K, reserved 1048576K
Event: 8.249 GC heap after
Heap after GC invocations=11 (full 1):
 PSYoungGen      total 296448K, used 2464K [0x00000000d5980000, 0x00000000ed180000, 0x0000000100000000)
  eden space 278528K, 0% used [0x00000000d5980000,0x00000000d5980000,0x00000000e6980000)
  from space 17920K, 13% used [0x00000000e7b80000,0x00000000e7de8000,0x00000000e8d00000)
  to   space 18432K, 0% used [0x00000000e6980000,0x00000000e6980000,0x00000000e7b80000)
 ParOldGen       total 87552K, used 34492K [0x0000000080c00000, 0x0000000086180000, 0x00000000d5980000)
  object space 87552K, 39% used [0x0000000080c00000,0x0000000082daf240,0x0000000086180000)
 Metaspace       used 24523K, capacity 25180K, committed 25392K, reserved 1071104K
  class space    used 2832K, capacity 2999K, committed 3120K, reserved 1048576K
}
Event: 9.076 GC heap before
{Heap before GC invocations=12 (full 1):
 PSYoungGen      total 296448K, used 280992K [0x00000000d5980000, 0x00000000ed180000, 0x0000000100000000)
  eden space 278528K, 100% used [0x00000000d5980000,0x00000000e6980000,0x00000000e6980000)
  from space 17920K, 13% used [0x00000000e7b80000,0x00000000e7de8000,0x00000000e8d00000)
  to   space 18432K, 0% used [0x00000000e6980000,0x00000000e6980000,0x00000000e7b80000)
 ParOldGen       total 87552K, used 34492K [0x0000000080c00000, 0x0000000086180000, 0x00000000d5980000)
  object space 87552K, 39% used [0x0000000080c00000,0x0000000082daf240,0x0000000086180000)
 Metaspace       used 24621K, capacity 25256K, committed 25648K, reserved 1071104K
  class space    used 2842K, capacity 3001K, committed 3120K, reserved 1048576K
Event: 9.091 GC heap after
Heap after GC invocations=12 (full 1):
 PSYoungGen      total 296960K, used 1984K [0x00000000d5980000, 0x00000000eeb00000, 0x0000000100000000)
  eden space 278528K, 0% used [0x00000000d5980000,0x00000000d5980000,0x00000000e6980000)
  from space 18432K, 10% used [0x00000000e6980000,0x00000000e6b70000,0x00000000e7b80000)
  to   space 18432K, 0% used [0x00000000ed900000,0x00000000ed900000,0x00000000eeb00000)
 ParOldGen       total 87552K, used 36348K [0x0000000080c00000, 0x0000000086180000, 0x00000000d5980000)
  object space 87552K, 41% used [0x0000000080c00000,0x0000000082f7f240,0x0000000086180000)
 Metaspace       used 24621K, capacity 25256K, committed 25648K, reserved 1071104K
  class space    used 2842K, capacity 3001K, committed 3120K, reserved 1048576K
}

