# JRE version: Java(TM) SE Runtime Environment (8.0_45-b14) (build 1.8.0_45-b14)
# Java VM: Java HotSpot(TM) 64-Bit Server VM (25.45-b02 mixed mode windows-amd64 compressed oops)
Heap:
 PSYoungGen      total 438272K, used 405654K [0x00000000d5980000, 0x0000000100000000, 0x0000000100000000)
  eden space 425472K, 94% used [0x00000000d5980000,0x00000000ee3259d0,0x00000000ef900000)
  from space 12800K, 20% used [0x00000000ef900000,0x00000000efb80000,0x00000000f0580000)
  to   space 13312K, 0% used [0x00000000ff300000,0x00000000ff300000,0x0000000100000000)
 ParOldGen       total 87552K, used 24624K [0x0000000080c00000, 0x0000000086180000, 0x00000000d5980000)
  object space 87552K, 28% used [0x0000000080c00000,0x000000008240c0f0,0x0000000086180000)
 Metaspace       used 19040K, capacity 19674K, committed 19840K, reserved 1067008K
  class space    used 2191K, capacity 2354K, committed 2432K, reserved 1048576K
GC Heap History (10 events):
Event: 4.462 GC heap before
{Heap before GC invocations=7 (full 0):
 PSYoungGen      total 142848K, used 141596K [0x00000000d5980000, 0x00000000dee80000, 0x0000000100000000)
  eden space 133120K, 100% used [0x00000000d5980000,0x00000000ddb80000,0x00000000ddb80000)
  from space 9728K, 87% used [0x00000000de500000,0x00000000ded47020,0x00000000dee80000)
  to   space 9728K, 0% used [0x00000000ddb80000,0x00000000ddb80000,0x00000000de500000)
 ParOldGen       total 87552K, used 9950K [0x0000000080c00000, 0x0000000086180000, 0x00000000d5980000)
  object space 87552K, 11% used [0x0000000080c00000,0x00000000815b7ac0,0x0000000086180000)
 Metaspace       used 18477K, capacity 19120K, committed 19328K, reserved 1067008K
  class space    used 2166K, capacity 2347K, committed 2432K, reserved 1048576K
Event: 4.526 GC heap after
Heap after GC invocations=7 (full 0):
 PSYoungGen      total 142848K, used 9724K [0x00000000d5980000, 0x00000000e7680000, 0x0000000100000000)
  eden space 133120K, 0% used [0x00000000d5980000,0x00000000d5980000,0x00000000ddb80000)
  from space 9728K, 99% used [0x00000000ddb80000,0x00000000de4ff278,0x00000000de500000)
  to   space 12800K, 0% used [0x00000000e6a00000,0x00000000e6a00000,0x00000000e7680000)
 ParOldGen       total 87552K, used 13700K [0x0000000080c00000, 0x0000000086180000, 0x00000000d5980000)
  object space 87552K, 15% used [0x0000000080c00000,0x00000000819610e0,0x0000000086180000)
 Metaspace       used 18477K, capacity 19120K, committed 19328K, reserved 1067008K
  class space    used 2166K, capacity 2347K, committed 2432K, reserved 1048576K
}
Event: 5.133 GC heap before
{Heap before GC invocations=8 (full 0):
 PSYoungGen      total 142848K, used 142844K [0x00000000d5980000, 0x00000000e7680000, 0x0000000100000000)
  eden space 133120K, 100% used [0x00000000d5980000,0x00000000ddb80000,0x00000000ddb80000)
  from space 9728K, 99% used [0x00000000ddb80000,0x00000000de4ff278,0x00000000de500000)
  to   space 12800K, 0% used [0x00000000e6a00000,0x00000000e6a00000,0x00000000e7680000)
 ParOldGen       total 87552K, used 13700K [0x0000000080c00000, 0x0000000086180000, 0x00000000d5980000)
  object space 87552K, 15% used [0x0000000080c00000,0x00000000819610e0,0x0000000086180000)
 Metaspace       used 18644K, capacity 19312K, committed 19584K, reserved 1067008K
  class space    used 2167K, capacity 2347K, committed 2432K, reserved 1048576K
Event: 5.150 GC heap after
Heap after GC invocations=8 (full 0):
 PSYoungGen      total 279040K, used 8864K [0x00000000d5980000, 0x00000000e7680000, 0x0000000100000000)
  eden space 266240K, 0% used [0x00000000d5980000,0x00000000d5980000,0x00000000e5d80000)
  from space 12800K, 69% used [0x00000000e6a00000,0x00000000e72a8000,0x00000000e7680000)
  to   space 12800K, 0% used [0x00000000e5d80000,0x00000000e5d80000,0x00000000e6a00000)
 ParOldGen       total 87552K, used 16108K [0x0000000080c00000, 0x0000000086180000, 0x00000000d5980000)
  object space 87552K, 18% used [0x0000000080c00000,0x0000000081bbb0e0,0x0000000086180000)
 Metaspace       used 18644K, capacity 19312K, committed 19584K, reserved 1067008K
  class space    used 2167K, capacity 2347K, committed 2432K, reserved 1048576K
}
Event: 6.162 GC heap before
{Heap before GC invocations=9 (full 0):
 PSYoungGen      total 279040K, used 275104K [0x00000000d5980000, 0x00000000e7680000, 0x0000000100000000)
  eden space 266240K, 100% used [0x00000000d5980000,0x00000000e5d80000,0x00000000e5d80000)
  from space 12800K, 69% used [0x00000000e6a00000,0x00000000e72a8000,0x00000000e7680000)
  to   space 12800K, 0% used [0x00000000e5d80000,0x00000000e5d80000,0x00000000e6a00000)
 ParOldGen       total 87552K, used 16108K [0x0000000080c00000, 0x0000000086180000, 0x00000000d5980000)
  object space 87552K, 18% used [0x0000000080c00000,0x0000000081bbb0e0,0x0000000086180000)
 Metaspace       used 18781K, capacity 19458K, committed 19584K, reserved 1067008K
  class space    used 2169K, capacity 2350K, committed 2432K, reserved 1048576K
Event: 6.238 GC heap after
Heap after GC invocations=9 (full 0):
 PSYoungGen      total 279040K, used 6368K [0x00000000d5980000, 0x00000000f1180000, 0x0000000100000000)
  eden space 266240K, 0% used [0x00000000d5980000,0x00000000d5980000,0x00000000e5d80000)
  from space 12800K, 49% used [0x00000000e5d80000,0x00000000e63b8000,0x00000000e6a00000)
  to   space 12288K, 0% used [0x00000000f0580000,0x00000000f0580000,0x00000000f1180000)
 ParOldGen       total 87552K, used 19740K [0x0000000080c00000, 0x0000000086180000, 0x00000000d5980000)
  object space 87552K, 22% used [0x0000000080c00000,0x0000000081f470e0,0x0000000086180000)
 Metaspace       used 18781K, capacity 19458K, committed 19584K, reserved 1067008K
  class space    used 2169K, capacity 2350K, committed 2432K, reserved 1048576K
}
Event: 7.103 GC heap before
{Heap before GC invocations=10 (full 0):
 PSYoungGen      total 279040K, used 272608K [0x00000000d5980000, 0x00000000f1180000, 0x0000000100000000)
  eden space 266240K, 100% used [0x00000000d5980000,0x00000000e5d80000,0x00000000e5d80000)
  from space 12800K, 49% used [0x00000000e5d80000,0x00000000e63b8000,0x00000000e6a00000)
  to   space 12288K, 0% used [0x00000000f0580000,0x00000000f0580000,0x00000000f1180000)
 ParOldGen       total 87552K, used 19740K [0x0000000080c00000, 0x0000000086180000, 0x00000000d5980000)
  object space 87552K, 22% used [0x0000000080c00000,0x0000000081f470e0,0x0000000086180000)
 Metaspace       used 18901K, capacity 19534K, committed 19840K, reserved 1067008K
  class space    used 2179K, capacity 2352K, committed 2432K, reserved 1048576K
Event: 7.120 GC heap after
Heap after GC invocations=10 (full 0):
 PSYoungGen      total 437760K, used 2208K [0x00000000d5980000, 0x00000000f1280000, 0x0000000100000000)
  eden space 425472K, 0% used [0x00000000d5980000,0x00000000d5980000,0x00000000ef900000)
  from space 12288K, 17% used [0x00000000f0580000,0x00000000f07a8000,0x00000000f1180000)
  to   space 12800K, 0% used [0x00000000ef900000,0x00000000ef900000,0x00000000f0580000)
 ParOldGen       total 87552K, used 23016K [0x0000000080c00000, 0x0000000086180000, 0x00000000d5980000)
  object space 87552K, 26% used [0x0000000080c00000,0x000000008227a0f0,0x0000000086180000)
 Metaspace       used 18901K, capacity 19534K, committed 19840K, reserved 1067008K
  class space    used 2179K, capacity 2352K, committed 2432K, reserved 1048576K
}
Event: 8.332 GC heap before
{Heap before GC invocations=11 (full 0):
 PSYoungGen      total 437760K, used 427680K [0x00000000d5980000, 0x00000000f1280000, 0x0000000100000000)
  eden space 425472K, 100% used [0x00000000d5980000,0x00000000ef900000,0x00000000ef900000)
  from space 12288K, 17% used [0x00000000f0580000,0x00000000f07a8000,0x00000000f1180000)
  to   space 12800K, 0% used [0x00000000ef900000,0x00000000ef900000,0x00000000f0580000)
 ParOldGen       total 87552K, used 23016K [0x0000000080c00000, 0x0000000086180000, 0x00000000d5980000)
  object space 87552K, 26% used [0x0000000080c00000,0x000000008227a0f0,0x0000000086180000)
 Metaspace       used 18925K, capacity 19598K, committed 19840K, reserved 1067008K
  class space    used 2180K, capacity 2352K, committed 2432K, reserved 1048576K
Event: 8.392 GC heap after
Heap after GC invocations=11 (full 0):
 PSYoungGen      total 438272K, used 2560K [0x00000000d5980000, 0x0000000100000000, 0x0000000100000000)
  eden space 425472K, 0% used [0x00000000d5980000,0x00000000d5980000,0x00000000ef900000)
  from space 12800K, 20% used [0x00000000ef900000,0x00000000efb80000,0x00000000f0580000)
  to   space 13312K, 0% used [0x00000000ff300000,0x00000000ff300000,0x0000000100000000)
 ParOldGen       total 87552K, used 24624K [0x0000000080c00000, 0x0000000086180000, 0x00000000d5980000)
  object space 87552K, 28% used [0x0000000080c00000,0x000000008240c0f0,0x0000000086180000)
 Metaspace       used 18925K, capacity 19598K, committed 19840K, reserved 1067008K
  class space    used 2180K, capacity 2352K, committed 2432K, reserved 1048576K
}

