# JRE version: Java(TM) SE Runtime Environment (8.0_45-b14) (build 1.8.0_45-b14)
# Java VM: Java HotSpot(TM) 64-Bit Server VM (25.45-b02 mixed mode windows-amd64 compressed oops)
Heap:
 PSYoungGen      total 437760K, used 90233K [0x00000000d5980000, 0x00000000f1280000, 0x0000000100000000)
  eden space 425472K, 20% used [0x00000000d5980000,0x00000000daeae558,0x00000000ef900000)
  from space 12288K, 24% used [0x00000000f0580000,0x00000000f0870000,0x00000000f1180000)
  to   space 12800K, 0% used [0x00000000ef900000,0x00000000ef900000,0x00000000f0580000)
 ParOldGen       total 87552K, used 22200K [0x0000000080c00000, 0x0000000086180000, 0x00000000d5980000)
  object space 87552K, 25% used [0x0000000080c00000,0x00000000821ae048,0x0000000086180000)
 Metaspace       used 18935K, capacity 19590K, committed 19840K, reserved 1067008K
  class space    used 2179K, capacity 2352K, committed 2432K, reserved 1048576K
GC Heap History (10 events):
Event: 2.857 GC heap before
{Heap before GC invocations=6 (full 0):
 PSYoungGen      total 71680K, used 71672K [0x00000000d5980000, 0x00000000dee80000, 0x0000000100000000)
  eden space 66560K, 100% used [0x00000000d5980000,0x00000000d9a80000,0x00000000d9a80000)
  from space 5120K, 99% used [0x00000000d9a80000,0x00000000d9f7e030,0x00000000d9f80000)
  to   space 9728K, 0% used [0x00000000de500000,0x00000000de500000,0x00000000dee80000)
 ParOldGen       total 87552K, used 10056K [0x0000000080c00000, 0x0000000086180000, 0x00000000d5980000)
  object space 87552K, 11% used [0x0000000080c00000,0x00000000815d2218,0x0000000086180000)
 Metaspace       used 15513K, capacity 15904K, committed 16000K, reserved 1062912K
  class space    used 1792K, capacity 1920K, committed 1920K, reserved 1048576K
Event: 2.874 GC heap after
Heap after GC invocations=6 (full 0):
 PSYoungGen      total 142848K, used 8424K [0x00000000d5980000, 0x00000000dee80000, 0x0000000100000000)
  eden space 133120K, 0% used [0x00000000d5980000,0x00000000d5980000,0x00000000ddb80000)
  from space 9728K, 86% used [0x00000000de500000,0x00000000ded3a060,0x00000000dee80000)
  to   space 9728K, 0% used [0x00000000ddb80000,0x00000000ddb80000,0x00000000de500000)
 ParOldGen       total 87552K, used 10064K [0x0000000080c00000, 0x0000000086180000, 0x00000000d5980000)
  object space 87552K, 11% used [0x0000000080c00000,0x00000000815d4218,0x0000000086180000)
 Metaspace       used 15513K, capacity 15904K, committed 16000K, reserved 1062912K
  class space    used 1792K, capacity 1920K, committed 1920K, reserved 1048576K
}
Event: 4.133 GC heap before
{Heap before GC invocations=7 (full 0):
 PSYoungGen      total 142848K, used 141544K [0x00000000d5980000, 0x00000000dee80000, 0x0000000100000000)
  eden space 133120K, 100% used [0x00000000d5980000,0x00000000ddb80000,0x00000000ddb80000)
  from space 9728K, 86% used [0x00000000de500000,0x00000000ded3a060,0x00000000dee80000)
  to   space 9728K, 0% used [0x00000000ddb80000,0x00000000ddb80000,0x00000000de500000)
 ParOldGen       total 87552K, used 10064K [0x0000000080c00000, 0x0000000086180000, 0x00000000d5980000)
  object space 87552K, 11% used [0x0000000080c00000,0x00000000815d4218,0x0000000086180000)
 Metaspace       used 18513K, capacity 19176K, committed 19328K, reserved 1067008K
  class space    used 2166K, capacity 2347K, committed 2432K, reserved 1048576K
Event: 4.180 GC heap after
Heap after GC invocations=7 (full 0):
 PSYoungGen      total 142848K, used 9702K [0x00000000d5980000, 0x00000000e7680000, 0x0000000100000000)
  eden space 133120K, 0% used [0x00000000d5980000,0x00000000d5980000,0x00000000ddb80000)
  from space 9728K, 99% used [0x00000000ddb80000,0x00000000de4f99b8,0x00000000de500000)
  to   space 12800K, 0% used [0x00000000e6a00000,0x00000000e6a00000,0x00000000e7680000)
 ParOldGen       total 87552K, used 13776K [0x0000000080c00000, 0x0000000086180000, 0x00000000d5980000)
  object space 87552K, 15% used [0x0000000080c00000,0x0000000081974028,0x0000000086180000)
 Metaspace       used 18513K, capacity 19176K, committed 19328K, reserved 1067008K
  class space    used 2166K, capacity 2347K, committed 2432K, reserved 1048576K
}
Event: 4.766 GC heap before
{Heap before GC invocations=8 (full 0):
 PSYoungGen      total 142848K, used 142822K [0x00000000d5980000, 0x00000000e7680000, 0x0000000100000000)
  eden space 133120K, 100% used [0x00000000d5980000,0x00000000ddb80000,0x00000000ddb80000)
  from space 9728K, 99% used [0x00000000ddb80000,0x00000000de4f99b8,0x00000000de500000)
  to   space 12800K, 0% used [0x00000000e6a00000,0x00000000e6a00000,0x00000000e7680000)
 ParOldGen       total 87552K, used 13776K [0x0000000080c00000, 0x0000000086180000, 0x00000000d5980000)
  object space 87552K, 15% used [0x0000000080c00000,0x0000000081974028,0x0000000086180000)
 Metaspace       used 18675K, capacity 19304K, committed 19584K, reserved 1067008K
  class space    used 2166K, capacity 2347K, committed 2432K, reserved 1048576K
Event: 4.791 GC heap after
Heap after GC invocations=8 (full 0):
 PSYoungGen      total 278016K, used 8672K [0x00000000d5980000, 0x00000000e7580000, 0x0000000100000000)
  eden space 266240K, 0% used [0x00000000d5980000,0x00000000d5980000,0x00000000e5d80000)
  from space 11776K, 73% used [0x00000000e6a00000,0x00000000e7278000,0x00000000e7580000)
  to   space 12288K, 0% used [0x00000000e5d80000,0x00000000e5d80000,0x00000000e6980000)
 ParOldGen       total 87552K, used 15656K [0x0000000080c00000, 0x0000000086180000, 0x00000000d5980000)
  object space 87552K, 17% used [0x0000000080c00000,0x0000000081b4a028,0x0000000086180000)
 Metaspace       used 18675K, capacity 19304K, committed 19584K, reserved 1067008K
  class space    used 2166K, capacity 2347K, committed 2432K, reserved 1048576K
}
Event: 5.759 GC heap before
{Heap before GC invocations=9 (full 0):
 PSYoungGen      total 278016K, used 274912K [0x00000000d5980000, 0x00000000e7580000, 0x0000000100000000)
  eden space 266240K, 100% used [0x00000000d5980000,0x00000000e5d80000,0x00000000e5d80000)
  from space 11776K, 73% used [0x00000000e6a00000,0x00000000e7278000,0x00000000e7580000)
  to   space 12288K, 0% used [0x00000000e5d80000,0x00000000e5d80000,0x00000000e6980000)
 ParOldGen       total 87552K, used 15656K [0x0000000080c00000, 0x0000000086180000, 0x00000000d5980000)
  object space 87552K, 17% used [0x0000000080c00000,0x0000000081b4a028,0x0000000086180000)
 Metaspace       used 18811K, capacity 19450K, committed 19584K, reserved 1067008K
  class space    used 2168K, capacity 2350K, committed 2432K, reserved 1048576K
Event: 5.801 GC heap after
Heap after GC invocations=9 (full 0):
 PSYoungGen      total 278528K, used 5632K [0x00000000d5980000, 0x00000000f1180000, 0x0000000100000000)
  eden space 266240K, 0% used [0x00000000d5980000,0x00000000d5980000,0x00000000e5d80000)
  from space 12288K, 45% used [0x00000000e5d80000,0x00000000e6300000,0x00000000e6980000)
  to   space 12288K, 0% used [0x00000000f0580000,0x00000000f0580000,0x00000000f1180000)
 ParOldGen       total 87552K, used 18920K [0x0000000080c00000, 0x0000000086180000, 0x00000000d5980000)
  object space 87552K, 21% used [0x0000000080c00000,0x0000000081e7a028,0x0000000086180000)
 Metaspace       used 18811K, capacity 19450K, committed 19584K, reserved 1067008K
  class space    used 2168K, capacity 2350K, committed 2432K, reserved 1048576K
}
Event: 6.674 GC heap before
{Heap before GC invocations=10 (full 0):
 PSYoungGen      total 278528K, used 271872K [0x00000000d5980000, 0x00000000f1180000, 0x0000000100000000)
  eden space 266240K, 100% used [0x00000000d5980000,0x00000000e5d80000,0x00000000e5d80000)
  from space 12288K, 45% used [0x00000000e5d80000,0x00000000e6300000,0x00000000e6980000)
  to   space 12288K, 0% used [0x00000000f0580000,0x00000000f0580000,0x00000000f1180000)
 ParOldGen       total 87552K, used 18920K [0x0000000080c00000, 0x0000000086180000, 0x00000000d5980000)
  object space 87552K, 21% used [0x0000000080c00000,0x0000000081e7a028,0x0000000086180000)
 Metaspace       used 18927K, capacity 19584K, committed 19840K, reserved 1067008K
  class space    used 2178K, capacity 2351K, committed 2432K, reserved 1048576K
Event: 6.708 GC heap after
Heap after GC invocations=10 (full 0):
 PSYoungGen      total 437760K, used 3008K [0x00000000d5980000, 0x00000000f1280000, 0x0000000100000000)
  eden space 425472K, 0% used [0x00000000d5980000,0x00000000d5980000,0x00000000ef900000)
  from space 12288K, 24% used [0x00000000f0580000,0x00000000f0870000,0x00000000f1180000)
  to   space 12800K, 0% used [0x00000000ef900000,0x00000000ef900000,0x00000000f0580000)
 ParOldGen       total 87552K, used 22200K [0x0000000080c00000, 0x0000000086180000, 0x00000000d5980000)
  object space 87552K, 25% used [0x0000000080c00000,0x00000000821ae048,0x0000000086180000)
 Metaspace       used 18927K, capacity 19584K, committed 19840K, reserved 1067008K
  class space    used 2178K, capacity 2351K, committed 2432K, reserved 1048576K
}

