# JRE version: Java(TM) SE Runtime Environment (8.0_45-b14) (build 1.8.0_45-b14)
# Java VM: Java HotSpot(TM) 64-Bit Server VM (25.45-b02 mixed mode windows-amd64 compressed oops)
Heap:
 PSYoungGen      total 286720K, used 273843K [0x00000000d5980000, 0x00000000efb80000, 0x0000000100000000)
  eden space 266240K, 100% used [0x00000000d5980000,0x00000000e5d80000,0x00000000e5d80000)
  from space 20480K, 37% used [0x00000000e5d80000,0x00000000e64ecee8,0x00000000e7180000)
  to   space 19456K, 17% used [0x00000000ee880000,0x00000000eebd0010,0x00000000efb80000)
 ParOldGen       total 98816K, used 32555K [0x0000000080c00000, 0x0000000086c80000, 0x00000000d5980000)
  object space 98816K, 32% used [0x0000000080c00000,0x0000000082bcad00,0x0000000086c80000)
 Metaspace       used 24619K, capacity 25312K, committed 25648K, reserved 1071104K
  class space    used 2836K, capacity 2999K, committed 3120K, reserved 1048576K
GC Heap History (10 events):
Event: 2.295 GC heap after
Heap after GC invocations=4 (full 0):
 PSYoungGen      total 138240K, used 5112K [0x00000000d5980000, 0x00000000de580000, 0x0000000100000000)
  eden space 133120K, 0% used [0x00000000d5980000,0x00000000d5980000,0x00000000ddb80000)
  from space 5120K, 99% used [0x00000000de080000,0x00000000de57e030,0x00000000de580000)
  to   space 5120K, 0% used [0x00000000ddb80000,0x00000000ddb80000,0x00000000de080000)
 ParOldGen       total 87552K, used 9844K [0x0000000080c00000, 0x0000000086180000, 0x00000000d5980000)
  object space 87552K, 11% used [0x0000000080c00000,0x000000008159d1f0,0x0000000086180000)
 Metaspace       used 14558K, capacity 14798K, committed 15104K, reserved 1062912K
  class space    used 1706K, capacity 1783K, committed 1792K, reserved 1048576K
}
Event: 3.694 GC heap before
{Heap before GC invocations=5 (full 0):
 PSYoungGen      total 138240K, used 138232K [0x00000000d5980000, 0x00000000de580000, 0x0000000100000000)
  eden space 133120K, 100% used [0x00000000d5980000,0x00000000ddb80000,0x00000000ddb80000)
  from space 5120K, 99% used [0x00000000de080000,0x00000000de57e030,0x00000000de580000)
  to   space 5120K, 0% used [0x00000000ddb80000,0x00000000ddb80000,0x00000000de080000)
 ParOldGen       total 87552K, used 9844K [0x0000000080c00000, 0x0000000086180000, 0x00000000d5980000)
  object space 87552K, 11% used [0x0000000080c00000,0x000000008159d1f0,0x0000000086180000)
 Metaspace       used 20183K, capacity 20688K, committed 20992K, reserved 1067008K
  class space    used 2368K, capacity 2512K, committed 2560K, reserved 1048576K
Event: 3.736 GC heap after
Heap after GC invocations=5 (full 0):
 PSYoungGen      total 138240K, used 5112K [0x00000000d5980000, 0x00000000e8780000, 0x0000000100000000)
  eden space 133120K, 0% used [0x00000000d5980000,0x00000000d5980000,0x00000000ddb80000)
  from space 5120K, 99% used [0x00000000ddb80000,0x00000000de07e030,0x00000000de080000)
  to   space 21504K, 0% used [0x00000000e7280000,0x00000000e7280000,0x00000000e8780000)
 ParOldGen       total 87552K, used 28625K [0x0000000080c00000, 0x0000000086180000, 0x00000000d5980000)
  object space 87552K, 32% used [0x0000000080c00000,0x00000000827f46e8,0x0000000086180000)
 Metaspace       used 20183K, capacity 20688K, committed 20992K, reserved 1067008K
  class space    used 2368K, capacity 2512K, committed 2560K, reserved 1048576K
}
Event: 3.946 GC heap before
{Heap before GC invocations=6 (full 0):
 PSYoungGen      total 138240K, used 18638K [0x00000000d5980000, 0x00000000e8780000, 0x0000000100000000)
  eden space 133120K, 10% used [0x00000000d5980000,0x00000000d66b5ae8,0x00000000ddb80000)
  from space 5120K, 99% used [0x00000000ddb80000,0x00000000de07e030,0x00000000de080000)
  to   space 21504K, 0% used [0x00000000e7280000,0x00000000e7280000,0x00000000e8780000)
 ParOldGen       total 87552K, used 28625K [0x0000000080c00000, 0x0000000086180000, 0x00000000d5980000)
  object space 87552K, 32% used [0x0000000080c00000,0x00000000827f46e8,0x0000000086180000)
 Metaspace       used 20759K, capacity 21200K, committed 21296K, reserved 1069056K
  class space    used 2433K, capacity 2576K, committed 2608K, reserved 1048576K
Event: 3.965 GC heap after
Heap after GC invocations=6 (full 0):
 PSYoungGen      total 285696K, used 8011K [0x00000000d5980000, 0x00000000e8580000, 0x0000000100000000)
  eden space 266240K, 0% used [0x00000000d5980000,0x00000000d5980000,0x00000000e5d80000)
  from space 19456K, 41% used [0x00000000e7280000,0x00000000e7a52fc0,0x00000000e8580000)
  to   space 20480K, 0% used [0x00000000e5d80000,0x00000000e5d80000,0x00000000e7180000)
 ParOldGen       total 87552K, used 28633K [0x0000000080c00000, 0x0000000086180000, 0x00000000d5980000)
  object space 87552K, 32% used [0x0000000080c00000,0x00000000827f66e8,0x0000000086180000)
 Metaspace       used 20759K, capacity 21200K, committed 21296K, reserved 1069056K
  class space    used 2433K, capacity 2576K, committed 2608K, reserved 1048576K
}
Event: 3.965 GC heap before
{Heap before GC invocations=7 (full 1):
 PSYoungGen      total 285696K, used 8011K [0x00000000d5980000, 0x00000000e8580000, 0x0000000100000000)
  eden space 266240K, 0% used [0x00000000d5980000,0x00000000d5980000,0x00000000e5d80000)
  from space 19456K, 41% used [0x00000000e7280000,0x00000000e7a52fc0,0x00000000e8580000)
  to   space 20480K, 0% used [0x00000000e5d80000,0x00000000e5d80000,0x00000000e7180000)
 ParOldGen       total 87552K, used 28633K [0x0000000080c00000, 0x0000000086180000, 0x00000000d5980000)
  object space 87552K, 32% used [0x0000000080c00000,0x00000000827f66e8,0x0000000086180000)
 Metaspace       used 20759K, capacity 21200K, committed 21296K, reserved 1069056K
  class space    used 2433K, capacity 2576K, committed 2608K, reserved 1048576K
Event: 4.148 GC heap after
Heap after GC invocations=7 (full 1):
 PSYoungGen      total 285696K, used 0K [0x00000000d5980000, 0x00000000e8580000, 0x0000000100000000)
  eden space 266240K, 0% used [0x00000000d5980000,0x00000000d5980000,0x00000000e5d80000)
  from space 19456K, 0% used [0x00000000e7280000,0x00000000e7280000,0x00000000e8580000)
  to   space 20480K, 0% used [0x00000000e5d80000,0x00000000e5d80000,0x00000000e7180000)
 ParOldGen       total 98816K, used 32547K [0x0000000080c00000, 0x0000000086c80000, 0x00000000d5980000)
  object space 98816K, 32% used [0x0000000080c00000,0x0000000082bc8d00,0x0000000086c80000)
 Metaspace       used 20759K, capacity 21200K, committed 21296K, reserved 1069056K
  class space    used 2433K, capacity 2576K, committed 2608K, reserved 1048576K
}
Event: 6.621 GC heap before
{Heap before GC invocations=8 (full 1):
 PSYoungGen      total 285696K, used 266240K [0x00000000d5980000, 0x00000000e8580000, 0x0000000100000000)
  eden space 266240K, 100% used [0x00000000d5980000,0x00000000e5d80000,0x00000000e5d80000)
  from space 19456K, 0% used [0x00000000e7280000,0x00000000e7280000,0x00000000e8580000)
  to   space 20480K, 0% used [0x00000000e5d80000,0x00000000e5d80000,0x00000000e7180000)
 ParOldGen       total 98816K, used 32547K [0x0000000080c00000, 0x0000000086c80000, 0x00000000d5980000)
  object space 98816K, 32% used [0x0000000080c00000,0x0000000082bc8d00,0x0000000086c80000)
 Metaspace       used 24493K, capacity 25166K, committed 25392K, reserved 1071104K
  class space    used 2833K, capacity 2996K, committed 3120K, reserved 1048576K
Event: 6.672 GC heap after
Heap after GC invocations=8 (full 1):
 PSYoungGen      total 286720K, used 7603K [0x00000000d5980000, 0x00000000efb80000, 0x0000000100000000)
  eden space 266240K, 0% used [0x00000000d5980000,0x00000000d5980000,0x00000000e5d80000)
  from space 20480K, 37% used [0x00000000e5d80000,0x00000000e64ecee8,0x00000000e7180000)
  to   space 19456K, 0% used [0x00000000ee880000,0x00000000ee880000,0x00000000efb80000)
 ParOldGen       total 98816K, used 32555K [0x0000000080c00000, 0x0000000086c80000, 0x00000000d5980000)
  object space 98816K, 32% used [0x0000000080c00000,0x0000000082bcad00,0x0000000086c80000)
 Metaspace       used 24493K, capacity 25166K, committed 25392K, reserved 1071104K
  class space    used 2833K, capacity 2996K, committed 3120K, reserved 1048576K
}
Event: 7.538 GC heap before
{Heap before GC invocations=9 (full 1):
 PSYoungGen      total 286720K, used 273843K [0x00000000d5980000, 0x00000000efb80000, 0x0000000100000000)
  eden space 266240K, 100% used [0x00000000d5980000,0x00000000e5d80000,0x00000000e5d80000)
  from space 20480K, 37% used [0x00000000e5d80000,0x00000000e64ecee8,0x00000000e7180000)
  to   space 19456K, 0% used [0x00000000ee880000,0x00000000ee880000,0x00000000efb80000)
 ParOldGen       total 98816K, used 32555K [0x0000000080c00000, 0x0000000086c80000, 0x00000000d5980000)
  object space 98816K, 32% used [0x0000000080c00000,0x0000000082bcad00,0x0000000086c80000)
 Metaspace       used 24619K, capacity 25312K, committed 25648K, reserved 1071104K
  class space    used 2836K, capacity 2999K, committed 3120K, reserved 1048576K

