# JRE version: Java(TM) SE Runtime Environment (8.0_45-b14) (build 1.8.0_45-b14)
# Java VM: Java HotSpot(TM) 64-Bit Server VM (25.45-b02 mixed mode windows-amd64 compressed oops)
Heap:
 PSYoungGen      total 681984K, used 674176K [0x00000000d5980000, 0x0000000100000000, 0x0000000100000000)
  eden space 669184K, 100% used [0x00000000d5980000,0x00000000fe700000,0x00000000fe700000)
  from space 12800K, 39% used [0x00000000fe700000,0x00000000febe0010,0x00000000ff380000)
  to   space 12800K, 32% used [0x00000000ff380000,0x00000000ff784050,0x0000000100000000)
 ParOldGen       total 87552K, used 26881K [0x0000000080c00000, 0x0000000086180000, 0x00000000d5980000)
  object space 87552K, 30% used [0x0000000080c00000,0x0000000082640788,0x0000000086180000)
 Metaspace       used 19392K, capacity 20036K, committed 20352K, reserved 1067008K
  class space    used 2207K, capacity 2387K, committed 2432K, reserved 1048576K
GC Heap History (10 events):
Event: 6.754 GC heap after
Heap after GC invocations=9 (full 0):
 PSYoungGen      total 278528K, used 5792K [0x00000000d5980000, 0x00000000f1180000, 0x0000000100000000)
  eden space 266240K, 0% used [0x00000000d5980000,0x00000000d5980000,0x00000000e5d80000)
  from space 12288K, 47% used [0x00000000e5d80000,0x00000000e6328000,0x00000000e6980000)
  to   space 12288K, 0% used [0x00000000f0580000,0x00000000f0580000,0x00000000f1180000)
 ParOldGen       total 87552K, used 19549K [0x0000000080c00000, 0x0000000086180000, 0x00000000d5980000)
  object space 87552K, 22% used [0x0000000080c00000,0x0000000081f17778,0x0000000086180000)
 Metaspace       used 18809K, capacity 19462K, committed 19584K, reserved 1067008K
  class space    used 2170K, capacity 2350K, committed 2432K, reserved 1048576K
}
Event: 7.639 GC heap before
{Heap before GC invocations=10 (full 0):
 PSYoungGen      total 278528K, used 272032K [0x00000000d5980000, 0x00000000f1180000, 0x0000000100000000)
  eden space 266240K, 100% used [0x00000000d5980000,0x00000000e5d80000,0x00000000e5d80000)
  from space 12288K, 47% used [0x00000000e5d80000,0x00000000e6328000,0x00000000e6980000)
  to   space 12288K, 0% used [0x00000000f0580000,0x00000000f0580000,0x00000000f1180000)
 ParOldGen       total 87552K, used 19549K [0x0000000080c00000, 0x0000000086180000, 0x00000000d5980000)
  object space 87552K, 22% used [0x0000000080c00000,0x0000000081f17778,0x0000000086180000)
 Metaspace       used 18926K, capacity 19602K, committed 19840K, reserved 1067008K
  class space    used 2179K, capacity 2352K, committed 2432K, reserved 1048576K
Event: 7.659 GC heap after
Heap after GC invocations=10 (full 0):
 PSYoungGen      total 437760K, used 3072K [0x00000000d5980000, 0x00000000f1280000, 0x0000000100000000)
  eden space 425472K, 0% used [0x00000000d5980000,0x00000000d5980000,0x00000000ef900000)
  from space 12288K, 25% used [0x00000000f0580000,0x00000000f0880000,0x00000000f1180000)
  to   space 12800K, 0% used [0x00000000ef900000,0x00000000ef900000,0x00000000f0580000)
 ParOldGen       total 87552K, used 22841K [0x0000000080c00000, 0x0000000086180000, 0x00000000d5980000)
  object space 87552K, 26% used [0x0000000080c00000,0x000000008224e788,0x0000000086180000)
 Metaspace       used 18926K, capacity 19602K, committed 19840K, reserved 1067008K
  class space    used 2179K, capacity 2352K, committed 2432K, reserved 1048576K
}
Event: 8.797 GC heap before
{Heap before GC invocations=11 (full 0):
 PSYoungGen      total 437760K, used 428544K [0x00000000d5980000, 0x00000000f1280000, 0x0000000100000000)
  eden space 425472K, 100% used [0x00000000d5980000,0x00000000ef900000,0x00000000ef900000)
  from space 12288K, 25% used [0x00000000f0580000,0x00000000f0880000,0x00000000f1180000)
  to   space 12800K, 0% used [0x00000000ef900000,0x00000000ef900000,0x00000000f0580000)
 ParOldGen       total 87552K, used 22841K [0x0000000080c00000, 0x0000000086180000, 0x00000000d5980000)
  object space 87552K, 26% used [0x0000000080c00000,0x000000008224e788,0x0000000086180000)
 Metaspace       used 18945K, capacity 19602K, committed 19840K, reserved 1067008K
  class space    used 2179K, capacity 2352K, committed 2432K, reserved 1048576K
Event: 8.830 GC heap after
Heap after GC invocations=11 (full 0):
 PSYoungGen      total 438272K, used 2912K [0x00000000d5980000, 0x0000000100000000, 0x0000000100000000)
  eden space 425472K, 0% used [0x00000000d5980000,0x00000000d5980000,0x00000000ef900000)
  from space 12800K, 22% used [0x00000000ef900000,0x00000000efbd8000,0x00000000f0580000)
  to   space 12800K, 0% used [0x00000000ff380000,0x00000000ff380000,0x0000000100000000)
 ParOldGen       total 87552K, used 24433K [0x0000000080c00000, 0x0000000086180000, 0x00000000d5980000)
  object space 87552K, 27% used [0x0000000080c00000,0x00000000823dc788,0x0000000086180000)
 Metaspace       used 18945K, capacity 19602K, committed 19840K, reserved 1067008K
  class space    used 2179K, capacity 2352K, committed 2432K, reserved 1048576K
}
Event: 14.497 GC heap before
{Heap before GC invocations=12 (full 0):
 PSYoungGen      total 438272K, used 428384K [0x00000000d5980000, 0x0000000100000000, 0x0000000100000000)
  eden space 425472K, 100% used [0x00000000d5980000,0x00000000ef900000,0x00000000ef900000)
  from space 12800K, 22% used [0x00000000ef900000,0x00000000efbd8000,0x00000000f0580000)
  to   space 12800K, 0% used [0x00000000ff380000,0x00000000ff380000,0x0000000100000000)
 ParOldGen       total 87552K, used 24433K [0x0000000080c00000, 0x0000000086180000, 0x00000000d5980000)
  object space 87552K, 27% used [0x0000000080c00000,0x00000000823dc788,0x0000000086180000)
 Metaspace       used 19071K, capacity 19678K, committed 19840K, reserved 1067008K
  class space    used 2191K, capacity 2354K, committed 2432K, reserved 1048576K
Event: 14.503 GC heap after
Heap after GC invocations=12 (full 0):
 PSYoungGen      total 681984K, used 4104K [0x00000000d5980000, 0x0000000100000000, 0x0000000100000000)
  eden space 669184K, 0% used [0x00000000d5980000,0x00000000d5980000,0x00000000fe700000)
  from space 12800K, 32% used [0x00000000ff380000,0x00000000ff782080,0x0000000100000000)
  to   space 12800K, 0% used [0x00000000fe700000,0x00000000fe700000,0x00000000ff380000)
 ParOldGen       total 87552K, used 25921K [0x0000000080c00000, 0x0000000086180000, 0x00000000d5980000)
  object space 87552K, 29% used [0x0000000080c00000,0x0000000082550788,0x0000000086180000)
 Metaspace       used 19071K, capacity 19678K, committed 19840K, reserved 1067008K
  class space    used 2191K, capacity 2354K, committed 2432K, reserved 1048576K
}
Event: 15.433 GC heap before
{Heap before GC invocations=13 (full 0):
 PSYoungGen      total 681984K, used 673288K [0x00000000d5980000, 0x0000000100000000, 0x0000000100000000)
  eden space 669184K, 100% used [0x00000000d5980000,0x00000000fe700000,0x00000000fe700000)
  from space 12800K, 32% used [0x00000000ff380000,0x00000000ff782080,0x0000000100000000)
  to   space 12800K, 0% used [0x00000000fe700000,0x00000000fe700000,0x00000000ff380000)
 ParOldGen       total 87552K, used 25921K [0x0000000080c00000, 0x0000000086180000, 0x00000000d5980000)
  object space 87552K, 29% used [0x0000000080c00000,0x0000000082550788,0x0000000086180000)
 Metaspace       used 19204K, capacity 19838K, committed 20096K, reserved 1067008K
  class space    used 2199K, capacity 2386K, committed 2432K, reserved 1048576K
Event: 15.440 GC heap after
Heap after GC invocations=13 (full 0):
 PSYoungGen      total 681984K, used 4992K [0x00000000d5980000, 0x0000000100000000, 0x0000000100000000)
  eden space 669184K, 0% used [0x00000000d5980000,0x00000000d5980000,0x00000000fe700000)
  from space 12800K, 39% used [0x00000000fe700000,0x00000000febe0010,0x00000000ff380000)
  to   space 12800K, 0% used [0x00000000ff380000,0x00000000ff380000,0x0000000100000000)
 ParOldGen       total 87552K, used 26857K [0x0000000080c00000, 0x0000000086180000, 0x00000000d5980000)
  object space 87552K, 30% used [0x0000000080c00000,0x000000008263a788,0x0000000086180000)
 Metaspace       used 19204K, capacity 19838K, committed 20096K, reserved 1067008K
  class space    used 2199K, capacity 2386K, committed 2432K, reserved 1048576K
}
Event: 17.901 GC heap before
{Heap before GC invocations=14 (full 0):
 PSYoungGen      total 681984K, used 674176K [0x00000000d5980000, 0x0000000100000000, 0x0000000100000000)
  eden space 669184K, 100% used [0x00000000d5980000,0x00000000fe700000,0x00000000fe700000)
  from space 12800K, 39% used [0x00000000fe700000,0x00000000febe0010,0x00000000ff380000)
  to   space 12800K, 0% used [0x00000000ff380000,0x00000000ff380000,0x0000000100000000)
 ParOldGen       total 87552K, used 26857K [0x0000000080c00000, 0x0000000086180000, 0x00000000d5980000)
  object space 87552K, 30% used [0x0000000080c00000,0x000000008263a788,0x0000000086180000)
 Metaspace       used 19392K, capacity 20036K, committed 20352K, reserved 1067008K
  class space    used 2207K, capacity 2387K, committed 2432K, reserved 1048576K

