# JRE version: Java(TM) SE Runtime Environment (8.0_45-b14) (build 1.8.0_45-b14)
# Java VM: Java HotSpot(TM) 64-Bit Server VM (25.45-b02 mixed mode windows-amd64 compressed oops)
Heap:
 PSYoungGen      total 593920K, used 281646K [0x00000000d5980000, 0x0000000100000000, 0x0000000100000000)
  eden space 547328K, 42% used [0x00000000d5980000,0x00000000e3f0d2a0,0x00000000f7000000)
  from space 46592K, 99% used [0x00000000f7000000,0x00000000f9d7e8d0,0x00000000f9d80000)
  to   space 57344K, 0% used [0x00000000fc800000,0x00000000fc800000,0x0000000100000000)
 ParOldGen       total 185856K, used 93714K [0x0000000080c00000, 0x000000008c180000, 0x00000000d5980000)
  object space 185856K, 50% used [0x0000000080c00000,0x0000000086784bb8,0x000000008c180000)
 Metaspace       used 27414K, capacity 28162K, committed 28464K, reserved 1075200K
  class space    used 3117K, capacity 3304K, committed 3376K, reserved 1048576K
GC Heap History (10 events):
Event: 15.429 GC heap before
{Heap before GC invocations=17 (full 1):
 PSYoungGen      total 411136K, used 406016K [0x00000000d5980000, 0x00000000f5400000, 0x0000000100000000)
  eden space 395264K, 100% used [0x00000000d5980000,0x00000000edb80000,0x00000000edb80000)
  from space 15872K, 67% used [0x00000000edb80000,0x00000000ee600030,0x00000000eeb00000)
  to   space 15872K, 0% used [0x00000000f4480000,0x00000000f4480000,0x00000000f5400000)
 ParOldGen       total 91136K, used 31567K [0x0000000080c00000, 0x0000000086500000, 0x00000000d5980000)
  object space 91136K, 34% used [0x0000000080c00000,0x0000000082ad3ec8,0x0000000086500000)
 Metaspace       used 24873K, capacity 25560K, committed 25904K, reserved 1073152K
  class space    used 2861K, capacity 3035K, committed 3120K, reserved 1048576K
Event: 15.444 GC heap after
Heap after GC invocations=17 (full 1):
 PSYoungGen      total 501760K, used 13280K [0x00000000d5980000, 0x00000000f6180000, 0x0000000100000000)
  eden space 485888K, 0% used [0x00000000d5980000,0x00000000d5980000,0x00000000f3400000)
  from space 15872K, 83% used [0x00000000f4480000,0x00000000f5178030,0x00000000f5400000)
  to   space 16896K, 0% used [0x00000000f3400000,0x00000000f3400000,0x00000000f4480000)
 ParOldGen       total 91136K, used 31575K [0x0000000080c00000, 0x0000000086500000, 0x00000000d5980000)
  object space 91136K, 34% used [0x0000000080c00000,0x0000000082ad5ec8,0x0000000086500000)
 Metaspace       used 24873K, capacity 25560K, committed 25904K, reserved 1073152K
  class space    used 2861K, capacity 3035K, committed 3120K, reserved 1048576K
}
Event: 17.862 GC heap before
{Heap before GC invocations=18 (full 1):
 PSYoungGen      total 501760K, used 499168K [0x00000000d5980000, 0x00000000f6180000, 0x0000000100000000)
  eden space 485888K, 100% used [0x00000000d5980000,0x00000000f3400000,0x00000000f3400000)
  from space 15872K, 83% used [0x00000000f4480000,0x00000000f5178030,0x00000000f5400000)
  to   space 16896K, 0% used [0x00000000f3400000,0x00000000f3400000,0x00000000f4480000)
 ParOldGen       total 91136K, used 31575K [0x0000000080c00000, 0x0000000086500000, 0x00000000d5980000)
  object space 91136K, 34% used [0x0000000080c00000,0x0000000082ad5ec8,0x0000000086500000)
 Metaspace       used 25011K, capacity 25752K, committed 25904K, reserved 1073152K
  class space    used 2865K, capacity 3035K, committed 3120K, reserved 1048576K
Event: 17.895 GC heap after
Heap after GC invocations=18 (full 1):
 PSYoungGen      total 502784K, used 16886K [0x00000000d5980000, 0x00000000fbb00000, 0x0000000100000000)
  eden space 485888K, 0% used [0x00000000d5980000,0x00000000d5980000,0x00000000f3400000)
  from space 16896K, 99% used [0x00000000f3400000,0x00000000f447da90,0x00000000f4480000)
  to   space 30208K, 0% used [0x00000000f9d80000,0x00000000f9d80000,0x00000000fbb00000)
 ParOldGen       total 91136K, used 62224K [0x0000000080c00000, 0x0000000086500000, 0x00000000d5980000)
  object space 91136K, 68% used [0x0000000080c00000,0x00000000848c41d0,0x0000000086500000)
 Metaspace       used 25011K, capacity 25752K, committed 25904K, reserved 1073152K
  class space    used 2865K, capacity 3035K, committed 3120K, reserved 1048576K
}
Event: 20.630 GC heap before
{Heap before GC invocations=19 (full 1):
 PSYoungGen      total 502784K, used 502774K [0x00000000d5980000, 0x00000000fbb00000, 0x0000000100000000)
  eden space 485888K, 100% used [0x00000000d5980000,0x00000000f3400000,0x00000000f3400000)
  from space 16896K, 99% used [0x00000000f3400000,0x00000000f447da90,0x00000000f4480000)
  to   space 30208K, 0% used [0x00000000f9d80000,0x00000000f9d80000,0x00000000fbb00000)
 ParOldGen       total 91136K, used 62224K [0x0000000080c00000, 0x0000000086500000, 0x00000000d5980000)
  object space 91136K, 68% used [0x0000000080c00000,0x00000000848c41d0,0x0000000086500000)
 Metaspace       used 25013K, capacity 25752K, committed 25904K, reserved 1073152K
  class space    used 2865K, capacity 3035K, committed 3120K, reserved 1048576K
Event: 20.675 GC heap after
Heap after GC invocations=19 (full 1):
 PSYoungGen      total 577536K, used 30190K [0x00000000d5980000, 0x00000000fd700000, 0x0000000100000000)
  eden space 547328K, 0% used [0x00000000d5980000,0x00000000d5980000,0x00000000f7000000)
  from space 30208K, 99% used [0x00000000f9d80000,0x00000000fbafb890,0x00000000fbb00000)
  to   space 46592K, 0% used [0x00000000f7000000,0x00000000f7000000,0x00000000f9d80000)
 ParOldGen       total 93696K, used 93682K [0x0000000080c00000, 0x0000000086780000, 0x00000000d5980000)
  object space 93696K, 99% used [0x0000000080c00000,0x000000008677c9e8,0x0000000086780000)
 Metaspace       used 25013K, capacity 25752K, committed 25904K, reserved 1073152K
  class space    used 2865K, capacity 3035K, committed 3120K, reserved 1048576K
}
Event: 20.675 GC heap before
{Heap before GC invocations=20 (full 2):
 PSYoungGen      total 577536K, used 30190K [0x00000000d5980000, 0x00000000fd700000, 0x0000000100000000)
  eden space 547328K, 0% used [0x00000000d5980000,0x00000000d5980000,0x00000000f7000000)
  from space 30208K, 99% used [0x00000000f9d80000,0x00000000fbafb890,0x00000000fbb00000)
  to   space 46592K, 0% used [0x00000000f7000000,0x00000000f7000000,0x00000000f9d80000)
 ParOldGen       total 93696K, used 93682K [0x0000000080c00000, 0x0000000086780000, 0x00000000d5980000)
  object space 93696K, 99% used [0x0000000080c00000,0x000000008677c9e8,0x0000000086780000)
 Metaspace       used 25013K, capacity 25752K, committed 25904K, reserved 1073152K
  class space    used 2865K, capacity 3035K, committed 3120K, reserved 1048576K
Event: 20.829 GC heap after
Heap after GC invocations=20 (full 2):
 PSYoungGen      total 577536K, used 0K [0x00000000d5980000, 0x00000000fd700000, 0x0000000100000000)
  eden space 547328K, 0% used [0x00000000d5980000,0x00000000d5980000,0x00000000f7000000)
  from space 30208K, 0% used [0x00000000f9d80000,0x00000000f9d80000,0x00000000fbb00000)
  to   space 46592K, 0% used [0x00000000f7000000,0x00000000f7000000,0x00000000f9d80000)
 ParOldGen       total 185856K, used 84912K [0x0000000080c00000, 0x000000008c180000, 0x00000000d5980000)
  object space 185856K, 45% used [0x0000000080c00000,0x0000000085eec348,0x000000008c180000)
 Metaspace       used 25013K, capacity 25752K, committed 25904K, reserved 1073152K
  class space    used 2865K, capacity 3035K, committed 3120K, reserved 1048576K
}
Event: 23.738 GC heap before
{Heap before GC invocations=21 (full 2):
 PSYoungGen      total 577536K, used 547328K [0x00000000d5980000, 0x00000000fd700000, 0x0000000100000000)
  eden space 547328K, 100% used [0x00000000d5980000,0x00000000f7000000,0x00000000f7000000)
  from space 30208K, 0% used [0x00000000f9d80000,0x00000000f9d80000,0x00000000fbb00000)
  to   space 46592K, 0% used [0x00000000f7000000,0x00000000f7000000,0x00000000f9d80000)
 ParOldGen       total 185856K, used 84912K [0x0000000080c00000, 0x000000008c180000, 0x00000000d5980000)
  object space 185856K, 45% used [0x0000000080c00000,0x0000000085eec348,0x000000008c180000)
 Metaspace       used 25014K, capacity 25752K, committed 25904K, reserved 1073152K
  class space    used 2865K, capacity 3035K, committed 3120K, reserved 1048576K
Event: 23.774 GC heap after
Heap after GC invocations=21 (full 2):
 PSYoungGen      total 593920K, used 46586K [0x00000000d5980000, 0x0000000100000000, 0x0000000100000000)
  eden space 547328K, 0% used [0x00000000d5980000,0x00000000d5980000,0x00000000f7000000)
  from space 46592K, 99% used [0x00000000f7000000,0x00000000f9d7e8d0,0x00000000f9d80000)
  to   space 57344K, 0% used [0x00000000fc800000,0x00000000fc800000,0x0000000100000000)
 ParOldGen       total 185856K, used 93714K [0x0000000080c00000, 0x000000008c180000, 0x00000000d5980000)
  object space 185856K, 50% used [0x0000000080c00000,0x0000000086784bb8,0x000000008c180000)
 Metaspace       used 25014K, capacity 25752K, committed 25904K, reserved 1073152K
  class space    used 2865K, capacity 3035K, committed 3120K, reserved 1048576K
}

