# JRE version: Java(TM) SE Runtime Environment (8.0_45-b14) (build 1.8.0_45-b14)
# Java VM: Java HotSpot(TM) 64-Bit Server VM (25.45-b02 mixed mode windows-amd64 compressed oops)
Heap:
 PSYoungGen      total 680448K, used 444265K [0x00000000d5980000, 0x00000000fff00000, 0x0000000100000000)
  eden space 668160K, 65% used [0x00000000d5980000,0x00000000f05d4470,0x00000000fe600000)
  from space 12288K, 46% used [0x00000000ff300000,0x00000000ff886080,0x00000000fff00000)
  to   space 12800K, 0% used [0x00000000fe600000,0x00000000fe600000,0x00000000ff280000)
 ParOldGen       total 87552K, used 25173K [0x0000000080c00000, 0x0000000086180000, 0x00000000d5980000)
  object space 87552K, 28% used [0x0000000080c00000,0x00000000824954d0,0x0000000086180000)
 Metaspace       used 19179K, capacity 19830K, committed 20096K, reserved 1067008K
  class space    used 2202K, capacity 2386K, committed 2432K, reserved 1048576K
GC Heap History (10 events):
Event: 5.011 GC heap before
{Heap before GC invocations=6 (full 0):
 PSYoungGen      total 138240K, used 138224K [0x00000000d5980000, 0x00000000e7980000, 0x0000000100000000)
  eden space 133120K, 100% used [0x00000000d5980000,0x00000000ddb80000,0x00000000ddb80000)
  from space 5120K, 99% used [0x00000000ddb80000,0x00000000de07c010,0x00000000de080000)
  to   space 14336K, 0% used [0x00000000e6b80000,0x00000000e6b80000,0x00000000e7980000)
 ParOldGen       total 87552K, used 18085K [0x0000000080c00000, 0x0000000086180000, 0x00000000d5980000)
  object space 87552K, 20% used [0x0000000080c00000,0x0000000081da9470,0x0000000086180000)
 Metaspace       used 18637K, capacity 19308K, committed 19584K, reserved 1067008K
  class space    used 2170K, capacity 2347K, committed 2432K, reserved 1048576K
Event: 5.064 GC heap after
Heap after GC invocations=6 (full 0):
 PSYoungGen      total 279552K, used 7081K [0x00000000d5980000, 0x00000000e7880000, 0x0000000100000000)
  eden space 266240K, 0% used [0x00000000d5980000,0x00000000d5980000,0x00000000e5d80000)
  from space 13312K, 53% used [0x00000000e6b80000,0x00000000e726a438,0x00000000e7880000)
  to   space 13824K, 0% used [0x00000000e5d80000,0x00000000e5d80000,0x00000000e6b00000)
 ParOldGen       total 87552K, used 18085K [0x0000000080c00000, 0x0000000086180000, 0x00000000d5980000)
  object space 87552K, 20% used [0x0000000080c00000,0x0000000081da9470,0x0000000086180000)
 Metaspace       used 18637K, capacity 19308K, committed 19584K, reserved 1067008K
  class space    used 2170K, capacity 2347K, committed 2432K, reserved 1048576K
}
Event: 6.252 GC heap before
{Heap before GC invocations=7 (full 0):
 PSYoungGen      total 279552K, used 273321K [0x00000000d5980000, 0x00000000e7880000, 0x0000000100000000)
  eden space 266240K, 100% used [0x00000000d5980000,0x00000000e5d80000,0x00000000e5d80000)
  from space 13312K, 53% used [0x00000000e6b80000,0x00000000e726a438,0x00000000e7880000)
  to   space 13824K, 0% used [0x00000000e5d80000,0x00000000e5d80000,0x00000000e6b00000)
 ParOldGen       total 87552K, used 18085K [0x0000000080c00000, 0x0000000086180000, 0x00000000d5980000)
  object space 87552K, 20% used [0x0000000080c00000,0x0000000081da9470,0x0000000086180000)
 Metaspace       used 18772K, capacity 19454K, committed 19584K, reserved 1067008K
  class space    used 2173K, capacity 2350K, committed 2432K, reserved 1048576K
Event: 6.293 GC heap after
Heap after GC invocations=7 (full 0):
 PSYoungGen      total 280064K, used 6800K [0x00000000d5980000, 0x00000000f7b80000, 0x0000000100000000)
  eden space 266240K, 0% used [0x00000000d5980000,0x00000000d5980000,0x00000000e5d80000)
  from space 13824K, 49% used [0x00000000e5d80000,0x00000000e6424010,0x00000000e6b00000)
  to   space 13312K, 0% used [0x00000000f6e80000,0x00000000f6e80000,0x00000000f7b80000)
 ParOldGen       total 87552K, used 18689K [0x0000000080c00000, 0x0000000086180000, 0x00000000d5980000)
  object space 87552K, 21% used [0x0000000080c00000,0x0000000081e404c0,0x0000000086180000)
 Metaspace       used 18772K, capacity 19454K, committed 19584K, reserved 1067008K
  class space    used 2173K, capacity 2350K, committed 2432K, reserved 1048576K
}
Event: 7.247 GC heap before
{Heap before GC invocations=8 (full 0):
 PSYoungGen      total 280064K, used 273040K [0x00000000d5980000, 0x00000000f7b80000, 0x0000000100000000)
  eden space 266240K, 100% used [0x00000000d5980000,0x00000000e5d80000,0x00000000e5d80000)
  from space 13824K, 49% used [0x00000000e5d80000,0x00000000e6424010,0x00000000e6b00000)
  to   space 13312K, 0% used [0x00000000f6e80000,0x00000000f6e80000,0x00000000f7b80000)
 ParOldGen       total 87552K, used 18689K [0x0000000080c00000, 0x0000000086180000, 0x00000000d5980000)
  object space 87552K, 21% used [0x0000000080c00000,0x0000000081e404c0,0x0000000086180000)
 Metaspace       used 18894K, capacity 19524K, committed 19840K, reserved 1067008K
  class space    used 2182K, capacity 2351K, committed 2432K, reserved 1048576K
Event: 7.267 GC heap after
Heap after GC invocations=8 (full 0):
 PSYoungGen      total 545792K, used 5296K [0x00000000d5980000, 0x00000000f7b80000, 0x0000000100000000)
  eden space 532480K, 0% used [0x00000000d5980000,0x00000000d5980000,0x00000000f6180000)
  from space 13312K, 39% used [0x00000000f6e80000,0x00000000f73ac010,0x00000000f7b80000)
  to   space 13312K, 0% used [0x00000000f6180000,0x00000000f6180000,0x00000000f6e80000)
 ParOldGen       total 87552K, used 20721K [0x0000000080c00000, 0x0000000086180000, 0x00000000d5980000)
  object space 87552K, 23% used [0x0000000080c00000,0x000000008203c4c0,0x0000000086180000)
 Metaspace       used 18894K, capacity 19524K, committed 19840K, reserved 1067008K
  class space    used 2182K, capacity 2351K, committed 2432K, reserved 1048576K
}
Event: 8.781 GC heap before
{Heap before GC invocations=9 (full 0):
 PSYoungGen      total 545792K, used 537776K [0x00000000d5980000, 0x00000000f7b80000, 0x0000000100000000)
  eden space 532480K, 100% used [0x00000000d5980000,0x00000000f6180000,0x00000000f6180000)
  from space 13312K, 39% used [0x00000000f6e80000,0x00000000f73ac010,0x00000000f7b80000)
  to   space 13312K, 0% used [0x00000000f6180000,0x00000000f6180000,0x00000000f6e80000)
 ParOldGen       total 87552K, used 20721K [0x0000000080c00000, 0x0000000086180000, 0x00000000d5980000)
  object space 87552K, 23% used [0x0000000080c00000,0x000000008203c4c0,0x0000000086180000)
 Metaspace       used 18933K, capacity 19594K, committed 19840K, reserved 1067008K
  class space    used 2183K, capacity 2352K, committed 2432K, reserved 1048576K
Event: 8.834 GC heap after
Heap after GC invocations=9 (full 0):
 PSYoungGen      total 545792K, used 5504K [0x00000000d5980000, 0x0000000100000000, 0x0000000100000000)
  eden space 532480K, 0% used [0x00000000d5980000,0x00000000d5980000,0x00000000f6180000)
  from space 13312K, 41% used [0x00000000f6180000,0x00000000f66e0000,0x00000000f6e80000)
  to   space 13312K, 0% used [0x00000000ff300000,0x00000000ff300000,0x0000000100000000)
 ParOldGen       total 87552K, used 23773K [0x0000000080c00000, 0x0000000086180000, 0x00000000d5980000)
  object space 87552K, 27% used [0x0000000080c00000,0x00000000823374d0,0x0000000086180000)
 Metaspace       used 18933K, capacity 19594K, committed 19840K, reserved 1067008K
  class space    used 2183K, capacity 2352K, committed 2432K, reserved 1048576K
}
Event: 14.768 GC heap before
{Heap before GC invocations=10 (full 0):
 PSYoungGen      total 545792K, used 537984K [0x00000000d5980000, 0x0000000100000000, 0x0000000100000000)
  eden space 532480K, 100% used [0x00000000d5980000,0x00000000f6180000,0x00000000f6180000)
  from space 13312K, 41% used [0x00000000f6180000,0x00000000f66e0000,0x00000000f6e80000)
  to   space 13312K, 0% used [0x00000000ff300000,0x00000000ff300000,0x0000000100000000)
 ParOldGen       total 87552K, used 23773K [0x0000000080c00000, 0x0000000086180000, 0x00000000d5980000)
  object space 87552K, 27% used [0x0000000080c00000,0x00000000823374d0,0x0000000086180000)
 Metaspace       used 19173K, capacity 19830K, committed 20096K, reserved 1067008K
  class space    used 2202K, capacity 2386K, committed 2432K, reserved 1048576K
Event: 14.795 GC heap after
Heap after GC invocations=10 (full 0):
 PSYoungGen      total 680448K, used 5656K [0x00000000d5980000, 0x00000000fff00000, 0x0000000100000000)
  eden space 668160K, 0% used [0x00000000d5980000,0x00000000d5980000,0x00000000fe600000)
  from space 12288K, 46% used [0x00000000ff300000,0x00000000ff886080,0x00000000fff00000)
  to   space 12800K, 0% used [0x00000000fe600000,0x00000000fe600000,0x00000000ff280000)
 ParOldGen       total 87552K, used 25173K [0x0000000080c00000, 0x0000000086180000, 0x00000000d5980000)
  object space 87552K, 28% used [0x0000000080c00000,0x00000000824954d0,0x0000000086180000)
 Metaspace       used 19173K, capacity 19830K, committed 20096K, reserved 1067008K
  class space    used 2202K, capacity 2386K, committed 2432K, reserved 1048576K
}

