# JRE version: Java(TM) SE Runtime Environment (8.0_45-b14) (build 1.8.0_45-b14)
# Java VM: Java HotSpot(TM) 64-Bit Server VM (25.45-b02 mixed mode windows-amd64 compressed oops)
Heap:
 PSYoungGen      total 593408K, used 36852K [0x00000000d5980000, 0x0000000100000000, 0x0000000100000000)
  eden space 578048K, 6% used [0x00000000d5980000,0x00000000d7d7d210,0x00000000f8e00000)
  from space 15360K, 0% used [0x00000000f8e00000,0x00000000f8e00000,0x00000000f9d00000)
  to   space 31744K, 0% used [0x00000000fe100000,0x00000000fe100000,0x0000000100000000)
 ParOldGen       total 183808K, used 82581K [0x0000000080c00000, 0x000000008bf80000, 0x00000000d5980000)
  object space 183808K, 44% used [0x0000000080c00000,0x0000000085ca57e8,0x000000008bf80000)
 Metaspace       used 25035K, capacity 25808K, committed 25904K, reserved 1073152K
  class space    used 2865K, capacity 3035K, committed 3120K, reserved 1048576K
GC Heap History (10 events):
Event: 15.297 GC heap before
{Heap before GC invocations=15 (full 1):
 PSYoungGen      total 361984K, used 350944K [0x00000000d5980000, 0x00000000f4300000, 0x0000000100000000)
  eden space 345600K, 100% used [0x00000000d5980000,0x00000000eab00000,0x00000000eab00000)
  from space 16384K, 32% used [0x00000000eab00000,0x00000000eb038000,0x00000000ebb00000)
  to   space 16384K, 0% used [0x00000000f3300000,0x00000000f3300000,0x00000000f4300000)
 ParOldGen       total 94720K, used 34579K [0x0000000080c00000, 0x0000000086880000, 0x00000000d5980000)
  object space 94720K, 36% used [0x0000000080c00000,0x0000000082dc4f78,0x0000000086880000)
 Metaspace       used 24850K, capacity 25616K, committed 25904K, reserved 1073152K
  class space    used 2859K, capacity 3035K, committed 3120K, reserved 1048576K
Event: 15.311 GC heap after
Heap after GC invocations=15 (full 1):
 PSYoungGen      total 460800K, used 5928K [0x00000000d5980000, 0x00000000f3900000, 0x0000000100000000)
  eden space 454656K, 0% used [0x00000000d5980000,0x00000000d5980000,0x00000000f1580000)
  from space 6144K, 96% used [0x00000000f3300000,0x00000000f38ca080,0x00000000f3900000)
  to   space 15872K, 0% used [0x00000000f1a00000,0x00000000f1a00000,0x00000000f2980000)
 ParOldGen       total 94720K, used 35579K [0x0000000080c00000, 0x0000000086880000, 0x00000000d5980000)
  object space 94720K, 37% used [0x0000000080c00000,0x0000000082ebef78,0x0000000086880000)
 Metaspace       used 24850K, capacity 25616K, committed 25904K, reserved 1073152K
  class space    used 2859K, capacity 3035K, committed 3120K, reserved 1048576K
}
Event: 15.885 GC heap before
{Heap before GC invocations=16 (full 1):
 PSYoungGen      total 460800K, used 460584K [0x00000000d5980000, 0x00000000f3900000, 0x0000000100000000)
  eden space 454656K, 100% used [0x00000000d5980000,0x00000000f1580000,0x00000000f1580000)
  from space 6144K, 96% used [0x00000000f3300000,0x00000000f38ca080,0x00000000f3900000)
  to   space 15872K, 0% used [0x00000000f1a00000,0x00000000f1a00000,0x00000000f2980000)
 ParOldGen       total 94720K, used 35579K [0x0000000080c00000, 0x0000000086880000, 0x00000000d5980000)
  object space 94720K, 37% used [0x0000000080c00000,0x0000000082ebef78,0x0000000086880000)
 Metaspace       used 24873K, capacity 25616K, committed 25904K, reserved 1073152K
  class space    used 2859K, capacity 3035K, committed 3120K, reserved 1048576K
Event: 15.893 GC heap after
Heap after GC invocations=16 (full 1):
 PSYoungGen      total 475136K, used 5152K [0x00000000d5980000, 0x00000000fb480000, 0x0000000100000000)
  eden space 459264K, 0% used [0x00000000d5980000,0x00000000d5980000,0x00000000f1a00000)
  from space 15872K, 32% used [0x00000000f1a00000,0x00000000f1f08010,0x00000000f2980000)
  to   space 15360K, 0% used [0x00000000fa580000,0x00000000fa580000,0x00000000fb480000)
 ParOldGen       total 94720K, used 36947K [0x0000000080c00000, 0x0000000086880000, 0x00000000d5980000)
  object space 94720K, 39% used [0x0000000080c00000,0x0000000083014f78,0x0000000086880000)
 Metaspace       used 24873K, capacity 25616K, committed 25904K, reserved 1073152K
  class space    used 2859K, capacity 3035K, committed 3120K, reserved 1048576K
}
Event: 16.639 GC heap before
{Heap before GC invocations=17 (full 1):
 PSYoungGen      total 475136K, used 464416K [0x00000000d5980000, 0x00000000fb480000, 0x0000000100000000)
  eden space 459264K, 100% used [0x00000000d5980000,0x00000000f1a00000,0x00000000f1a00000)
  from space 15872K, 32% used [0x00000000f1a00000,0x00000000f1f08010,0x00000000f2980000)
  to   space 15360K, 0% used [0x00000000fa580000,0x00000000fa580000,0x00000000fb480000)
 ParOldGen       total 94720K, used 36947K [0x0000000080c00000, 0x0000000086880000, 0x00000000d5980000)
  object space 94720K, 39% used [0x0000000080c00000,0x0000000083014f78,0x0000000086880000)
 Metaspace       used 25021K, capacity 25808K, committed 25904K, reserved 1073152K
  class space    used 2864K, capacity 3035K, committed 3120K, reserved 1048576K
Event: 16.645 GC heap after
Heap after GC invocations=17 (full 1):
 PSYoungGen      total 584704K, used 4655K [0x00000000d5980000, 0x00000000fac00000, 0x0000000100000000)
  eden space 578048K, 0% used [0x00000000d5980000,0x00000000d5980000,0x00000000f8e00000)
  from space 6656K, 69% used [0x00000000fa580000,0x00000000faa0bc80,0x00000000fac00000)
  to   space 15360K, 0% used [0x00000000f8e00000,0x00000000f8e00000,0x00000000f9d00000)
 ParOldGen       total 94720K, used 37923K [0x0000000080c00000, 0x0000000086880000, 0x00000000d5980000)
  object space 94720K, 40% used [0x0000000080c00000,0x0000000083108f78,0x0000000086880000)
 Metaspace       used 25021K, capacity 25808K, committed 25904K, reserved 1073152K
  class space    used 2864K, capacity 3035K, committed 3120K, reserved 1048576K
}
Event: 20.254 GC heap before
{Heap before GC invocations=18 (full 1):
 PSYoungGen      total 584704K, used 582703K [0x00000000d5980000, 0x00000000fac00000, 0x0000000100000000)
  eden space 578048K, 100% used [0x00000000d5980000,0x00000000f8e00000,0x00000000f8e00000)
  from space 6656K, 69% used [0x00000000fa580000,0x00000000faa0bc80,0x00000000fac00000)
  to   space 15360K, 0% used [0x00000000f8e00000,0x00000000f8e00000,0x00000000f9d00000)
 ParOldGen       total 94720K, used 37923K [0x0000000080c00000, 0x0000000086880000, 0x00000000d5980000)
  object space 94720K, 40% used [0x0000000080c00000,0x0000000083108f78,0x0000000086880000)
 Metaspace       used 25033K, capacity 25808K, committed 25904K, reserved 1073152K
  class space    used 2865K, capacity 3035K, committed 3120K, reserved 1048576K
Event: 20.289 GC heap after
Heap after GC invocations=18 (full 1):
 PSYoungGen      total 593408K, used 15352K [0x00000000d5980000, 0x0000000100000000, 0x0000000100000000)
  eden space 578048K, 0% used [0x00000000d5980000,0x00000000d5980000,0x00000000f8e00000)
  from space 15360K, 99% used [0x00000000f8e00000,0x00000000f9cfe218,0x00000000f9d00000)
  to   space 31744K, 0% used [0x00000000fe100000,0x00000000fe100000,0x0000000100000000)
 ParOldGen       total 94720K, used 76336K [0x0000000080c00000, 0x0000000086880000, 0x00000000d5980000)
  object space 94720K, 80% used [0x0000000080c00000,0x000000008568c2c0,0x0000000086880000)
 Metaspace       used 25033K, capacity 25808K, committed 25904K, reserved 1073152K
  class space    used 2865K, capacity 3035K, committed 3120K, reserved 1048576K
}
Event: 20.289 GC heap before
{Heap before GC invocations=19 (full 2):
 PSYoungGen      total 593408K, used 15352K [0x00000000d5980000, 0x0000000100000000, 0x0000000100000000)
  eden space 578048K, 0% used [0x00000000d5980000,0x00000000d5980000,0x00000000f8e00000)
  from space 15360K, 99% used [0x00000000f8e00000,0x00000000f9cfe218,0x00000000f9d00000)
  to   space 31744K, 0% used [0x00000000fe100000,0x00000000fe100000,0x0000000100000000)
 ParOldGen       total 94720K, used 76336K [0x0000000080c00000, 0x0000000086880000, 0x00000000d5980000)
  object space 94720K, 80% used [0x0000000080c00000,0x000000008568c2c0,0x0000000086880000)
 Metaspace       used 25033K, capacity 25808K, committed 25904K, reserved 1073152K
  class space    used 2865K, capacity 3035K, committed 3120K, reserved 1048576K
Event: 20.445 GC heap after
Heap after GC invocations=19 (full 2):
 PSYoungGen      total 593408K, used 0K [0x00000000d5980000, 0x0000000100000000, 0x0000000100000000)
  eden space 578048K, 0% used [0x00000000d5980000,0x00000000d5980000,0x00000000f8e00000)
  from space 15360K, 0% used [0x00000000f8e00000,0x00000000f8e00000,0x00000000f9d00000)
  to   space 31744K, 0% used [0x00000000fe100000,0x00000000fe100000,0x0000000100000000)
 ParOldGen       total 183808K, used 82581K [0x0000000080c00000, 0x000000008bf80000, 0x00000000d5980000)
  object space 183808K, 44% used [0x0000000080c00000,0x0000000085ca57e8,0x000000008bf80000)
 Metaspace       used 25033K, capacity 25808K, committed 25904K, reserved 1073152K
  class space    used 2865K, capacity 3035K, committed 3120K, reserved 1048576K
}

