# JRE version: Java(TM) SE Runtime Environment (8.0_45-b14) (build 1.8.0_45-b14)
# Java VM: Java HotSpot(TM) 64-Bit Server VM (25.45-b02 mixed mode windows-amd64 compressed oops)
Heap:
 PSYoungGen      total 515584K, used 15339K [0x00000000d5980000, 0x00000000fc880000, 0x0000000100000000)
  eden space 500224K, 0% used [0x00000000d5980000,0x00000000d5980000,0x00000000f4200000)
  from space 15360K, 99% used [0x00000000f4200000,0x00000000f50fafa0,0x00000000f5100000)
  to   space 32768K, 0% used [0x00000000fa880000,0x00000000fa880000,0x00000000fc880000)
 ParOldGen       total 88064K, used 73219K [0x0000000080c00000, 0x0000000086200000, 0x00000000d5980000)
  object space 88064K, 83% used [0x0000000080c00000,0x0000000085380d90,0x0000000086200000)
 Metaspace       used 24891K, capacity 25624K, committed 25904K, reserved 1073152K
  class space    used 2866K, capacity 3035K, committed 3120K, reserved 1048576K
GC Heap History (10 events):
Event: 11.604 GC heap after
Heap after GC invocations=14 (full 1):
 PSYoungGen      total 355328K, used 8808K [0x00000000d5980000, 0x00000000f1300000, 0x0000000100000000)
  eden space 338944K, 0% used [0x00000000d5980000,0x00000000d5980000,0x00000000ea480000)
  from space 16384K, 53% used [0x00000000ea480000,0x00000000ead1a0a0,0x00000000eb480000)
  to   space 15360K, 0% used [0x00000000f0400000,0x00000000f0400000,0x00000000f1300000)
 ParOldGen       total 88064K, used 31315K [0x0000000080c00000, 0x0000000086200000, 0x00000000d5980000)
  object space 88064K, 35% used [0x0000000080c00000,0x0000000082a94cc8,0x0000000086200000)
 Metaspace       used 24582K, capacity 25330K, committed 25648K, reserved 1071104K
  class space    used 2850K, capacity 3002K, committed 3120K, reserved 1048576K
}
Event: 15.369 GC heap before
{Heap before GC invocations=15 (full 1):
 PSYoungGen      total 355328K, used 347752K [0x00000000d5980000, 0x00000000f1300000, 0x0000000100000000)
  eden space 338944K, 100% used [0x00000000d5980000,0x00000000ea480000,0x00000000ea480000)
  from space 16384K, 53% used [0x00000000ea480000,0x00000000ead1a0a0,0x00000000eb480000)
  to   space 15360K, 0% used [0x00000000f0400000,0x00000000f0400000,0x00000000f1300000)
 ParOldGen       total 88064K, used 31315K [0x0000000080c00000, 0x0000000086200000, 0x00000000d5980000)
  object space 88064K, 35% used [0x0000000080c00000,0x0000000082a94cc8,0x0000000086200000)
 Metaspace       used 24726K, capacity 25432K, committed 25648K, reserved 1071104K
  class space    used 2860K, capacity 3035K, committed 3120K, reserved 1048576K
Event: 15.382 GC heap after
Heap after GC invocations=15 (full 1):
 PSYoungGen      total 419840K, used 10080K [0x00000000d5980000, 0x00000000f0e00000, 0x0000000100000000)
  eden space 409600K, 0% used [0x00000000d5980000,0x00000000d5980000,0x00000000ee980000)
  from space 10240K, 98% used [0x00000000f0400000,0x00000000f0dd8030,0x00000000f0e00000)
  to   space 15360K, 0% used [0x00000000ef000000,0x00000000ef000000,0x00000000eff00000)
 ParOldGen       total 88064K, used 31323K [0x0000000080c00000, 0x0000000086200000, 0x00000000d5980000)
  object space 88064K, 35% used [0x0000000080c00000,0x0000000082a96cc8,0x0000000086200000)
 Metaspace       used 24726K, capacity 25432K, committed 25648K, reserved 1071104K
  class space    used 2860K, capacity 3035K, committed 3120K, reserved 1048576K
}
Event: 15.799 GC heap before
{Heap before GC invocations=16 (full 1):
 PSYoungGen      total 419840K, used 419680K [0x00000000d5980000, 0x00000000f0e00000, 0x0000000100000000)
  eden space 409600K, 100% used [0x00000000d5980000,0x00000000ee980000,0x00000000ee980000)
  from space 10240K, 98% used [0x00000000f0400000,0x00000000f0dd8030,0x00000000f0e00000)
  to   space 15360K, 0% used [0x00000000ef000000,0x00000000ef000000,0x00000000eff00000)
 ParOldGen       total 88064K, used 31323K [0x0000000080c00000, 0x0000000086200000, 0x00000000d5980000)
  object space 88064K, 35% used [0x0000000080c00000,0x0000000082a96cc8,0x0000000086200000)
 Metaspace       used 24737K, capacity 25496K, committed 25648K, reserved 1071104K
  class space    used 2860K, capacity 3035K, committed 3120K, reserved 1048576K
Event: 15.812 GC heap after
Heap after GC invocations=16 (full 1):
 PSYoungGen      total 431616K, used 11232K [0x00000000d5980000, 0x00000000f6080000, 0x0000000100000000)
  eden space 416256K, 0% used [0x00000000d5980000,0x00000000d5980000,0x00000000ef000000)
  from space 15360K, 73% used [0x00000000ef000000,0x00000000efaf8030,0x00000000eff00000)
  to   space 15872K, 0% used [0x00000000f5100000,0x00000000f5100000,0x00000000f6080000)
 ParOldGen       total 88064K, used 31323K [0x0000000080c00000, 0x0000000086200000, 0x00000000d5980000)
  object space 88064K, 35% used [0x0000000080c00000,0x0000000082a96cc8,0x0000000086200000)
 Metaspace       used 24737K, capacity 25496K, committed 25648K, reserved 1071104K
  class space    used 2860K, capacity 3035K, committed 3120K, reserved 1048576K
}
Event: 16.346 GC heap before
{Heap before GC invocations=17 (full 1):
 PSYoungGen      total 431616K, used 427488K [0x00000000d5980000, 0x00000000f6080000, 0x0000000100000000)
  eden space 416256K, 100% used [0x00000000d5980000,0x00000000ef000000,0x00000000ef000000)
  from space 15360K, 73% used [0x00000000ef000000,0x00000000efaf8030,0x00000000eff00000)
  to   space 15872K, 0% used [0x00000000f5100000,0x00000000f5100000,0x00000000f6080000)
 ParOldGen       total 88064K, used 31323K [0x0000000080c00000, 0x0000000086200000, 0x00000000d5980000)
  object space 88064K, 35% used [0x0000000080c00000,0x0000000082a96cc8,0x0000000086200000)
 Metaspace       used 24866K, capacity 25560K, committed 25904K, reserved 1073152K
  class space    used 2865K, capacity 3035K, committed 3120K, reserved 1048576K
Event: 16.362 GC heap after
Heap after GC invocations=17 (full 1):
 PSYoungGen      total 516096K, used 10168K [0x00000000d5980000, 0x00000000f6b00000, 0x0000000100000000)
  eden space 500224K, 0% used [0x00000000d5980000,0x00000000d5980000,0x00000000f4200000)
  from space 15872K, 64% used [0x00000000f5100000,0x00000000f5aee220,0x00000000f6080000)
  to   space 15360K, 0% used [0x00000000f4200000,0x00000000f4200000,0x00000000f5100000)
 ParOldGen       total 88064K, used 31331K [0x0000000080c00000, 0x0000000086200000, 0x00000000d5980000)
  object space 88064K, 35% used [0x0000000080c00000,0x0000000082a98cc8,0x0000000086200000)
 Metaspace       used 24866K, capacity 25560K, committed 25904K, reserved 1073152K
  class space    used 2865K, capacity 3035K, committed 3120K, reserved 1048576K
}
Event: 19.347 GC heap before
{Heap before GC invocations=18 (full 1):
 PSYoungGen      total 516096K, used 510392K [0x00000000d5980000, 0x00000000f6b00000, 0x0000000100000000)
  eden space 500224K, 100% used [0x00000000d5980000,0x00000000f4200000,0x00000000f4200000)
  from space 15872K, 64% used [0x00000000f5100000,0x00000000f5aee220,0x00000000f6080000)
  to   space 15360K, 0% used [0x00000000f4200000,0x00000000f4200000,0x00000000f5100000)
 ParOldGen       total 88064K, used 31331K [0x0000000080c00000, 0x0000000086200000, 0x00000000d5980000)
  object space 88064K, 35% used [0x0000000080c00000,0x0000000082a98cc8,0x0000000086200000)
 Metaspace       used 24891K, capacity 25624K, committed 25904K, reserved 1073152K
  class space    used 2866K, capacity 3035K, committed 3120K, reserved 1048576K
Event: 19.394 GC heap after
Heap after GC invocations=18 (full 1):
 PSYoungGen      total 515584K, used 15339K [0x00000000d5980000, 0x00000000fc880000, 0x0000000100000000)
  eden space 500224K, 0% used [0x00000000d5980000,0x00000000d5980000,0x00000000f4200000)
  from space 15360K, 99% used [0x00000000f4200000,0x00000000f50fafa0,0x00000000f5100000)
  to   space 32768K, 0% used [0x00000000fa880000,0x00000000fa880000,0x00000000fc880000)
 ParOldGen       total 88064K, used 73219K [0x0000000080c00000, 0x0000000086200000, 0x00000000d5980000)
  object space 88064K, 83% used [0x0000000080c00000,0x0000000085380d90,0x0000000086200000)
 Metaspace       used 24891K, capacity 25624K, committed 25904K, reserved 1073152K
  class space    used 2866K, capacity 3035K, committed 3120K, reserved 1048576K
}
Event: 19.394 GC heap before
{Heap before GC invocations=19 (full 2):
 PSYoungGen      total 515584K, used 15339K [0x00000000d5980000, 0x00000000fc880000, 0x0000000100000000)
  eden space 500224K, 0% used [0x00000000d5980000,0x00000000d5980000,0x00000000f4200000)
  from space 15360K, 99% used [0x00000000f4200000,0x00000000f50fafa0,0x00000000f5100000)
  to   space 32768K, 0% used [0x00000000fa880000,0x00000000fa880000,0x00000000fc880000)
 ParOldGen       total 88064K, used 73219K [0x0000000080c00000, 0x0000000086200000, 0x00000000d5980000)
  object space 88064K, 83% used [0x0000000080c00000,0x0000000085380d90,0x0000000086200000)
 Metaspace       used 24891K, capacity 25624K, committed 25904K, reserved 1073152K
  class space    used 2866K, capacity 3035K, committed 3120K, reserved 1048576K

