# JRE version: Java(TM) SE Runtime Environment (8.0_45-b14) (build 1.8.0_45-b14)
# Java VM: Java HotSpot(TM) 64-Bit Server VM (25.45-b02 mixed mode windows-amd64 compressed oops)
Heap:
 PSYoungGen      total 466432K, used 463616K [0x00000000d5980000, 0x00000000f4400000, 0x0000000100000000)
  eden space 450560K, 100% used [0x00000000d5980000,0x00000000f1180000,0x00000000f1180000)
  from space 15872K, 82% used [0x00000000f2200000,0x00000000f2ec0030,0x00000000f3180000)
  to   space 16896K, 99% used [0x00000000f1180000,0x00000000f21fb4b0,0x00000000f2200000)
 ParOldGen       total 92160K, used 42870K [0x0000000080c00000, 0x0000000086600000, 0x00000000d5980000)
  object space 92160K, 46% used [0x0000000080c00000,0x00000000835df908,0x0000000086600000)
 Metaspace       used 24812K, capacity 25496K, committed 25648K, reserved 1071104K
  class space    used 2866K, capacity 3035K, committed 3120K, reserved 1048576K
GC Heap History (10 events):
Event: 8.659 GC heap after
Heap after GC invocations=13 (full 1):
 PSYoungGen      total 329728K, used 7584K [0x00000000d5980000, 0x00000000eab80000, 0x0000000100000000)
  eden space 312320K, 0% used [0x00000000d5980000,0x00000000d5980000,0x00000000e8a80000)
  from space 17408K, 43% used [0x00000000e9a80000,0x00000000ea1e8020,0x00000000eab80000)
  to   space 16384K, 0% used [0x00000000e8a80000,0x00000000e8a80000,0x00000000e9a80000)
 ParOldGen       total 92160K, used 31534K [0x0000000080c00000, 0x0000000086600000, 0x00000000d5980000)
  object space 92160K, 34% used [0x0000000080c00000,0x0000000082acb850,0x0000000086600000)
 Metaspace       used 24365K, capacity 25132K, committed 25392K, reserved 1071104K
  class space    used 2838K, capacity 3001K, committed 3120K, reserved 1048576K
}
Event: 9.457 GC heap before
{Heap before GC invocations=14 (full 1):
 PSYoungGen      total 329728K, used 319904K [0x00000000d5980000, 0x00000000eab80000, 0x0000000100000000)
  eden space 312320K, 100% used [0x00000000d5980000,0x00000000e8a80000,0x00000000e8a80000)
  from space 17408K, 43% used [0x00000000e9a80000,0x00000000ea1e8020,0x00000000eab80000)
  to   space 16384K, 0% used [0x00000000e8a80000,0x00000000e8a80000,0x00000000e9a80000)
 ParOldGen       total 92160K, used 31534K [0x0000000080c00000, 0x0000000086600000, 0x00000000d5980000)
  object space 92160K, 34% used [0x0000000080c00000,0x0000000082acb850,0x0000000086600000)
 Metaspace       used 24382K, capacity 25132K, committed 25392K, reserved 1071104K
  class space    used 2839K, capacity 3001K, committed 3120K, reserved 1048576K
Event: 9.468 GC heap after
Heap after GC invocations=14 (full 1):
 PSYoungGen      total 328704K, used 8576K [0x00000000d5980000, 0x00000000eef00000, 0x0000000100000000)
  eden space 312320K, 0% used [0x00000000d5980000,0x00000000d5980000,0x00000000e8a80000)
  from space 16384K, 52% used [0x00000000e8a80000,0x00000000e92e0020,0x00000000e9a80000)
  to   space 15872K, 0% used [0x00000000edf80000,0x00000000edf80000,0x00000000eef00000)
 ParOldGen       total 92160K, used 31542K [0x0000000080c00000, 0x0000000086600000, 0x00000000d5980000)
  object space 92160K, 34% used [0x0000000080c00000,0x0000000082acd850,0x0000000086600000)
 Metaspace       used 24382K, capacity 25132K, committed 25392K, reserved 1071104K
  class space    used 2839K, capacity 3001K, committed 3120K, reserved 1048576K
}
Event: 13.829 GC heap before
{Heap before GC invocations=15 (full 1):
 PSYoungGen      total 328704K, used 320896K [0x00000000d5980000, 0x00000000eef00000, 0x0000000100000000)
  eden space 312320K, 100% used [0x00000000d5980000,0x00000000e8a80000,0x00000000e8a80000)
  from space 16384K, 52% used [0x00000000e8a80000,0x00000000e92e0020,0x00000000e9a80000)
  to   space 15872K, 0% used [0x00000000edf80000,0x00000000edf80000,0x00000000eef00000)
 ParOldGen       total 92160K, used 31542K [0x0000000080c00000, 0x0000000086600000, 0x00000000d5980000)
  object space 92160K, 34% used [0x0000000080c00000,0x0000000082acd850,0x0000000086600000)
 Metaspace       used 24624K, capacity 25304K, committed 25648K, reserved 1071104K
  class space    used 2860K, capacity 3035K, committed 3120K, reserved 1048576K
Event: 13.844 GC heap after
Heap after GC invocations=15 (full 1):
 PSYoungGen      total 384000K, used 10296K [0x00000000d5980000, 0x00000000eea00000, 0x0000000100000000)
  eden space 373248K, 0% used [0x00000000d5980000,0x00000000d5980000,0x00000000ec600000)
  from space 10752K, 95% used [0x00000000edf80000,0x00000000ee98e090,0x00000000eea00000)
  to   space 15872K, 0% used [0x00000000ecb00000,0x00000000ecb00000,0x00000000eda80000)
 ParOldGen       total 92160K, used 31550K [0x0000000080c00000, 0x0000000086600000, 0x00000000d5980000)
  object space 92160K, 34% used [0x0000000080c00000,0x0000000082acf850,0x0000000086600000)
 Metaspace       used 24624K, capacity 25304K, committed 25648K, reserved 1071104K
  class space    used 2860K, capacity 3035K, committed 3120K, reserved 1048576K
}
Event: 14.401 GC heap before
{Heap before GC invocations=16 (full 1):
 PSYoungGen      total 384000K, used 383544K [0x00000000d5980000, 0x00000000eea00000, 0x0000000100000000)
  eden space 373248K, 100% used [0x00000000d5980000,0x00000000ec600000,0x00000000ec600000)
  from space 10752K, 95% used [0x00000000edf80000,0x00000000ee98e090,0x00000000eea00000)
  to   space 15872K, 0% used [0x00000000ecb00000,0x00000000ecb00000,0x00000000eda80000)
 ParOldGen       total 92160K, used 31550K [0x0000000080c00000, 0x0000000086600000, 0x00000000d5980000)
  object space 92160K, 34% used [0x0000000080c00000,0x0000000082acf850,0x0000000086600000)
 Metaspace       used 24658K, capacity 25368K, committed 25648K, reserved 1071104K
  class space    used 2860K, capacity 3035K, committed 3120K, reserved 1048576K
Event: 14.416 GC heap after
Heap after GC invocations=16 (full 1):
 PSYoungGen      total 394240K, used 10592K [0x00000000d5980000, 0x00000000f3180000, 0x0000000100000000)
  eden space 378368K, 0% used [0x00000000d5980000,0x00000000d5980000,0x00000000ecb00000)
  from space 15872K, 66% used [0x00000000ecb00000,0x00000000ed558030,0x00000000eda80000)
  to   space 15872K, 0% used [0x00000000f2200000,0x00000000f2200000,0x00000000f3180000)
 ParOldGen       total 92160K, used 31558K [0x0000000080c00000, 0x0000000086600000, 0x00000000d5980000)
  object space 92160K, 34% used [0x0000000080c00000,0x0000000082ad1850,0x0000000086600000)
 Metaspace       used 24658K, capacity 25368K, committed 25648K, reserved 1071104K
  class space    used 2860K, capacity 3035K, committed 3120K, reserved 1048576K
}
Event: 14.755 GC heap before
{Heap before GC invocations=17 (full 1):
 PSYoungGen      total 394240K, used 388960K [0x00000000d5980000, 0x00000000f3180000, 0x0000000100000000)
  eden space 378368K, 100% used [0x00000000d5980000,0x00000000ecb00000,0x00000000ecb00000)
  from space 15872K, 66% used [0x00000000ecb00000,0x00000000ed558030,0x00000000eda80000)
  to   space 15872K, 0% used [0x00000000f2200000,0x00000000f2200000,0x00000000f3180000)
 ParOldGen       total 92160K, used 31558K [0x0000000080c00000, 0x0000000086600000, 0x00000000d5980000)
  object space 92160K, 34% used [0x0000000080c00000,0x0000000082ad1850,0x0000000086600000)
 Metaspace       used 24658K, capacity 25368K, committed 25648K, reserved 1071104K
  class space    used 2860K, capacity 3035K, committed 3120K, reserved 1048576K
Event: 14.769 GC heap after
Heap after GC invocations=17 (full 1):
 PSYoungGen      total 466432K, used 13056K [0x00000000d5980000, 0x00000000f4400000, 0x0000000100000000)
  eden space 450560K, 0% used [0x00000000d5980000,0x00000000d5980000,0x00000000f1180000)
  from space 15872K, 82% used [0x00000000f2200000,0x00000000f2ec0030,0x00000000f3180000)
  to   space 16896K, 0% used [0x00000000f1180000,0x00000000f1180000,0x00000000f2200000)
 ParOldGen       total 92160K, used 31558K [0x0000000080c00000, 0x0000000086600000, 0x00000000d5980000)
  object space 92160K, 34% used [0x0000000080c00000,0x0000000082ad1850,0x0000000086600000)
 Metaspace       used 24658K, capacity 25368K, committed 25648K, reserved 1071104K
  class space    used 2860K, capacity 3035K, committed 3120K, reserved 1048576K
}
Event: 16.940 GC heap before
{Heap before GC invocations=18 (full 1):
 PSYoungGen      total 466432K, used 463616K [0x00000000d5980000, 0x00000000f4400000, 0x0000000100000000)
  eden space 450560K, 100% used [0x00000000d5980000,0x00000000f1180000,0x00000000f1180000)
  from space 15872K, 82% used [0x00000000f2200000,0x00000000f2ec0030,0x00000000f3180000)
  to   space 16896K, 0% used [0x00000000f1180000,0x00000000f1180000,0x00000000f2200000)
 ParOldGen       total 92160K, used 31558K [0x0000000080c00000, 0x0000000086600000, 0x00000000d5980000)
  object space 92160K, 34% used [0x0000000080c00000,0x0000000082ad1850,0x0000000086600000)
 Metaspace       used 24812K, capacity 25496K, committed 25648K, reserved 1071104K
  class space    used 2866K, capacity 3035K, committed 3120K, reserved 1048576K

