# JRE version: Java(TM) SE Runtime Environment (8.0_45-b14) (build 1.8.0_45-b14)
# Java VM: Java HotSpot(TM) 64-Bit Server VM (25.45-b02 mixed mode windows-amd64 compressed oops)
Heap:
 PSYoungGen      total 437248K, used 150381K [0x00000000d5980000, 0x00000000f1100000, 0x0000000100000000)
  eden space 424448K, 34% used [0x00000000d5980000,0x00000000de8f37a0,0x00000000ef800000)
  from space 12800K, 27% used [0x00000000f0480000,0x00000000f07e8000,0x00000000f1100000)
  to   space 12800K, 0% used [0x00000000ef800000,0x00000000ef800000,0x00000000f0480000)
 ParOldGen       total 87552K, used 23471K [0x0000000080c00000, 0x0000000086180000, 0x00000000d5980000)
  object space 87552K, 26% used [0x0000000080c00000,0x00000000822ebf50,0x0000000086180000)
 Metaspace       used 18959K, capacity 19602K, committed 19840K, reserved 1067008K
  class space    used 2180K, capacity 2352K, committed 2432K, reserved 1048576K
GC Heap History (10 events):
Event: 3.082 GC heap before
{Heap before GC invocations=6 (full 0):
 PSYoungGen      total 71680K, used 71656K [0x00000000d5980000, 0x00000000dee80000, 0x0000000100000000)
  eden space 66560K, 100% used [0x00000000d5980000,0x00000000d9a80000,0x00000000d9a80000)
  from space 5120K, 99% used [0x00000000d9a80000,0x00000000d9f7a040,0x00000000d9f80000)
  to   space 9728K, 0% used [0x00000000de500000,0x00000000de500000,0x00000000dee80000)
 ParOldGen       total 87552K, used 10461K [0x0000000080c00000, 0x0000000086180000, 0x00000000d5980000)
  object space 87552K, 11% used [0x0000000080c00000,0x0000000081637718,0x0000000086180000)
 Metaspace       used 15506K, capacity 15916K, committed 16000K, reserved 1062912K
  class space    used 1791K, capacity 1920K, committed 1920K, reserved 1048576K
Event: 3.110 GC heap after
Heap after GC invocations=6 (full 0):
 PSYoungGen      total 142336K, used 8444K [0x00000000d5980000, 0x00000000def80000, 0x0000000100000000)
  eden space 132608K, 0% used [0x00000000d5980000,0x00000000d5980000,0x00000000ddb00000)
  from space 9728K, 86% used [0x00000000de500000,0x00000000ded3f020,0x00000000dee80000)
  to   space 10240K, 0% used [0x00000000ddb00000,0x00000000ddb00000,0x00000000de500000)
 ParOldGen       total 87552K, used 10461K [0x0000000080c00000, 0x0000000086180000, 0x00000000d5980000)
  object space 87552K, 11% used [0x0000000080c00000,0x0000000081637718,0x0000000086180000)
 Metaspace       used 15506K, capacity 15916K, committed 16000K, reserved 1062912K
  class space    used 1791K, capacity 1920K, committed 1920K, reserved 1048576K
}
Event: 4.416 GC heap before
{Heap before GC invocations=7 (full 0):
 PSYoungGen      total 142336K, used 141052K [0x00000000d5980000, 0x00000000def80000, 0x0000000100000000)
  eden space 132608K, 100% used [0x00000000d5980000,0x00000000ddb00000,0x00000000ddb00000)
  from space 9728K, 86% used [0x00000000de500000,0x00000000ded3f020,0x00000000dee80000)
  to   space 10240K, 0% used [0x00000000ddb00000,0x00000000ddb00000,0x00000000de500000)
 ParOldGen       total 87552K, used 10461K [0x0000000080c00000, 0x0000000086180000, 0x00000000d5980000)
  object space 87552K, 11% used [0x0000000080c00000,0x0000000081637718,0x0000000086180000)
 Metaspace       used 18538K, capacity 19124K, committed 19328K, reserved 1067008K
  class space    used 2166K, capacity 2347K, committed 2432K, reserved 1048576K
Event: 4.438 GC heap after
Heap after GC invocations=7 (full 0):
 PSYoungGen      total 142848K, used 10240K [0x00000000d5980000, 0x00000000e7580000, 0x0000000100000000)
  eden space 132608K, 0% used [0x00000000d5980000,0x00000000d5980000,0x00000000ddb00000)
  from space 10240K, 100% used [0x00000000ddb00000,0x00000000de500000,0x00000000de500000)
  to   space 12800K, 0% used [0x00000000e6900000,0x00000000e6900000,0x00000000e7580000)
 ParOldGen       total 87552K, used 13763K [0x0000000080c00000, 0x0000000086180000, 0x00000000d5980000)
  object space 87552K, 15% used [0x0000000080c00000,0x0000000081970f40,0x0000000086180000)
 Metaspace       used 18538K, capacity 19124K, committed 19328K, reserved 1067008K
  class space    used 2166K, capacity 2347K, committed 2432K, reserved 1048576K
}
Event: 5.059 GC heap before
{Heap before GC invocations=8 (full 0):
 PSYoungGen      total 142848K, used 142848K [0x00000000d5980000, 0x00000000e7580000, 0x0000000100000000)
  eden space 132608K, 100% used [0x00000000d5980000,0x00000000ddb00000,0x00000000ddb00000)
  from space 10240K, 100% used [0x00000000ddb00000,0x00000000de500000,0x00000000de500000)
  to   space 12800K, 0% used [0x00000000e6900000,0x00000000e6900000,0x00000000e7580000)
 ParOldGen       total 87552K, used 13763K [0x0000000080c00000, 0x0000000086180000, 0x00000000d5980000)
  object space 87552K, 15% used [0x0000000080c00000,0x0000000081970f40,0x0000000086180000)
 Metaspace       used 18692K, capacity 19316K, committed 19584K, reserved 1067008K
  class space    used 2167K, capacity 2347K, committed 2432K, reserved 1048576K
Event: 5.082 GC heap after
Heap after GC invocations=8 (full 0):
 PSYoungGen      total 278016K, used 8800K [0x00000000d5980000, 0x00000000e7580000, 0x0000000100000000)
  eden space 265216K, 0% used [0x00000000d5980000,0x00000000d5980000,0x00000000e5c80000)
  from space 12800K, 68% used [0x00000000e6900000,0x00000000e7198000,0x00000000e7580000)
  to   space 12800K, 0% used [0x00000000e5c80000,0x00000000e5c80000,0x00000000e6900000)
 ParOldGen       total 87552K, used 16227K [0x0000000080c00000, 0x0000000086180000, 0x00000000d5980000)
  object space 87552K, 18% used [0x0000000080c00000,0x0000000081bd8f40,0x0000000086180000)
 Metaspace       used 18692K, capacity 19316K, committed 19584K, reserved 1067008K
  class space    used 2167K, capacity 2347K, committed 2432K, reserved 1048576K
}
Event: 6.067 GC heap before
{Heap before GC invocations=9 (full 0):
 PSYoungGen      total 278016K, used 274016K [0x00000000d5980000, 0x00000000e7580000, 0x0000000100000000)
  eden space 265216K, 100% used [0x00000000d5980000,0x00000000e5c80000,0x00000000e5c80000)
  from space 12800K, 68% used [0x00000000e6900000,0x00000000e7198000,0x00000000e7580000)
  to   space 12800K, 0% used [0x00000000e5c80000,0x00000000e5c80000,0x00000000e6900000)
 ParOldGen       total 87552K, used 16227K [0x0000000080c00000, 0x0000000086180000, 0x00000000d5980000)
  object space 87552K, 18% used [0x0000000080c00000,0x0000000081bd8f40,0x0000000086180000)
 Metaspace       used 18823K, capacity 19462K, committed 19584K, reserved 1067008K
  class space    used 2170K, capacity 2350K, committed 2432K, reserved 1048576K
Event: 6.124 GC heap after
Heap after GC invocations=9 (full 0):
 PSYoungGen      total 278016K, used 5408K [0x00000000d5980000, 0x00000000f1100000, 0x0000000100000000)
  eden space 265216K, 0% used [0x00000000d5980000,0x00000000d5980000,0x00000000e5c80000)
  from space 12800K, 42% used [0x00000000e5c80000,0x00000000e61c8000,0x00000000e6900000)
  to   space 12800K, 0% used [0x00000000f0480000,0x00000000f0480000,0x00000000f1100000)
 ParOldGen       total 87552K, used 20235K [0x0000000080c00000, 0x0000000086180000, 0x00000000d5980000)
  object space 87552K, 23% used [0x0000000080c00000,0x0000000081fc2f40,0x0000000086180000)
 Metaspace       used 18823K, capacity 19462K, committed 19584K, reserved 1067008K
  class space    used 2170K, capacity 2350K, committed 2432K, reserved 1048576K
}
Event: 7.011 GC heap before
{Heap before GC invocations=10 (full 0):
 PSYoungGen      total 278016K, used 270624K [0x00000000d5980000, 0x00000000f1100000, 0x0000000100000000)
  eden space 265216K, 100% used [0x00000000d5980000,0x00000000e5c80000,0x00000000e5c80000)
  from space 12800K, 42% used [0x00000000e5c80000,0x00000000e61c8000,0x00000000e6900000)
  to   space 12800K, 0% used [0x00000000f0480000,0x00000000f0480000,0x00000000f1100000)
 ParOldGen       total 87552K, used 20235K [0x0000000080c00000, 0x0000000086180000, 0x00000000d5980000)
  object space 87552K, 23% used [0x0000000080c00000,0x0000000081fc2f40,0x0000000086180000)
 Metaspace       used 18938K, capacity 19602K, committed 19840K, reserved 1067008K
  class space    used 2179K, capacity 2352K, committed 2432K, reserved 1048576K
Event: 7.028 GC heap after
Heap after GC invocations=10 (full 0):
 PSYoungGen      total 437248K, used 3488K [0x00000000d5980000, 0x00000000f1100000, 0x0000000100000000)
  eden space 424448K, 0% used [0x00000000d5980000,0x00000000d5980000,0x00000000ef800000)
  from space 12800K, 27% used [0x00000000f0480000,0x00000000f07e8000,0x00000000f1100000)
  to   space 12800K, 0% used [0x00000000ef800000,0x00000000ef800000,0x00000000f0480000)
 ParOldGen       total 87552K, used 23471K [0x0000000080c00000, 0x0000000086180000, 0x00000000d5980000)
  object space 87552K, 26% used [0x0000000080c00000,0x00000000822ebf50,0x0000000086180000)
 Metaspace       used 18938K, capacity 19602K, committed 19840K, reserved 1067008K
  class space    used 2179K, capacity 2352K, committed 2432K, reserved 1048576K
}

