# JRE version: Java(TM) SE Runtime Environment (8.0_45-b14) (build 1.8.0_45-b14)
# Java VM: Java HotSpot(TM) 64-Bit Server VM (25.45-b02 mixed mode windows-amd64 compressed oops)
Heap:
 PSYoungGen      total 637952K, used 16296K [0x00000000d5980000, 0x0000000100000000, 0x0000000100000000)
  eden space 578048K, 0% used [0x00000000d5980000,0x00000000d5980000,0x00000000f8e00000)
  from space 59904K, 27% used [0x00000000fc580000,0x00000000fd56a170,0x0000000100000000)
  to   space 56832K, 0% used [0x00000000f8e00000,0x00000000f8e00000,0x00000000fc580000)
 ParOldGen       total 168960K, used 119886K [0x0000000080c00000, 0x000000008b100000, 0x00000000d5980000)
  object space 168960K, 70% used [0x0000000080c00000,0x0000000088113bb8,0x000000008b100000)
 Metaspace       used 27792K, capacity 28634K, committed 28848K, reserved 1075200K
  class space    used 3152K, capacity 3384K, committed 3504K, reserved 1048576K
GC Heap History (10 events):
Event: 18.014 GC heap after
Heap after GC invocations=18 (full 1):
 PSYoungGen      total 506368K, used 15351K [0x00000000d5980000, 0x00000000fd000000, 0x0000000100000000)
  eden space 491008K, 0% used [0x00000000d5980000,0x00000000d5980000,0x00000000f3900000)
  from space 15360K, 99% used [0x00000000f3900000,0x00000000f47fdc28,0x00000000f4800000)
  to   space 31232K, 0% used [0x00000000fb180000,0x00000000fb180000,0x00000000fd000000)
 ParOldGen       total 91136K, used 71725K [0x0000000080c00000, 0x0000000086500000, 0x00000000d5980000)
  object space 91136K, 78% used [0x0000000080c00000,0x000000008520b610,0x0000000086500000)
 Metaspace       used 25066K, capacity 25804K, committed 25904K, reserved 1073152K
  class space    used 2865K, capacity 3035K, committed 3120K, reserved 1048576K
}
Event: 18.014 GC heap before
{Heap before GC invocations=19 (full 2):
 PSYoungGen      total 506368K, used 15351K [0x00000000d5980000, 0x00000000fd000000, 0x0000000100000000)
  eden space 491008K, 0% used [0x00000000d5980000,0x00000000d5980000,0x00000000f3900000)
  from space 15360K, 99% used [0x00000000f3900000,0x00000000f47fdc28,0x00000000f4800000)
  to   space 31232K, 0% used [0x00000000fb180000,0x00000000fb180000,0x00000000fd000000)
 ParOldGen       total 91136K, used 71725K [0x0000000080c00000, 0x0000000086500000, 0x00000000d5980000)
  object space 91136K, 78% used [0x0000000080c00000,0x000000008520b610,0x0000000086500000)
 Metaspace       used 25066K, capacity 25804K, committed 25904K, reserved 1073152K
  class space    used 2865K, capacity 3035K, committed 3120K, reserved 1048576K
Event: 18.221 GC heap after
Heap after GC invocations=19 (full 2):
 PSYoungGen      total 506368K, used 0K [0x00000000d5980000, 0x00000000fd000000, 0x0000000100000000)
  eden space 491008K, 0% used [0x00000000d5980000,0x00000000d5980000,0x00000000f3900000)
  from space 15360K, 0% used [0x00000000f3900000,0x00000000f3900000,0x00000000f4800000)
  to   space 31232K, 0% used [0x00000000fb180000,0x00000000fb180000,0x00000000fd000000)
 ParOldGen       total 168960K, used 77528K [0x0000000080c00000, 0x000000008b100000, 0x00000000d5980000)
  object space 168960K, 45% used [0x0000000080c00000,0x00000000857b63f8,0x000000008b100000)
 Metaspace       used 25066K, capacity 25804K, committed 25904K, reserved 1073152K
  class space    used 2865K, capacity 3035K, committed 3120K, reserved 1048576K
}
Event: 20.953 GC heap before
{Heap before GC invocations=20 (full 2):
 PSYoungGen      total 506368K, used 491008K [0x00000000d5980000, 0x00000000fd000000, 0x0000000100000000)
  eden space 491008K, 100% used [0x00000000d5980000,0x00000000f3900000,0x00000000f3900000)
  from space 15360K, 0% used [0x00000000f3900000,0x00000000f3900000,0x00000000f4800000)
  to   space 31232K, 0% used [0x00000000fb180000,0x00000000fb180000,0x00000000fd000000)
 ParOldGen       total 168960K, used 77528K [0x0000000080c00000, 0x000000008b100000, 0x00000000d5980000)
  object space 168960K, 45% used [0x0000000080c00000,0x00000000857b63f8,0x000000008b100000)
 Metaspace       used 25074K, capacity 25804K, committed 25904K, reserved 1073152K
  class space    used 2865K, capacity 3035K, committed 3120K, reserved 1048576K
Event: 20.994 GC heap after
Heap after GC invocations=20 (full 2):
 PSYoungGen      total 600576K, used 31201K [0x00000000d5980000, 0x00000000ff480000, 0x0000000100000000)
  eden space 569344K, 0% used [0x00000000d5980000,0x00000000d5980000,0x00000000f8580000)
  from space 31232K, 99% used [0x00000000fb180000,0x00000000fcff8698,0x00000000fd000000)
  to   space 45056K, 0% used [0x00000000f8580000,0x00000000f8580000,0x00000000fb180000)
 ParOldGen       total 168960K, used 100222K [0x0000000080c00000, 0x000000008b100000, 0x00000000d5980000)
  object space 168960K, 59% used [0x0000000080c00000,0x0000000086ddfb08,0x000000008b100000)
 Metaspace       used 25074K, capacity 25804K, committed 25904K, reserved 1073152K
  class space    used 2865K, capacity 3035K, committed 3120K, reserved 1048576K
}
Event: 24.199 GC heap before
{Heap before GC invocations=21 (full 2):
 PSYoungGen      total 600576K, used 600545K [0x00000000d5980000, 0x00000000ff480000, 0x0000000100000000)
  eden space 569344K, 100% used [0x00000000d5980000,0x00000000f8580000,0x00000000f8580000)
  from space 31232K, 99% used [0x00000000fb180000,0x00000000fcff8698,0x00000000fd000000)
  to   space 45056K, 0% used [0x00000000f8580000,0x00000000f8580000,0x00000000fb180000)
 ParOldGen       total 168960K, used 100222K [0x0000000080c00000, 0x000000008b100000, 0x00000000d5980000)
  object space 168960K, 59% used [0x0000000080c00000,0x0000000086ddfb08,0x000000008b100000)
 Metaspace       used 25074K, capacity 25804K, committed 25904K, reserved 1073152K
  class space    used 2865K, capacity 3035K, committed 3120K, reserved 1048576K
Event: 24.252 GC heap after
Heap after GC invocations=21 (full 2):
 PSYoungGen      total 614400K, used 45044K [0x00000000d5980000, 0x0000000100000000, 0x0000000100000000)
  eden space 569344K, 0% used [0x00000000d5980000,0x00000000d5980000,0x00000000f8580000)
  from space 45056K, 99% used [0x00000000f8580000,0x00000000fb17d010,0x00000000fb180000)
  to   space 59904K, 0% used [0x00000000fc580000,0x00000000fc580000,0x0000000100000000)
 ParOldGen       total 168960K, used 119878K [0x0000000080c00000, 0x000000008b100000, 0x00000000d5980000)
  object space 168960K, 70% used [0x0000000080c00000,0x0000000088111bb8,0x000000008b100000)
 Metaspace       used 25074K, capacity 25804K, committed 25904K, reserved 1073152K
  class space    used 2865K, capacity 3035K, committed 3120K, reserved 1048576K
}
Event: 305.330 GC heap before
{Heap before GC invocations=22 (full 2):
 PSYoungGen      total 614400K, used 158760K [0x00000000d5980000, 0x0000000100000000, 0x0000000100000000)
  eden space 569344K, 19% used [0x00000000d5980000,0x00000000dc88d180,0x00000000f8580000)
  from space 45056K, 99% used [0x00000000f8580000,0x00000000fb17d010,0x00000000fb180000)
  to   space 59904K, 0% used [0x00000000fc580000,0x00000000fc580000,0x0000000100000000)
 ParOldGen       total 168960K, used 119878K [0x0000000080c00000, 0x000000008b100000, 0x00000000d5980000)
  object space 168960K, 70% used [0x0000000080c00000,0x0000000088111bb8,0x000000008b100000)
 Metaspace       used 27792K, capacity 28634K, committed 28848K, reserved 1075200K
  class space    used 3152K, capacity 3384K, committed 3504K, reserved 1048576K
Event: 305.345 GC heap after
Heap after GC invocations=22 (full 2):
 PSYoungGen      total 637952K, used 16296K [0x00000000d5980000, 0x0000000100000000, 0x0000000100000000)
  eden space 578048K, 0% used [0x00000000d5980000,0x00000000d5980000,0x00000000f8e00000)
  from space 59904K, 27% used [0x00000000fc580000,0x00000000fd56a170,0x0000000100000000)
  to   space 56832K, 0% used [0x00000000f8e00000,0x00000000f8e00000,0x00000000fc580000)
 ParOldGen       total 168960K, used 119886K [0x0000000080c00000, 0x000000008b100000, 0x00000000d5980000)
  object space 168960K, 70% used [0x0000000080c00000,0x0000000088113bb8,0x000000008b100000)
 Metaspace       used 27792K, capacity 28634K, committed 28848K, reserved 1075200K
  class space    used 3152K, capacity 3384K, committed 3504K, reserved 1048576K
}
Event: 305.345 GC heap before
{Heap before GC invocations=23 (full 3):
 PSYoungGen      total 637952K, used 16296K [0x00000000d5980000, 0x0000000100000000, 0x0000000100000000)
  eden space 578048K, 0% used [0x00000000d5980000,0x00000000d5980000,0x00000000f8e00000)
  from space 59904K, 27% used [0x00000000fc580000,0x00000000fd56a170,0x0000000100000000)
  to   space 56832K, 0% used [0x00000000f8e00000,0x00000000f8e00000,0x00000000fc580000)
 ParOldGen       total 168960K, used 119886K [0x0000000080c00000, 0x000000008b100000, 0x00000000d5980000)
  object space 168960K, 70% used [0x0000000080c00000,0x0000000088113bb8,0x000000008b100000)
 Metaspace       used 27792K, capacity 28634K, committed 28848K, reserved 1075200K
  class space    used 3152K, capacity 3384K, committed 3504K, reserved 1048576K

