# JRE version: Java(TM) SE Runtime Environment (8.0_45-b14) (build 1.8.0_45-b14)
# Java VM: Java HotSpot(TM) 64-Bit Server VM (25.45-b02 mixed mode windows-amd64 compressed oops)
Heap:
 PSYoungGen      total 673280K, used 673248K [0x00000000d5980000, 0x00000000fff00000, 0x0000000100000000)
  eden space 668160K, 100% used [0x00000000d5980000,0x00000000fe600000,0x00000000fe600000)
  from space 5120K, 99% used [0x00000000fe600000,0x00000000feaf8010,0x00000000feb00000)
  to   space 12800K, 16% used [0x00000000ff280000,0x00000000ff498030,0x00000000fff00000)
 ParOldGen       total 87552K, used 26786K [0x0000000080c00000, 0x0000000086180000, 0x00000000d5980000)
  object space 87552K, 30% used [0x0000000080c00000,0x0000000082628be8,0x0000000086180000)
 Metaspace       used 19356K, capacity 20032K, committed 20352K, reserved 1067008K
  class space    used 2207K, capacity 2387K, committed 2432K, reserved 1048576K
GC Heap History (10 events):
Event: 6.100 GC heap after
Heap after GC invocations=9 (full 0):
 PSYoungGen      total 279040K, used 5472K [0x00000000d5980000, 0x00000000f1280000, 0x0000000100000000)
  eden space 266240K, 0% used [0x00000000d5980000,0x00000000d5980000,0x00000000e5d80000)
  from space 12800K, 42% used [0x00000000e5d80000,0x00000000e62d8000,0x00000000e6a00000)
  to   space 12800K, 0% used [0x00000000f0600000,0x00000000f0600000,0x00000000f1280000)
 ParOldGen       total 87552K, used 19502K [0x0000000080c00000, 0x0000000086180000, 0x00000000d5980000)
  object space 87552K, 22% used [0x0000000080c00000,0x0000000081f0bbb8,0x0000000086180000)
 Metaspace       used 18767K, capacity 19394K, committed 19584K, reserved 1067008K
  class space    used 2170K, capacity 2350K, committed 2432K, reserved 1048576K
}
Event: 6.885 GC heap before
{Heap before GC invocations=10 (full 0):
 PSYoungGen      total 279040K, used 271712K [0x00000000d5980000, 0x00000000f1280000, 0x0000000100000000)
  eden space 266240K, 100% used [0x00000000d5980000,0x00000000e5d80000,0x00000000e5d80000)
  from space 12800K, 42% used [0x00000000e5d80000,0x00000000e62d8000,0x00000000e6a00000)
  to   space 12800K, 0% used [0x00000000f0600000,0x00000000f0600000,0x00000000f1280000)
 ParOldGen       total 87552K, used 19502K [0x0000000080c00000, 0x0000000086180000, 0x00000000d5980000)
  object space 87552K, 22% used [0x0000000080c00000,0x0000000081f0bbb8,0x0000000086180000)
 Metaspace       used 18905K, capacity 19534K, committed 19840K, reserved 1067008K
  class space    used 2180K, capacity 2352K, committed 2432K, reserved 1048576K
Event: 6.931 GC heap after
Heap after GC invocations=10 (full 0):
 PSYoungGen      total 438272K, used 2368K [0x00000000d5980000, 0x00000000f1380000, 0x0000000100000000)
  eden space 425472K, 0% used [0x00000000d5980000,0x00000000d5980000,0x00000000ef900000)
  from space 12800K, 18% used [0x00000000f0600000,0x00000000f0850000,0x00000000f1280000)
  to   space 13312K, 0% used [0x00000000ef900000,0x00000000ef900000,0x00000000f0600000)
 ParOldGen       total 87552K, used 22742K [0x0000000080c00000, 0x0000000086180000, 0x00000000d5980000)
  object space 87552K, 25% used [0x0000000080c00000,0x0000000082235bd8,0x0000000086180000)
 Metaspace       used 18905K, capacity 19534K, committed 19840K, reserved 1067008K
  class space    used 2180K, capacity 2352K, committed 2432K, reserved 1048576K
}
Event: 8.334 GC heap before
{Heap before GC invocations=11 (full 0):
 PSYoungGen      total 438272K, used 427840K [0x00000000d5980000, 0x00000000f1380000, 0x0000000100000000)
  eden space 425472K, 100% used [0x00000000d5980000,0x00000000ef900000,0x00000000ef900000)
  from space 12800K, 18% used [0x00000000f0600000,0x00000000f0850000,0x00000000f1280000)
  to   space 13312K, 0% used [0x00000000ef900000,0x00000000ef900000,0x00000000f0600000)
 ParOldGen       total 87552K, used 22742K [0x0000000080c00000, 0x0000000086180000, 0x00000000d5980000)
  object space 87552K, 25% used [0x0000000080c00000,0x0000000082235bd8,0x0000000086180000)
 Metaspace       used 18930K, capacity 19534K, committed 19840K, reserved 1067008K
  class space    used 2180K, capacity 2352K, committed 2432K, reserved 1048576K
Event: 8.350 GC heap after
Heap after GC invocations=11 (full 0):
 PSYoungGen      total 438784K, used 2272K [0x00000000d5980000, 0x0000000100000000, 0x0000000100000000)
  eden space 425472K, 0% used [0x00000000d5980000,0x00000000d5980000,0x00000000ef900000)
  from space 13312K, 17% used [0x00000000ef900000,0x00000000efb38000,0x00000000f0600000)
  to   space 13312K, 0% used [0x00000000ff300000,0x00000000ff300000,0x0000000100000000)
 ParOldGen       total 87552K, used 24334K [0x0000000080c00000, 0x0000000086180000, 0x00000000d5980000)
  object space 87552K, 27% used [0x0000000080c00000,0x00000000823c3bd8,0x0000000086180000)
 Metaspace       used 18930K, capacity 19534K, committed 19840K, reserved 1067008K
  class space    used 2180K, capacity 2352K, committed 2432K, reserved 1048576K
}
Event: 12.945 GC heap before
{Heap before GC invocations=12 (full 0):
 PSYoungGen      total 438784K, used 427744K [0x00000000d5980000, 0x0000000100000000, 0x0000000100000000)
  eden space 425472K, 100% used [0x00000000d5980000,0x00000000ef900000,0x00000000ef900000)
  from space 13312K, 17% used [0x00000000ef900000,0x00000000efb38000,0x00000000f0600000)
  to   space 13312K, 0% used [0x00000000ff300000,0x00000000ff300000,0x0000000100000000)
 ParOldGen       total 87552K, used 24334K [0x0000000080c00000, 0x0000000086180000, 0x00000000d5980000)
  object space 87552K, 27% used [0x0000000080c00000,0x00000000823c3bd8,0x0000000086180000)
 Metaspace       used 19052K, capacity 19738K, committed 20096K, reserved 1067008K
  class space    used 2191K, capacity 2354K, committed 2432K, reserved 1048576K
Event: 12.954 GC heap after
Heap after GC invocations=12 (full 0):
 PSYoungGen      total 681472K, used 3784K [0x00000000d5980000, 0x0000000100000000, 0x0000000100000000)
  eden space 668160K, 0% used [0x00000000d5980000,0x00000000d5980000,0x00000000fe600000)
  from space 13312K, 28% used [0x00000000ff300000,0x00000000ff6b2080,0x0000000100000000)
  to   space 13312K, 0% used [0x00000000fe600000,0x00000000fe600000,0x00000000ff300000)
 ParOldGen       total 87552K, used 25834K [0x0000000080c00000, 0x0000000086180000, 0x00000000d5980000)
  object space 87552K, 29% used [0x0000000080c00000,0x000000008253abe8,0x0000000086180000)
 Metaspace       used 19052K, capacity 19738K, committed 20096K, reserved 1067008K
  class space    used 2191K, capacity 2354K, committed 2432K, reserved 1048576K
}
Event: 13.980 GC heap before
{Heap before GC invocations=13 (full 0):
 PSYoungGen      total 681472K, used 671944K [0x00000000d5980000, 0x0000000100000000, 0x0000000100000000)
  eden space 668160K, 100% used [0x00000000d5980000,0x00000000fe600000,0x00000000fe600000)
  from space 13312K, 28% used [0x00000000ff300000,0x00000000ff6b2080,0x0000000100000000)
  to   space 13312K, 0% used [0x00000000fe600000,0x00000000fe600000,0x00000000ff300000)
 ParOldGen       total 87552K, used 25834K [0x0000000080c00000, 0x0000000086180000, 0x00000000d5980000)
  object space 87552K, 29% used [0x0000000080c00000,0x000000008253abe8,0x0000000086180000)
 Metaspace       used 19175K, capacity 19834K, committed 20096K, reserved 1067008K
  class space    used 2199K, capacity 2386K, committed 2432K, reserved 1048576K
Event: 13.991 GC heap after
Heap after GC invocations=13 (full 0):
 PSYoungGen      total 673280K, used 5088K [0x00000000d5980000, 0x00000000fff00000, 0x0000000100000000)
  eden space 668160K, 0% used [0x00000000d5980000,0x00000000d5980000,0x00000000fe600000)
  from space 5120K, 99% used [0x00000000fe600000,0x00000000feaf8010,0x00000000feb00000)
  to   space 12800K, 0% used [0x00000000ff280000,0x00000000ff280000,0x00000000fff00000)
 ParOldGen       total 87552K, used 26762K [0x0000000080c00000, 0x0000000086180000, 0x00000000d5980000)
  object space 87552K, 30% used [0x0000000080c00000,0x0000000082622be8,0x0000000086180000)
 Metaspace       used 19175K, capacity 19834K, committed 20096K, reserved 1067008K
  class space    used 2199K, capacity 2386K, committed 2432K, reserved 1048576K
}
Event: 16.474 GC heap before
{Heap before GC invocations=14 (full 0):
 PSYoungGen      total 673280K, used 673248K [0x00000000d5980000, 0x00000000fff00000, 0x0000000100000000)
  eden space 668160K, 100% used [0x00000000d5980000,0x00000000fe600000,0x00000000fe600000)
  from space 5120K, 99% used [0x00000000fe600000,0x00000000feaf8010,0x00000000feb00000)
  to   space 12800K, 0% used [0x00000000ff280000,0x00000000ff280000,0x00000000fff00000)
 ParOldGen       total 87552K, used 26762K [0x0000000080c00000, 0x0000000086180000, 0x00000000d5980000)
  object space 87552K, 30% used [0x0000000080c00000,0x0000000082622be8,0x0000000086180000)
 Metaspace       used 19356K, capacity 20032K, committed 20352K, reserved 1067008K
  class space    used 2207K, capacity 2387K, committed 2432K, reserved 1048576K

