# JRE version: Java(TM) SE Runtime Environment (8.0_45-b14) (build 1.8.0_45-b14)
# Java VM: Java HotSpot(TM) 64-Bit Server VM (25.45-b02 mixed mode windows-amd64 compressed oops)
Heap:
 PSYoungGen      total 667136K, used 572851K [0x00000000d5980000, 0x0000000100000000, 0x0000000100000000)
  eden space 639488K, 89% used [0x00000000d5980000,0x00000000f88ecdc0,0x00000000fca00000)
  from space 27648K, 0% used [0x00000000fca00000,0x00000000fca00000,0x00000000fe500000)
  to   space 27648K, 0% used [0x00000000fe500000,0x00000000fe500000,0x0000000100000000)
 ParOldGen       total 162304K, used 86211K [0x0000000080c00000, 0x000000008aa80000, 0x00000000d5980000)
  object space 162304K, 53% used [0x0000000080c00000,0x0000000086030dd0,0x000000008aa80000)
 Metaspace       used 19375K, capacity 20036K, committed 20352K, reserved 1067008K
  class space    used 2210K, capacity 2387K, committed 2432K, reserved 1048576K
GC Heap History (10 events):
Event: 13.396 GC heap before
{Heap before GC invocations=12 (full 0):
 PSYoungGen      total 437248K, used 427424K [0x00000000d5980000, 0x0000000100000000, 0x0000000100000000)
  eden space 423936K, 100% used [0x00000000d5980000,0x00000000ef780000,0x00000000ef780000)
  from space 13312K, 26% used [0x00000000ef780000,0x00000000efae8000,0x00000000f0480000)
  to   space 13312K, 0% used [0x00000000ff300000,0x00000000ff300000,0x0000000100000000)
 ParOldGen       total 87552K, used 25254K [0x0000000080c00000, 0x0000000086180000, 0x00000000d5980000)
  object space 87552K, 28% used [0x0000000080c00000,0x00000000824a9a00,0x0000000086180000)
 Metaspace       used 19127K, capacity 19838K, committed 20096K, reserved 1067008K
  class space    used 2199K, capacity 2386K, committed 2432K, reserved 1048576K
Event: 13.428 GC heap after
Heap after GC invocations=12 (full 0):
 PSYoungGen      total 681472K, used 3928K [0x00000000d5980000, 0x0000000100000000, 0x0000000100000000)
  eden space 668160K, 0% used [0x00000000d5980000,0x00000000d5980000,0x00000000fe600000)
  from space 13312K, 29% used [0x00000000ff300000,0x00000000ff6d6070,0x0000000100000000)
  to   space 13312K, 0% used [0x00000000fe600000,0x00000000fe600000,0x00000000ff300000)
 ParOldGen       total 87552K, used 26778K [0x0000000080c00000, 0x0000000086180000, 0x00000000d5980000)
  object space 87552K, 30% used [0x0000000080c00000,0x0000000082626a10,0x0000000086180000)
 Metaspace       used 19127K, capacity 19838K, committed 20096K, reserved 1067008K
  class space    used 2199K, capacity 2386K, committed 2432K, reserved 1048576K
}
Event: 14.141 GC heap before
{Heap before GC invocations=13 (full 0):
 PSYoungGen      total 681472K, used 672088K [0x00000000d5980000, 0x0000000100000000, 0x0000000100000000)
  eden space 668160K, 100% used [0x00000000d5980000,0x00000000fe600000,0x00000000fe600000)
  from space 13312K, 29% used [0x00000000ff300000,0x00000000ff6d6070,0x0000000100000000)
  to   space 13312K, 0% used [0x00000000fe600000,0x00000000fe600000,0x00000000ff300000)
 ParOldGen       total 87552K, used 26778K [0x0000000080c00000, 0x0000000086180000, 0x00000000d5980000)
  object space 87552K, 30% used [0x0000000080c00000,0x0000000082626a10,0x0000000086180000)
 Metaspace       used 19152K, capacity 19838K, committed 20096K, reserved 1067008K
  class space    used 2199K, capacity 2386K, committed 2432K, reserved 1048576K
Event: 14.149 GC heap after
Heap after GC invocations=13 (full 0):
 PSYoungGen      total 681472K, used 4704K [0x00000000d5980000, 0x0000000100000000, 0x0000000100000000)
  eden space 668160K, 0% used [0x00000000d5980000,0x00000000d5980000,0x00000000fe600000)
  from space 13312K, 35% used [0x00000000fe600000,0x00000000fea98010,0x00000000ff300000)
  to   space 13312K, 0% used [0x00000000ff300000,0x00000000ff300000,0x0000000100000000)
 ParOldGen       total 87552K, used 27882K [0x0000000080c00000, 0x0000000086180000, 0x00000000d5980000)
  object space 87552K, 31% used [0x0000000080c00000,0x000000008273aa10,0x0000000086180000)
 Metaspace       used 19152K, capacity 19838K, committed 20096K, reserved 1067008K
  class space    used 2199K, capacity 2386K, committed 2432K, reserved 1048576K
}
Event: 17.160 GC heap before
{Heap before GC invocations=14 (full 0):
 PSYoungGen      total 681472K, used 672864K [0x00000000d5980000, 0x0000000100000000, 0x0000000100000000)
  eden space 668160K, 100% used [0x00000000d5980000,0x00000000fe600000,0x00000000fe600000)
  from space 13312K, 35% used [0x00000000fe600000,0x00000000fea98010,0x00000000ff300000)
  to   space 13312K, 0% used [0x00000000ff300000,0x00000000ff300000,0x0000000100000000)
 ParOldGen       total 87552K, used 27882K [0x0000000080c00000, 0x0000000086180000, 0x00000000d5980000)
  object space 87552K, 31% used [0x0000000080c00000,0x000000008273aa10,0x0000000086180000)
 Metaspace       used 19342K, capacity 20036K, committed 20352K, reserved 1067008K
  class space    used 2207K, capacity 2387K, committed 2432K, reserved 1048576K
Event: 17.196 GC heap after
Heap after GC invocations=14 (full 0):
 PSYoungGen      total 652800K, used 13285K [0x00000000d5980000, 0x0000000100000000, 0x0000000100000000)
  eden space 639488K, 0% used [0x00000000d5980000,0x00000000d5980000,0x00000000fca00000)
  from space 13312K, 99% used [0x00000000ff300000,0x00000000ffff9408,0x0000000100000000)
  to   space 27648K, 0% used [0x00000000fca00000,0x00000000fca00000,0x00000000fe500000)
 ParOldGen       total 87552K, used 61826K [0x0000000080c00000, 0x0000000086180000, 0x00000000d5980000)
  object space 87552K, 70% used [0x0000000080c00000,0x0000000084860b20,0x0000000086180000)
 Metaspace       used 19342K, capacity 20036K, committed 20352K, reserved 1067008K
  class space    used 2207K, capacity 2387K, committed 2432K, reserved 1048576K
}
Event: 20.875 GC heap before
{Heap before GC invocations=15 (full 0):
 PSYoungGen      total 652800K, used 652773K [0x00000000d5980000, 0x0000000100000000, 0x0000000100000000)
  eden space 639488K, 100% used [0x00000000d5980000,0x00000000fca00000,0x00000000fca00000)
  from space 13312K, 99% used [0x00000000ff300000,0x00000000ffff9408,0x0000000100000000)
  to   space 27648K, 0% used [0x00000000fca00000,0x00000000fca00000,0x00000000fe500000)
 ParOldGen       total 87552K, used 61826K [0x0000000080c00000, 0x0000000086180000, 0x00000000d5980000)
  object space 87552K, 70% used [0x0000000080c00000,0x0000000084860b20,0x0000000086180000)
 Metaspace       used 19349K, capacity 20036K, committed 20352K, reserved 1067008K
  class space    used 2207K, capacity 2387K, committed 2432K, reserved 1048576K
Event: 20.924 GC heap after
Heap after GC invocations=15 (full 0):
 PSYoungGen      total 667136K, used 27637K [0x00000000d5980000, 0x0000000100000000, 0x0000000100000000)
  eden space 639488K, 0% used [0x00000000d5980000,0x00000000d5980000,0x00000000fca00000)
  from space 27648K, 99% used [0x00000000fca00000,0x00000000fe4fd428,0x00000000fe500000)
  to   space 27648K, 0% used [0x00000000fe500000,0x00000000fe500000,0x0000000100000000)
 ParOldGen       total 105984K, used 105690K [0x0000000080c00000, 0x0000000087380000, 0x00000000d5980000)
  object space 105984K, 99% used [0x0000000080c00000,0x0000000087336b18,0x0000000087380000)
 Metaspace       used 19349K, capacity 20036K, committed 20352K, reserved 1067008K
  class space    used 2207K, capacity 2387K, committed 2432K, reserved 1048576K
}
Event: 20.924 GC heap before
{Heap before GC invocations=16 (full 1):
 PSYoungGen      total 667136K, used 27637K [0x00000000d5980000, 0x0000000100000000, 0x0000000100000000)
  eden space 639488K, 0% used [0x00000000d5980000,0x00000000d5980000,0x00000000fca00000)
  from space 27648K, 99% used [0x00000000fca00000,0x00000000fe4fd428,0x00000000fe500000)
  to   space 27648K, 0% used [0x00000000fe500000,0x00000000fe500000,0x0000000100000000)
 ParOldGen       total 105984K, used 105690K [0x0000000080c00000, 0x0000000087380000, 0x00000000d5980000)
  object space 105984K, 99% used [0x0000000080c00000,0x0000000087336b18,0x0000000087380000)
 Metaspace       used 19349K, capacity 20036K, committed 20352K, reserved 1067008K
  class space    used 2207K, capacity 2387K, committed 2432K, reserved 1048576K
Event: 21.137 GC heap after
Heap after GC invocations=16 (full 1):
 PSYoungGen      total 667136K, used 0K [0x00000000d5980000, 0x0000000100000000, 0x0000000100000000)
  eden space 639488K, 0% used [0x00000000d5980000,0x00000000d5980000,0x00000000fca00000)
  from space 27648K, 0% used [0x00000000fca00000,0x00000000fca00000,0x00000000fe500000)
  to   space 27648K, 0% used [0x00000000fe500000,0x00000000fe500000,0x0000000100000000)
 ParOldGen       total 162304K, used 86211K [0x0000000080c00000, 0x000000008aa80000, 0x00000000d5980000)
  object space 162304K, 53% used [0x0000000080c00000,0x0000000086030dd0,0x000000008aa80000)
 Metaspace       used 19349K, capacity 20036K, committed 20352K, reserved 1067008K
  class space    used 2207K, capacity 2387K, committed 2432K, reserved 1048576K
}

