# JRE version: Java(TM) SE Runtime Environment (8.0_45-b14) (build 1.8.0_45-b14)
# Java VM: Java HotSpot(TM) 64-Bit Server VM (25.45-b02 mixed mode windows-amd64 compressed oops)
Heap:
 PSYoungGen      total 437248K, used 45499K [0x00000000d5980000, 0x0000000100000000, 0x0000000100000000)
  eden space 423936K, 9% used [0x00000000d5980000,0x00000000d82dad68,0x00000000ef780000)
  from space 13312K, 23% used [0x00000000ef780000,0x00000000efa94010,0x00000000f0480000)
  to   space 13312K, 0% used [0x00000000ff300000,0x00000000ff300000,0x0000000100000000)
 ParOldGen       total 87552K, used 24317K [0x0000000080c00000, 0x0000000086180000, 0x00000000d5980000)
  object space 87552K, 27% used [0x0000000080c00000,0x00000000823bf640,0x0000000086180000)
 Metaspace       used 18931K, capacity 19602K, committed 19840K, reserved 1067008K
  class space    used 2183K, capacity 2352K, committed 2432K, reserved 1048576K
GC Heap History (10 events):
Event: 4.511 GC heap before
{Heap before GC invocations=7 (full 0):
 PSYoungGen      total 142336K, used 141084K [0x00000000d5980000, 0x00000000def80000, 0x0000000100000000)
  eden space 132608K, 100% used [0x00000000d5980000,0x00000000ddb00000,0x00000000ddb00000)
  from space 9728K, 87% used [0x00000000de500000,0x00000000ded47020,0x00000000dee80000)
  to   space 10240K, 0% used [0x00000000ddb00000,0x00000000ddb00000,0x00000000de500000)
 ParOldGen       total 87552K, used 10436K [0x0000000080c00000, 0x0000000086180000, 0x00000000d5980000)
  object space 87552K, 11% used [0x0000000080c00000,0x0000000081631188,0x0000000086180000)
 Metaspace       used 18492K, capacity 19124K, committed 19328K, reserved 1067008K
  class space    used 2170K, capacity 2347K, committed 2432K, reserved 1048576K
Event: 4.533 GC heap after
Heap after GC invocations=7 (full 0):
 PSYoungGen      total 142848K, used 10232K [0x00000000d5980000, 0x00000000e7580000, 0x0000000100000000)
  eden space 132608K, 0% used [0x00000000d5980000,0x00000000d5980000,0x00000000ddb00000)
  from space 10240K, 99% used [0x00000000ddb00000,0x00000000de4fe2e0,0x00000000de500000)
  to   space 12800K, 0% used [0x00000000e6900000,0x00000000e6900000,0x00000000e7580000)
 ParOldGen       total 87552K, used 13609K [0x0000000080c00000, 0x0000000086180000, 0x00000000d5980000)
  object space 87552K, 15% used [0x0000000080c00000,0x000000008194a610,0x0000000086180000)
 Metaspace       used 18492K, capacity 19124K, committed 19328K, reserved 1067008K
  class space    used 2170K, capacity 2347K, committed 2432K, reserved 1048576K
}
Event: 5.134 GC heap before
{Heap before GC invocations=8 (full 0):
 PSYoungGen      total 142848K, used 142840K [0x00000000d5980000, 0x00000000e7580000, 0x0000000100000000)
  eden space 132608K, 100% used [0x00000000d5980000,0x00000000ddb00000,0x00000000ddb00000)
  from space 10240K, 99% used [0x00000000ddb00000,0x00000000de4fe2e0,0x00000000de500000)
  to   space 12800K, 0% used [0x00000000e6900000,0x00000000e6900000,0x00000000e7580000)
 ParOldGen       total 87552K, used 13609K [0x0000000080c00000, 0x0000000086180000, 0x00000000d5980000)
  object space 87552K, 15% used [0x0000000080c00000,0x000000008194a610,0x0000000086180000)
 Metaspace       used 18650K, capacity 19316K, committed 19584K, reserved 1067008K
  class space    used 2170K, capacity 2347K, committed 2432K, reserved 1048576K
Event: 5.150 GC heap after
Heap after GC invocations=8 (full 0):
 PSYoungGen      total 278016K, used 9248K [0x00000000d5980000, 0x00000000e7580000, 0x0000000100000000)
  eden space 265216K, 0% used [0x00000000d5980000,0x00000000d5980000,0x00000000e5c80000)
  from space 12800K, 72% used [0x00000000e6900000,0x00000000e7208000,0x00000000e7580000)
  to   space 12800K, 0% used [0x00000000e5c80000,0x00000000e5c80000,0x00000000e6900000)
 ParOldGen       total 87552K, used 15105K [0x0000000080c00000, 0x0000000086180000, 0x00000000d5980000)
  object space 87552K, 17% used [0x0000000080c00000,0x0000000081ac0610,0x0000000086180000)
 Metaspace       used 18650K, capacity 19316K, committed 19584K, reserved 1067008K
  class space    used 2170K, capacity 2347K, committed 2432K, reserved 1048576K
}
Event: 6.001 GC heap before
{Heap before GC invocations=9 (full 0):
 PSYoungGen      total 278016K, used 274464K [0x00000000d5980000, 0x00000000e7580000, 0x0000000100000000)
  eden space 265216K, 100% used [0x00000000d5980000,0x00000000e5c80000,0x00000000e5c80000)
  from space 12800K, 72% used [0x00000000e6900000,0x00000000e7208000,0x00000000e7580000)
  to   space 12800K, 0% used [0x00000000e5c80000,0x00000000e5c80000,0x00000000e6900000)
 ParOldGen       total 87552K, used 15105K [0x0000000080c00000, 0x0000000086180000, 0x00000000d5980000)
  object space 87552K, 17% used [0x0000000080c00000,0x0000000081ac0610,0x0000000086180000)
 Metaspace       used 18766K, capacity 19398K, committed 19584K, reserved 1067008K
  class space    used 2173K, capacity 2350K, committed 2432K, reserved 1048576K
Event: 6.032 GC heap after
Heap after GC invocations=9 (full 0):
 PSYoungGen      total 278016K, used 5856K [0x00000000d5980000, 0x00000000f1100000, 0x0000000100000000)
  eden space 265216K, 0% used [0x00000000d5980000,0x00000000d5980000,0x00000000e5c80000)
  from space 12800K, 45% used [0x00000000e5c80000,0x00000000e6238000,0x00000000e6900000)
  to   space 12800K, 0% used [0x00000000f0480000,0x00000000f0480000,0x00000000f1100000)
 ParOldGen       total 87552K, used 19489K [0x0000000080c00000, 0x0000000086180000, 0x00000000d5980000)
  object space 87552K, 22% used [0x0000000080c00000,0x0000000081f08610,0x0000000086180000)
 Metaspace       used 18766K, capacity 19398K, committed 19584K, reserved 1067008K
  class space    used 2173K, capacity 2350K, committed 2432K, reserved 1048576K
}
Event: 6.877 GC heap before
{Heap before GC invocations=10 (full 0):
 PSYoungGen      total 278016K, used 271072K [0x00000000d5980000, 0x00000000f1100000, 0x0000000100000000)
  eden space 265216K, 100% used [0x00000000d5980000,0x00000000e5c80000,0x00000000e5c80000)
  from space 12800K, 45% used [0x00000000e5c80000,0x00000000e6238000,0x00000000e6900000)
  to   space 12800K, 0% used [0x00000000f0480000,0x00000000f0480000,0x00000000f1100000)
 ParOldGen       total 87552K, used 19489K [0x0000000080c00000, 0x0000000086180000, 0x00000000d5980000)
  object space 87552K, 22% used [0x0000000080c00000,0x0000000081f08610,0x0000000086180000)
 Metaspace       used 18903K, capacity 19538K, committed 19840K, reserved 1067008K
  class space    used 2182K, capacity 2352K, committed 2432K, reserved 1048576K
Event: 6.898 GC heap after
Heap after GC invocations=10 (full 0):
 PSYoungGen      total 436736K, used 3552K [0x00000000d5980000, 0x00000000f1200000, 0x0000000100000000)
  eden space 423936K, 0% used [0x00000000d5980000,0x00000000d5980000,0x00000000ef780000)
  from space 12800K, 27% used [0x00000000f0480000,0x00000000f07f8000,0x00000000f1100000)
  to   space 13312K, 0% used [0x00000000ef780000,0x00000000ef780000,0x00000000f0480000)
 ParOldGen       total 87552K, used 22725K [0x0000000080c00000, 0x0000000086180000, 0x00000000d5980000)
  object space 87552K, 25% used [0x0000000080c00000,0x0000000082231640,0x0000000086180000)
 Metaspace       used 18903K, capacity 19538K, committed 19840K, reserved 1067008K
  class space    used 2182K, capacity 2352K, committed 2432K, reserved 1048576K
}
Event: 8.263 GC heap before
{Heap before GC invocations=11 (full 0):
 PSYoungGen      total 436736K, used 427488K [0x00000000d5980000, 0x00000000f1200000, 0x0000000100000000)
  eden space 423936K, 100% used [0x00000000d5980000,0x00000000ef780000,0x00000000ef780000)
  from space 12800K, 27% used [0x00000000f0480000,0x00000000f07f8000,0x00000000f1100000)
  to   space 13312K, 0% used [0x00000000ef780000,0x00000000ef780000,0x00000000f0480000)
 ParOldGen       total 87552K, used 22725K [0x0000000080c00000, 0x0000000086180000, 0x00000000d5980000)
  object space 87552K, 25% used [0x0000000080c00000,0x0000000082231640,0x0000000086180000)
 Metaspace       used 18931K, capacity 19602K, committed 19840K, reserved 1067008K
  class space    used 2183K, capacity 2352K, committed 2432K, reserved 1048576K
Event: 8.295 GC heap after
Heap after GC invocations=11 (full 0):
 PSYoungGen      total 437248K, used 3152K [0x00000000d5980000, 0x0000000100000000, 0x0000000100000000)
  eden space 423936K, 0% used [0x00000000d5980000,0x00000000d5980000,0x00000000ef780000)
  from space 13312K, 23% used [0x00000000ef780000,0x00000000efa94010,0x00000000f0480000)
  to   space 13312K, 0% used [0x00000000ff300000,0x00000000ff300000,0x0000000100000000)
 ParOldGen       total 87552K, used 24317K [0x0000000080c00000, 0x0000000086180000, 0x00000000d5980000)
  object space 87552K, 27% used [0x0000000080c00000,0x00000000823bf640,0x0000000086180000)
 Metaspace       used 18931K, capacity 19602K, committed 19840K, reserved 1067008K
  class space    used 2183K, capacity 2352K, committed 2432K, reserved 1048576K
}

